#
# There is insufficient memory for the Java Runtime Environment to continue.
# Native memory allocation (malloc) failed to allocate 32744 bytes for ChunkPool::allocate
# Possible reasons:
#   The system is out of physical RAM or swap space
#   In 32 bit mode, the process size limit was hit
# Possible solutions:
#   Reduce memory load on the system
#   Increase physical memory or swap space
#   Check if swap backing store is full
#   Use 64 bit Java on a 64 bit OS
#   Decrease Java heap size (-Xmx/-Xms)
#   Decrease number of Java threads
#   Decrease Java thread stack sizes (-Xss)
#   Set larger code cache with -XX:ReservedCodeCacheSize=
# This output file may be truncated or incomplete.
#
#  Out of Memory Error (allocation.cpp:273), pid=4768, tid=0x0000000000000afc
#
# JRE version: Java(TM) SE Runtime Environment (8.0_191-b12) (build 1.8.0_191-b12)
# Java VM: Java HotSpot(TM) 64-Bit Server VM (25.191-b12 mixed mode windows-amd64 compressed oops)
# Failed to write core dump. Minidumps are not enabled by default on client versions of Windows
#

---------------  T H R E A D  ---------------

Current thread (0x0000000018a3a800):  JavaThread "C2 CompilerThread1" daemon [_thread_in_native, id=2812, stack(0x0000000018fa0000,0x00000000190a0000)]

Stack: [0x0000000018fa0000,0x00000000190a0000]
[error occurred during error reporting (printing stack bounds), id 0xc0000005]

Native frames: (J=compiled Java code, j=interpreted, Vv=VM code, C=native code)


Current CompileTask:
C2:  14785 3913   !   4       org.springframework.core.annotation.AnnotatedElementUtils::searchWithFindSemantics (697 bytes)


---------------  P R O C E S S  ---------------

Java Threads: ( => current thread )
  0x000000001a213000 JavaThread "DestroyJavaVM" [_thread_blocked, id=12728, stack(0x0000000004690000,0x0000000004790000)]
  0x000000001a20d800 JavaThread "http-nio-8888-AsyncTimeout" daemon [_thread_blocked, id=8452, stack(0x0000000020c70000,0x0000000020d70000)]
  0x000000001a20c800 JavaThread "http-nio-8888-Acceptor-0" daemon [_thread_in_native, id=1208, stack(0x0000000020b70000,0x0000000020c70000)]
  0x000000001a212000 JavaThread "http-nio-8888-ClientPoller-1" daemon [_thread_in_native, id=10644, stack(0x0000000020a70000,0x0000000020b70000)]
  0x000000001a211000 JavaThread "http-nio-8888-ClientPoller-0" daemon [_thread_in_native, id=7088, stack(0x0000000020970000,0x0000000020a70000)]
  0x000000001a213800 JavaThread "http-nio-8888-exec-10" daemon [_thread_blocked, id=5072, stack(0x0000000020870000,0x0000000020970000)]
  0x000000001a20f800 JavaThread "http-nio-8888-exec-9" daemon [_thread_blocked, id=4420, stack(0x0000000020770000,0x0000000020870000)]
  0x000000001a210800 JavaThread "http-nio-8888-exec-8" daemon [_thread_blocked, id=8568, stack(0x0000000020670000,0x0000000020770000)]
  0x000000001a20e000 JavaThread "http-nio-8888-exec-7" daemon [_thread_blocked, id=452, stack(0x0000000020570000,0x0000000020670000)]
  0x000000001d9a7000 JavaThread "http-nio-8888-exec-6" daemon [_thread_blocked, id=4108, stack(0x0000000020470000,0x0000000020570000)]
  0x000000001d9ae000 JavaThread "http-nio-8888-exec-5" daemon [_thread_blocked, id=2852, stack(0x0000000020370000,0x0000000020470000)]
  0x000000001d9aa000 JavaThread "http-nio-8888-exec-4" daemon [_thread_blocked, id=8668, stack(0x0000000020270000,0x0000000020370000)]
  0x000000001d9ad000 JavaThread "http-nio-8888-exec-3" daemon [_thread_blocked, id=1116, stack(0x0000000020170000,0x0000000020270000)]
  0x000000001d9a9800 JavaThread "http-nio-8888-exec-2" daemon [_thread_blocked, id=10460, stack(0x0000000020070000,0x0000000020170000)]
  0x000000001d9a8000 JavaThread "http-nio-8888-exec-1" daemon [_thread_blocked, id=4172, stack(0x000000001ff70000,0x0000000020070000)]
  0x000000001d9a8800 JavaThread "NioBlockingSelector.BlockPoller-1" daemon [_thread_in_native, id=10836, stack(0x000000001fe70000,0x000000001ff70000)]
  0x000000001c7d3800 JavaThread "container-0" [_thread_blocked, id=6088, stack(0x000000001f770000,0x000000001f870000)]
  0x000000001da36000 JavaThread "ContainerBackgroundProcessor[StandardEngine[Tomcat]]" daemon [_thread_blocked, id=5080, stack(0x000000001f670000,0x000000001f770000)]
  0x000000001dee8800 JavaThread "localhost-startStop-1" daemon [_thread_blocked, id=9024, stack(0x000000001f570000,0x000000001f670000)]
  0x000000001de8d800 JavaThread "Tomcat-startStop-1" daemon [_thread_blocked, id=4764, stack(0x000000001cff0000,0x000000001d0f0000)]
  0x0000000018ab0800 JavaThread "Service Thread" daemon [_thread_blocked, id=2040, stack(0x00000000191a0000,0x00000000192a0000)]
  0x0000000018a3c800 JavaThread "C1 CompilerThread2" daemon [_thread_blocked, id=8380, stack(0x00000000190a0000,0x00000000191a0000)]
=>0x0000000018a3a800 JavaThread "C2 CompilerThread1" daemon [_thread_in_native, id=2812, stack(0x0000000018fa0000,0x00000000190a0000)]
  0x0000000018a39800 JavaThread "C2 CompilerThread0" daemon [_thread_in_native, id=5028, stack(0x0000000018ea0000,0x0000000018fa0000)]
  0x0000000018a18000 JavaThread "Monitor Ctrl-Break" daemon [_thread_in_native, id=10316, stack(0x0000000018da0000,0x0000000018ea0000)]
  0x000000001736c000 JavaThread "Attach Listener" daemon [_thread_blocked, id=7296, stack(0x0000000018ca0000,0x0000000018da0000)]
  0x0000000017352000 JavaThread "Signal Dispatcher" daemon [_thread_blocked, id=10860, stack(0x0000000018ba0000,0x0000000018ca0000)]
  0x000000001732f000 JavaThread "Finalizer" daemon [_thread_blocked, id=12984, stack(0x00000000185a0000,0x00000000186a0000)]
  0x0000000004d94800 JavaThread "Reference Handler" daemon [_thread_blocked, id=12196, stack(0x00000000184a0000,0x00000000185a0000)]

Other Threads:
  0x0000000017307800 VMThread [stack: 0x00000000183a0000,0x00000000184a0000] [id=2508]
  0x00000000192a2800 WatcherThread [stack: 0x0000000019aa0000,0x0000000019ba0000] [id=8168]

VM state:not at safepoint (normal execution)

VM Mutex/Monitor currently owned by a thread: None

Heap:
 PSYoungGen      total 152576K, used 77675K [0x00000000eb580000, 0x00000000f5f80000, 0x0000000100000000)
  eden space 136192K, 57% used [0x00000000eb580000,0x00000000f015aea8,0x00000000f3a80000)
  from space 16384K, 0% used [0x00000000f4980000,0x00000000f4980000,0x00000000f5980000)
  to   space 15360K, 0% used [0x00000000f3a80000,0x00000000f3a80000,0x00000000f4980000)
 ParOldGen       total 58368K, used 20988K [0x00000000c2000000, 0x00000000c5900000, 0x00000000eb580000)
  object space 58368K, 35% used [0x00000000c2000000,0x00000000c347f280,0x00000000c5900000)
 Metaspace       used 37205K, capacity 38540K, committed 38616K, reserved 1083392K
  class space    used 4817K, capacity 5064K, committed 5080K, reserved 1048576K

Card table byte_map: [0x0000000014160000,0x0000000014360000] byte_map_base: 0x0000000013b50000

Marking Bits: (ParMarkBitMap*) 0x000000006dbb3e30
 Begin Bits: [0x00000000148b0000, 0x0000000015830000)
 End Bits:   [0x0000000015830000, 0x00000000167b0000)

Polling page: 0x00000000005f0000

CodeCache: size=245760Kb used=14248Kb max_used=14248Kb free=231511Kb
 bounds [0x0000000004da0000, 0x0000000005ba0000, 0x0000000013da0000]
 total_blobs=4256 nmethods=3827 adapters=341
 compilation: enabled

Compilation events (10 events):
Event: 13.877 Thread 0x0000000018a3c800 4293       2       java.util.concurrent.ConcurrentHashMap::addCount (292 bytes)
Event: 13.878 Thread 0x0000000018a3c800 nmethod 4293 0x0000000005b92190 code [0x0000000005b92340, 0x0000000005b92838]
Event: 13.878 Thread 0x0000000018a3c800 4294   !   2       java.util.concurrent.ConcurrentHashMap::replaceNode (416 bytes)
Event: 13.881 Thread 0x0000000018a3c800 nmethod 4294 0x0000000005b92b90 code [0x0000000005b92dc0, 0x0000000005b93a48]
Event: 13.881 Thread 0x0000000018a3c800 4289       2       java.util.Calendar::getDisplayName (154 bytes)
Event: 13.882 Thread 0x0000000018a3c800 nmethod 4289 0x0000000005b94790 code [0x0000000005b94980, 0x0000000005b94ee8]
Event: 13.882 Thread 0x0000000018a3c800 4290       2       java.util.Calendar::checkDisplayNameParams (61 bytes)
Event: 13.882 Thread 0x0000000018a3c800 nmethod 4290 0x0000000005b95310 code [0x0000000005b95480, 0x0000000005b95778]
Event: 13.885 Thread 0x0000000018a3c800 4295       1       sun.util.calendar.CalendarDate::getYear (5 bytes)
Event: 13.885 Thread 0x0000000018a3c800 nmethod 4295 0x0000000005b95950 code [0x0000000005b95aa0, 0x0000000005b95bb0]

GC Heap History (10 events):
Event: 6.647 GC heap before
{Heap before GC invocations=8 (full 1):
 PSYoungGen      total 69120K, used 62464K [0x00000000eb580000, 0x00000000f0280000, 0x0000000100000000)
  eden space 62464K, 100% used [0x00000000eb580000,0x00000000ef280000,0x00000000ef280000)
  from space 6656K, 0% used [0x00000000efa00000,0x00000000efa00000,0x00000000f0080000)
  to   space 7680K, 0% used [0x00000000ef280000,0x00000000ef280000,0x00000000efa00000)
 ParOldGen       total 33792K, used 7582K [0x00000000c2000000, 0x00000000c4100000, 0x00000000eb580000)
  object space 33792K, 22% used [0x00000000c2000000,0x00000000c2767948,0x00000000c4100000)
 Metaspace       used 24291K, capacity 24958K, committed 25088K, reserved 1071104K
  class space    used 3125K, capacity 3313K, committed 3328K, reserved 1048576K
Event: 6.691 GC heap after
Heap after GC invocations=8 (full 1):
 PSYoungGen      total 70144K, used 7667K [0x00000000eb580000, 0x00000000f2c80000, 0x0000000100000000)
  eden space 62464K, 0% used [0x00000000eb580000,0x00000000eb580000,0x00000000ef280000)
  from space 7680K, 99% used [0x00000000ef280000,0x00000000ef9fcce0,0x00000000efa00000)
  to   space 9728K, 0% used [0x00000000f2300000,0x00000000f2300000,0x00000000f2c80000)
 ParOldGen       total 33792K, used 9810K [0x00000000c2000000, 0x00000000c4100000, 0x00000000eb580000)
  object space 33792K, 29% used [0x00000000c2000000,0x00000000c2994a88,0x00000000c4100000)
 Metaspace       used 24291K, capacity 24958K, committed 25088K, reserved 1071104K
  class space    used 3125K, capacity 3313K, committed 3328K, reserved 1048576K
}
Event: 8.790 GC heap before
{Heap before GC invocations=9 (full 1):
 PSYoungGen      total 70144K, used 70131K [0x00000000eb580000, 0x00000000f2c80000, 0x0000000100000000)
  eden space 62464K, 100% used [0x00000000eb580000,0x00000000ef280000,0x00000000ef280000)
  from space 7680K, 99% used [0x00000000ef280000,0x00000000ef9fcce0,0x00000000efa00000)
  to   space 9728K, 0% used [0x00000000f2300000,0x00000000f2300000,0x00000000f2c80000)
 ParOldGen       total 33792K, used 9810K [0x00000000c2000000, 0x00000000c4100000, 0x00000000eb580000)
  object space 33792K, 29% used [0x00000000c2000000,0x00000000c2994a88,0x00000000c4100000)
 Metaspace       used 28654K, capacity 29728K, committed 29824K, reserved 1075200K
  class space    used 3703K, capacity 3924K, committed 3968K, reserved 1048576K
Event: 8.806 GC heap after
Heap after GC invocations=9 (full 1):
 PSYoungGen      total 109568K, used 9705K [0x00000000eb580000, 0x00000000f2f80000, 0x0000000100000000)
  eden space 99840K, 0% used [0x00000000eb580000,0x00000000eb580000,0x00000000f1700000)
  from space 9728K, 99% used [0x00000000f2300000,0x00000000f2c7a400,0x00000000f2c80000)
  to   space 12288K, 0% used [0x00000000f1700000,0x00000000f1700000,0x00000000f2300000)
 ParOldGen       total 33792K, used 12215K [0x00000000c2000000, 0x00000000c4100000, 0x00000000eb580000)
  object space 33792K, 36% used [0x00000000c2000000,0x00000000c2beddb8,0x00000000c4100000)
 Metaspace       used 28654K, capacity 29728K, committed 29824K, reserved 1075200K
  class space    used 3703K, capacity 3924K, committed 3968K, reserved 1048576K
}
Event: 11.285 GC heap before
{Heap before GC invocations=10 (full 1):
 PSYoungGen      total 109568K, used 109545K [0x00000000eb580000, 0x00000000f2f80000, 0x0000000100000000)
  eden space 99840K, 100% used [0x00000000eb580000,0x00000000f1700000,0x00000000f1700000)
  from space 9728K, 99% used [0x00000000f2300000,0x00000000f2c7a400,0x00000000f2c80000)
  to   space 12288K, 0% used [0x00000000f1700000,0x00000000f1700000,0x00000000f2300000)
 ParOldGen       total 33792K, used 12215K [0x00000000c2000000, 0x00000000c4100000, 0x00000000eb580000)
  object space 33792K, 36% used [0x00000000c2000000,0x00000000c2beddb8,0x00000000c4100000)
 Metaspace       used 33463K, capacity 34634K, committed 34816K, reserved 1079296K
  class space    used 4288K, capacity 4531K, committed 4608K, reserved 1048576K
Event: 11.313 GC heap after
Heap after GC invocations=10 (full 1):
 PSYoungGen      total 112128K, used 12284K [0x00000000eb580000, 0x00000000f5980000, 0x0000000100000000)
  eden space 99840K, 0% used [0x00000000eb580000,0x00000000eb580000,0x00000000f1700000)
  from space 12288K, 99% used [0x00000000f1700000,0x00000000f22ff110,0x00000000f2300000)
  to   space 16384K, 0% used [0x00000000f4980000,0x00000000f4980000,0x00000000f5980000)
 ParOldGen       total 33792K, used 17855K [0x00000000c2000000, 0x00000000c4100000, 0x00000000eb580000)
  object space 33792K, 52% used [0x00000000c2000000,0x00000000c316ff50,0x00000000c4100000)
 Metaspace       used 33463K, capacity 34634K, committed 34816K, reserved 1079296K
  class space    used 4288K, capacity 4531K, committed 4608K, reserved 1048576K
}
Event: 11.963 GC heap before
{Heap before GC invocations=11 (full 1):
 PSYoungGen      total 112128K, used 46105K [0x00000000eb580000, 0x00000000f5980000, 0x0000000100000000)
  eden space 99840K, 33% used [0x00000000eb580000,0x00000000ed687518,0x00000000f1700000)
  from space 12288K, 99% used [0x00000000f1700000,0x00000000f22ff110,0x00000000f2300000)
  to   space 16384K, 0% used [0x00000000f4980000,0x00000000f4980000,0x00000000f5980000)
 ParOldGen       total 33792K, used 17855K [0x00000000c2000000, 0x00000000c4100000, 0x00000000eb580000)
  object space 33792K, 52% used [0x00000000c2000000,0x00000000c316ff50,0x00000000c4100000)
 Metaspace       used 34145K, capacity 35336K, committed 35416K, reserved 1079296K
  class space    used 4380K, capacity 4632K, committed 4696K, reserved 1048576K
Event: 12.003 GC heap after
Heap after GC invocations=11 (full 1):
 PSYoungGen      total 152576K, used 7330K [0x00000000eb580000, 0x00000000f5f80000, 0x0000000100000000)
  eden space 136192K, 0% used [0x00000000eb580000,0x00000000eb580000,0x00000000f3a80000)
  from space 16384K, 44% used [0x00000000f4980000,0x00000000f50a89f8,0x00000000f5980000)
  to   space 15360K, 0% used [0x00000000f3a80000,0x00000000f3a80000,0x00000000f4980000)
 ParOldGen       total 33792K, used 25142K [0x00000000c2000000, 0x00000000c4100000, 0x00000000eb580000)
  object space 33792K, 74% used [0x00000000c2000000,0x00000000c388d930,0x00000000c4100000)
 Metaspace       used 34145K, capacity 35336K, committed 35416K, reserved 1079296K
  class space    used 4380K, capacity 4632K, committed 4696K, reserved 1048576K
}
Event: 12.003 GC heap before
{Heap before GC invocations=12 (full 2):
 PSYoungGen      total 152576K, used 7330K [0x00000000eb580000, 0x00000000f5f80000, 0x0000000100000000)
  eden space 136192K, 0% used [0x00000000eb580000,0x00000000eb580000,0x00000000f3a80000)
  from space 16384K, 44% used [0x00000000f4980000,0x00000000f50a89f8,0x00000000f5980000)
  to   space 15360K, 0% used [0x00000000f3a80000,0x00000000f3a80000,0x00000000f4980000)
 ParOldGen       total 33792K, used 25142K [0x00000000c2000000, 0x00000000c4100000, 0x00000000eb580000)
  object space 33792K, 74% used [0x00000000c2000000,0x00000000c388d930,0x00000000c4100000)
 Metaspace       used 34145K, capacity 35336K, committed 35416K, reserved 1079296K
  class space    used 4380K, capacity 4632K, committed 4696K, reserved 1048576K
Event: 12.129 GC heap after
Heap after GC invocations=12 (full 2):
 PSYoungGen      total 152576K, used 0K [0x00000000eb580000, 0x00000000f5f80000, 0x0000000100000000)
  eden space 136192K, 0% used [0x00000000eb580000,0x00000000eb580000,0x00000000f3a80000)
  from space 16384K, 0% used [0x00000000f4980000,0x00000000f4980000,0x00000000f5980000)
  to   space 15360K, 0% used [0x00000000f3a80000,0x00000000f3a80000,0x00000000f4980000)
 ParOldGen       total 58368K, used 20988K [0x00000000c2000000, 0x00000000c5900000, 0x00000000eb580000)
  object space 58368K, 35% used [0x00000000c2000000,0x00000000c347f280,0x00000000c5900000)
 Metaspace       used 34145K, capacity 35336K, committed 35416K, reserved 1079296K
  class space    used 4380K, capacity 4632K, committed 4696K, reserved 1048576K
}

Deoptimization events (10 events):
Event: 11.647 Thread 0x0000000004ca4000 Uncommon trap: reason=class_check action=maybe_recompile pc=0x000000000500e9a0 method=java.lang.reflect.Array.newInstance(Ljava/lang/Class;I)Ljava/lang/Object; @ 2
Event: 11.827 Thread 0x0000000004ca4000 Uncommon trap: reason=unstable_if action=reinterpret pc=0x00000000057a6758 method=java.util.IdentityHashMap.get(Ljava/lang/Object;)Ljava/lang/Object; @ 31
Event: 12.540 Thread 0x0000000004ca4000 Uncommon trap: reason=unstable_if action=reinterpret pc=0x0000000005403dbc method=java.io.WinNTFileSystem.isLetter(C)Z @ 3
Event: 12.691 Thread 0x0000000004ca4000 Uncommon trap: reason=class_check action=maybe_recompile pc=0x0000000005739414 method=java.util.AbstractList$Itr.hasNext()Z @ 8
Event: 12.857 Thread 0x0000000004ca4000 Uncommon trap: reason=unstable_if action=reinterpret pc=0x00000000057ffe3c method=java.lang.Class$MethodArray.addIfNotPresent(Ljava/lang/reflect/Method;)V @ 19
Event: 13.553 Thread 0x0000000004ca4000 Uncommon trap: reason=unstable_if action=reinterpret pc=0x0000000004ebec00 method=java.lang.CharacterData.of(I)Ljava/lang/CharacterData; @ 4
Event: 13.782 Thread 0x0000000004ca4000 Uncommon trap: reason=unstable_if action=reinterpret pc=0x0000000005100314 method=org.springframework.util.ConcurrentReferenceHashMap$Segment.clear()V @ 4
Event: 13.800 Thread 0x0000000004ca4000 Uncommon trap: reason=class_check action=maybe_recompile pc=0x0000000005739414 method=java.util.AbstractList$Itr.hasNext()Z @ 8
Event: 13.866 Thread 0x0000000004ca4000 Uncommon trap: reason=bimorphic action=maybe_recompile pc=0x000000000550c6f0 method=java.util.Hashtable.get(Ljava/lang/Object;)Ljava/lang/Object; @ 6
Event: 13.866 Thread 0x0000000004ca4000 Uncommon trap: reason=bimorphic action=maybe_recompile pc=0x000000000550c6f0 method=java.util.Hashtable.get(Ljava/lang/Object;)Ljava/lang/Object; @ 6

Classes redefined (0 events):
No events

Internal exceptions (10 events):
Event: 12.710 Thread 0x0000000004ca4000 Exception <a 'java/lang/ClassNotFoundException': org/springframework/context/annotation/ConfigurationClassEnhancer$EnhancedConfigurationCustomizer> (0x00000000ed009100) thrown at [C:\re\workspace\8-2-build-windows-amd64-cygwin\jdk8u191\11896\hotspot\src\s
Event: 12.728 Thread 0x0000000004ca4000 Exception <a 'java/lang/ClassNotFoundException': org/springframework/boot/web/client/RestTemplateBuilderBeanInfo> (0x00000000ed0acbb8) thrown at [C:\re\workspace\8-2-build-windows-amd64-cygwin\jdk8u191\11896\hotspot\src\share\vm\classfile\systemDictionary
Event: 12.729 Thread 0x0000000004ca4000 Exception <a 'java/lang/ClassNotFoundException': org/springframework/boot/web/client/RestTemplateBuilderCustomizer> (0x00000000ed0bf588) thrown at [C:\re\workspace\8-2-build-windows-amd64-cygwin\jdk8u191\11896\hotspot\src\share\vm\classfile\systemDictiona
Event: 12.733 Thread 0x0000000004ca4000 Exception <a 'java/lang/ClassNotFoundException': java/lang/ObjectCustomizer> (0x00000000ed0f4620) thrown at [C:\re\workspace\8-2-build-windows-amd64-cygwin\jdk8u191\11896\hotspot\src\share\vm\classfile\systemDictionary.cpp, line 210]
Event: 12.734 Thread 0x0000000004ca4000 Exception <a 'java/lang/ClassNotFoundException': org/springframework/boot/autoconfigure/web/embedded/EmbeddedWebServerFactoryCustomizerAutoConfigurationCustomizer> (0x00000000ed114800) thrown at [C:\re\workspace\8-2-build-windows-amd64-cygwin\jdk8u191\118
Event: 12.735 Thread 0x0000000004ca4000 Exception <a 'java/lang/ClassNotFoundException': org/springframework/boot/autoconfigure/web/embedded/EmbeddedWebServerFactoryCustomizerAutoConfiguration$$EnhancerBySpringCGLIB$$6e2c424fCustomizer> (0x00000000ed138b80) thrown at [C:\re\workspace\8-2-build-
Event: 12.736 Thread 0x0000000004ca4000 Exception <a 'java/lang/ClassNotFoundException': org/springframework/context/annotation/ConfigurationClassEnhancer$EnhancedConfigurationCustomizer> (0x00000000ed158630) thrown at [C:\re\workspace\8-2-build-windows-amd64-cygwin\jdk8u191\11896\hotspot\src\s
Event: 12.738 Thread 0x0000000004ca4000 Exception <a 'java/lang/ClassNotFoundException': java/lang/ObjectCustomizer> (0x00000000ed172fb8) thrown at [C:\re\workspace\8-2-build-windows-amd64-cygwin\jdk8u191\11896\hotspot\src\share\vm\classfile\systemDictionary.cpp, line 210]
Event: 12.739 Thread 0x0000000004ca4000 Exception <a 'java/lang/ClassNotFoundException': org/springframework/web/multipart/support/StandardServletMultipartResolverCustomizer> (0x00000000ed18d6f0) thrown at [C:\re\workspace\8-2-build-windows-amd64-cygwin\jdk8u191\11896\hotspot\src\share\vm\class
Event: 12.740 Thread 0x0000000004ca4000 Exception <a 'java/lang/ClassNotFoundException': org/springframework/web/multipart/MultipartResolverCustomizer> (0x00000000ed1a4c28) thrown at [C:\re\workspace\8-2-build-windows-amd64-cygwin\jdk8u191\11896\hotspot\src\share\vm\classfile\systemDictionary.c

Events (10 events):
Event: 13.884 loading class org/springframework/util/StopWatch$TaskInfo
Event: 13.884 loading class org/springframework/util/StopWatch$TaskInfo done
Event: 13.884 loading class org/apache/logging/log4j/message/ObjectMessage
Event: 13.884 loading class org/apache/logging/log4j/message/ObjectMessage done
Event: 13.887 loading class org/springframework/boot/ApplicationRunner
Event: 13.887 loading class org/springframework/boot/ApplicationRunner done
Event: 13.888 loading class org/springframework/boot/CommandLineRunner
Event: 13.888 loading class org/springframework/boot/CommandLineRunner done
Event: 13.894 Thread 0x0000000004ca4000 Thread exited: 0x0000000004ca4000
Event: 13.894 Thread 0x000000001a213000 Thread added: 0x000000001a213000


Dynamic libraries:
0x00007ff784890000 - 0x00007ff7848c7000 	E:\java\bin\java.exe
0x00007ffe89c30000 - 0x00007ffe89e10000 	C:\WINDOWS\SYSTEM32\ntdll.dll
0x00007ffe89980000 - 0x00007ffe89a2e000 	C:\WINDOWS\System32\KERNEL32.DLL
0x00007ffe86ce0000 - 0x00007ffe86f46000 	C:\WINDOWS\System32\KERNELBASE.dll
0x00007ffe892b0000 - 0x00007ffe89351000 	C:\WINDOWS\System32\ADVAPI32.dll
0x00007ffe897e0000 - 0x00007ffe8987d000 	C:\WINDOWS\System32\msvcrt.dll
0x00007ffe88da0000 - 0x00007ffe88dfb000 	C:\WINDOWS\System32\sechost.dll
0x00007ffe89ae0000 - 0x00007ffe89bff000 	C:\WINDOWS\System32\RPCRT4.dll
0x00007ffe88bb0000 - 0x00007ffe88d3f000 	C:\WINDOWS\System32\USER32.dll
0x00007ffe86cc0000 - 0x00007ffe86ce0000 	C:\WINDOWS\System32\win32u.dll
0x00007ffe89880000 - 0x00007ffe898a8000 	C:\WINDOWS\System32\GDI32.dll
0x00007ffe86b20000 - 0x00007ffe86cb3000 	C:\WINDOWS\System32\gdi32full.dll
0x00007ffe860e0000 - 0x00007ffe8617b000 	C:\WINDOWS\System32\msvcp_win.dll
0x00007ffe86f50000 - 0x00007ffe87046000 	C:\WINDOWS\System32\ucrtbase.dll
0x00007ffe7fef0000 - 0x00007ffe80159000 	C:\WINDOWS\WinSxS\amd64_microsoft.windows.common-controls_6595b64144ccf1df_6.0.16299.371_none_15c7d1789365a290\COMCTL32.dll
0x00007ffe89470000 - 0x00007ffe89778000 	C:\WINDOWS\System32\combase.dll
0x00007ffe868d0000 - 0x00007ffe86942000 	C:\WINDOWS\System32\bcryptPrimitives.dll
0x00007ffe89a30000 - 0x00007ffe89a5d000 	C:\WINDOWS\System32\IMM32.DLL
0x000000006dc40000 - 0x000000006dd12000 	E:\java\jre\bin\msvcr100.dll
0x000000006d390000 - 0x000000006dc34000 	E:\java\jre\bin\server\jvm.dll
0x00007ffe88e00000 - 0x00007ffe88e08000 	C:\WINDOWS\System32\PSAPI.DLL
0x00007ffe80fb0000 - 0x00007ffe80fba000 	C:\WINDOWS\SYSTEM32\VERSION.dll
0x00007ffe83f30000 - 0x00007ffe83f53000 	C:\WINDOWS\SYSTEM32\WINMM.dll
0x00007ffe7f3d0000 - 0x00007ffe7f3d9000 	C:\WINDOWS\SYSTEM32\WSOCK32.dll
0x00007ffe89020000 - 0x00007ffe8908c000 	C:\WINDOWS\System32\WS2_32.dll
0x00007ffe83f00000 - 0x00007ffe83f2a000 	C:\WINDOWS\SYSTEM32\WINMMBASE.dll
0x00007ffe86030000 - 0x00007ffe8607a000 	C:\WINDOWS\System32\cfgmgr32.dll
0x000000006d380000 - 0x000000006d38f000 	E:\java\jre\bin\verify.dll
0x000000006d350000 - 0x000000006d379000 	E:\java\jre\bin\java.dll
0x000000006d040000 - 0x000000006d063000 	E:\java\jre\bin\instrument.dll
0x000000006d330000 - 0x000000006d346000 	E:\java\jre\bin\zip.dll
0x00007ffe87550000 - 0x00007ffe88986000 	C:\WINDOWS\System32\SHELL32.dll
0x00007ffe89090000 - 0x00007ffe89136000 	C:\WINDOWS\System32\shcore.dll
0x00007ffe86180000 - 0x00007ffe868c7000 	C:\WINDOWS\System32\windows.storage.dll
0x00007ffe88d40000 - 0x00007ffe88d91000 	C:\WINDOWS\System32\shlwapi.dll
0x00007ffe85fc0000 - 0x00007ffe85fd1000 	C:\WINDOWS\System32\kernel.appcore.dll
0x00007ffe85fe0000 - 0x00007ffe8602c000 	C:\WINDOWS\System32\powrprof.dll
0x00007ffe85f80000 - 0x00007ffe85f9b000 	C:\WINDOWS\System32\profapi.dll
0x00007ffe7d7a0000 - 0x00007ffe7d7ba000 	E:\idea\IntelliJ IDEA Community Edition 2018.2.1\bin\breakgen64.dll
0x000000006d300000 - 0x000000006d31a000 	E:\java\jre\bin\net.dll
0x00007ffe85810000 - 0x00007ffe85876000 	C:\WINDOWS\system32\mswsock.dll
0x000000006d320000 - 0x000000006d32d000 	E:\java\jre\bin\management.dll
0x00007ffe64460000 - 0x00007ffe64476000 	C:\WINDOWS\system32\napinsp.dll
0x00007ffe63e20000 - 0x00007ffe63e3a000 	C:\WINDOWS\system32\pnrpnsp.dll
0x00007ffe810c0000 - 0x00007ffe810d8000 	C:\WINDOWS\system32\NLAapi.dll
0x00007ffe855e0000 - 0x00007ffe85696000 	C:\WINDOWS\SYSTEM32\DNSAPI.dll
0x00007ffe89140000 - 0x00007ffe89148000 	C:\WINDOWS\System32\NSI.dll
0x00007ffe855a0000 - 0x00007ffe855d9000 	C:\WINDOWS\SYSTEM32\IPHLPAPI.DLL
0x00007ffe69f00000 - 0x00007ffe69f0e000 	C:\WINDOWS\System32\winrnr.dll
0x00007ffe60e60000 - 0x00007ffe60e75000 	C:\WINDOWS\System32\wshbth.dll
0x00007ffe7cec0000 - 0x00007ffe7ceca000 	C:\Windows\System32\rasadhlp.dll
0x00007ffe7d1c0000 - 0x00007ffe7d230000 	C:\WINDOWS\System32\fwpuclnt.dll
0x00007ffe85ae0000 - 0x00007ffe85b05000 	C:\WINDOWS\SYSTEM32\bcrypt.dll
0x000000006d2e0000 - 0x000000006d2f1000 	E:\java\jre\bin\nio.dll
0x00007ffe859d0000 - 0x00007ffe859e7000 	C:\WINDOWS\SYSTEM32\CRYPTSP.dll
0x00007ffe85410000 - 0x00007ffe85443000 	C:\WINDOWS\system32\rsaenh.dll
0x00007ffe85eb0000 - 0x00007ffe85ed9000 	C:\WINDOWS\SYSTEM32\USERENV.dll
0x00007ffe859f0000 - 0x00007ffe859fb000 	C:\WINDOWS\SYSTEM32\CRYPTBASE.dll
0x00007ffe81230000 - 0x00007ffe81246000 	C:\WINDOWS\SYSTEM32\dhcpcsvc6.DLL
0x00007ffe81300000 - 0x00007ffe8131a000 	C:\WINDOWS\SYSTEM32\dhcpcsvc.DLL

VM Arguments:
jvm_args: -javaagent:E:\idea\IntelliJ IDEA Community Edition 2018.2.1\lib\idea_rt.jar=55337:E:\idea\IntelliJ IDEA Community Edition 2018.2.1\bin -Dfile.encoding=UTF-8 
java_command: Application
java_class_path (initial): E:\java\jre\lib\charsets.jar;E:\java\jre\lib\deploy.jar;E:\java\jre\lib\ext\access-bridge-64.jar;E:\java\jre\lib\ext\cldrdata.jar;E:\java\jre\lib\ext\dnsns.jar;E:\java\jre\lib\ext\jaccess.jar;E:\java\jre\lib\ext\jfxrt.jar;E:\java\jre\lib\ext\localedata.jar;E:\java\jre\lib\ext\nashorn.jar;E:\java\jre\lib\ext\sunec.jar;E:\java\jre\lib\ext\sunjce_provider.jar;E:\java\jre\lib\ext\sunmscapi.jar;E:\java\jre\lib\ext\sunpkcs11.jar;E:\java\jre\lib\ext\zipfs.jar;E:\java\jre\lib\javaws.jar;E:\java\jre\lib\jce.jar;E:\java\jre\lib\jfr.jar;E:\java\jre\lib\jfxswt.jar;E:\java\jre\lib\jsse.jar;E:\java\jre\lib\management-agent.jar;E:\java\jre\lib\plugin.jar;E:\java\jre\lib\resources.jar;E:\java\jre\lib\rt.jar;C:\Users\Administrator\workspace\muke\AutoTest\Chapter10\target\classes;C:\Users\Administrator\.m2\repository\org\springframework\boot\spring-boot-starter-web\2.0.0.RELEASE\spring-boot-starter-web-2.0.0.RELEASE.jar;C:\Users\Administrator\.m2\repository\org\springframework\boot\spring-boot-starter\2.0.0.RELEASE\spring-boot-starter-2.0.0.RELEASE.jar;C:\Users\Administrator\.m2\repository\org\springframework\boot\spring-boot\2.0.0.RELEASE\spring-boot-2.0.0.RELEASE.jar;C:\Users\Administrator\.m2\repository\org\springframework\boot\spring-boot-autoconfigure\2.0.0.RELEASE\spring-boot-autoconfigure-2.0.0.RELEASE.jar;C:\Users\Administrator\.m2\repository\org\springframework\boot\spring-boot-starter-logging\2.0.0.RELEASE\spring-boot-starter-logging-2.0.0.RELEASE.jar;C:\Users\Administrator\.m2\repository\ch\qos\logback\logback-classic\1.2.3\logback-classic-1.2.3.jar;C:\Users\Administrator\.m2\repository\ch\qos\logback\logback-core\1.2.3\logback-core-1.2.3.jar;C:\Users\Administrator\.m2\repository\org\apache\logging\log4j\log4j-to-slf4j\2.10.0\log4j-to-slf4j-2.10.0.jar;C:\Users\Administrator\.m2\repository\org\apache\logging\log4j\log4j-api\2.10.0\log4j-api-2.10.0.jar;C:\Users\Administrator\.m2\repository\org\slf4j\jul-to-slf4j\1.7.25\jul-to-slf4j-1.7.25.jar;C:\
Launcher Type: SUN_STANDARD

Environment Variables:
JAVA_HOME=E:\java
PATH=C:\WINDOWS\system32;C:\WINDOWS;C:\WINDOWS\System32\Wbem;C:\WINDOWS\System32\WindowsPowerShell\v1.0\;E:\java\bin;E:\java\jre\bin;C:\android-sdk_r24.4.1-windows\android-sdk-windows\tools;C:\android-sdk_r24.4.1-windows\android-sdk-windows\platform-tools;C:\Python27;C:\Python27\Scripts;C:\android-sdk_r24.4.1-windows\android-sdk-windows\build-tools\27.0.2;C:\Program Files (x86)\Appium;E:\Maven\apachemaven_95391\apache-maven-3.3.9\bin;E:\git\Git\cmd;C:\Users\Administrator\AppData\Local\Microsoft\WindowsApps;
USERNAME=Administrator
OS=Windows_NT
PROCESSOR_IDENTIFIER=Intel64 Family 6 Model 58 Stepping 9, GenuineIntel



---------------  S Y S T E M  ---------------

OS: Windows 10.0 , 64 bit Build 16299 (10.0.16299.15)

CPU:total 4 (initial active 4) (2 cores per cpu, 2 threads per core) family 6 model 58 stepping 9, cmov, cx8, fxsr, mmx, sse, sse2, sse3, ssse3, sse4.1, sse4.2, popcnt, avx, aes, clmul, erms, ht, tsc, tscinvbit, tscinv

Memory: 4k page, physical 4056144k(382104k free), swap 7144528k(2100k free)

vm_info: Java HotSpot(TM) 64-Bit Server VM (25.191-b12) for windows-amd64 JRE (1.8.0_191-b12), built on Oct  6 2018 09:29:03 by "java_re" with MS VC++ 10.0 (VS2010)

time: Fri Nov 30 16:42:54 2018
elapsed time: 14 seconds (0d 0h 0m 14s)

