#
# There is insufficient memory for the Java Runtime Environment to continue.
# Native memory allocation (malloc) failed to allocate 1164144 bytes for Chunk::new
# Possible reasons:
#   The system is out of physical RAM or swap space
#   In 32 bit mode, the process size limit was hit
# Possible solutions:
#   Reduce memory load on the system
#   Increase physical memory or swap space
#   Check if swap backing store is full
#   Use 64 bit Java on a 64 bit OS
#   Decrease Java heap size (-Xmx/-Xms)
#   Decrease number of Java threads
#   Decrease Java thread stack sizes (-Xss)
#   Set larger code cache with -XX:ReservedCodeCacheSize=
# This output file may be truncated or incomplete.
#
#  Out of Memory Error (allocation.cpp:390), pid=7564, tid=0x0000000000001b08
#
# JRE version: Java(TM) SE Runtime Environment (8.0_191-b12) (build 1.8.0_191-b12)
# Java VM: Java HotSpot(TM) 64-Bit Server VM (25.191-b12 mixed mode windows-amd64 compressed oops)
# Failed to write core dump. Minidumps are not enabled by default on client versions of Windows
#

---------------  T H R E A D  ---------------

Current thread (0x0000000018849000):  JavaThread "C2 CompilerThread0" daemon [_thread_in_native, id=6920, stack(0x0000000018cb0000,0x0000000018db0000)]

Stack: [0x0000000018cb0000,0x0000000018db0000]
[error occurred during error reporting (printing stack bounds), id 0xc0000005]

Native frames: (J=compiled Java code, j=interpreted, Vv=VM code, C=native code)


Current CompileTask:
C2:  13181 4015   !   4       org.springframework.core.annotation.AnnotationUtils::isInterfaceWithAnnotatedMethods (99 bytes)


---------------  P R O C E S S  ---------------

Java Threads: ( => current thread )
  0x000000001881c000 JavaThread "DestroyJavaVM" [_thread_blocked, id=10656, stack(0x00000000047e0000,0x00000000048e0000)]
  0x000000001881a800 JavaThread "http-nio-8888-AsyncTimeout" daemon [_thread_blocked, id=768, stack(0x0000000021c20000,0x0000000021d20000)]
  0x0000000018817800 JavaThread "http-nio-8888-Acceptor-0" daemon [_thread_in_native, id=12652, stack(0x0000000021b20000,0x0000000021c20000)]
  0x000000001881b000 JavaThread "http-nio-8888-ClientPoller-1" daemon [_thread_in_native, id=9760, stack(0x0000000021a20000,0x0000000021b20000)]
  0x000000001881e000 JavaThread "http-nio-8888-ClientPoller-0" daemon [_thread_in_native, id=792, stack(0x0000000021920000,0x0000000021a20000)]
  0x0000000018819800 JavaThread "http-nio-8888-exec-10" daemon [_thread_blocked, id=540, stack(0x0000000021820000,0x0000000021920000)]
  0x000000001aebb800 JavaThread "http-nio-8888-exec-9" daemon [_thread_blocked, id=3356, stack(0x0000000021720000,0x0000000021820000)]
  0x000000001aeba000 JavaThread "http-nio-8888-exec-8" daemon [_thread_blocked, id=11136, stack(0x0000000021620000,0x0000000021720000)]
  0x000000001aeb5000 JavaThread "http-nio-8888-exec-7" daemon [_thread_blocked, id=2508, stack(0x0000000021520000,0x0000000021620000)]
  0x000000001aeb9800 JavaThread "http-nio-8888-exec-6" daemon [_thread_blocked, id=256, stack(0x0000000021420000,0x0000000021520000)]
  0x000000001aeb8000 JavaThread "http-nio-8888-exec-5" daemon [_thread_blocked, id=10856, stack(0x0000000021320000,0x0000000021420000)]
  0x000000001aeb7000 JavaThread "http-nio-8888-exec-4" daemon [_thread_blocked, id=5708, stack(0x0000000021220000,0x0000000021320000)]
  0x000000001aeb8800 JavaThread "http-nio-8888-exec-3" daemon [_thread_blocked, id=2004, stack(0x0000000021120000,0x0000000021220000)]
  0x000000001aebb000 JavaThread "http-nio-8888-exec-2" daemon [_thread_blocked, id=2176, stack(0x0000000021020000,0x0000000021120000)]
  0x000000001aeb6800 JavaThread "http-nio-8888-exec-1" daemon [_thread_blocked, id=11852, stack(0x0000000020f20000,0x0000000021020000)]
  0x000000001aeb5800 JavaThread "NioBlockingSelector.BlockPoller-1" daemon [_thread_in_native, id=1368, stack(0x0000000020e20000,0x0000000020f20000)]
  0x000000001c535000 JavaThread "container-0" [_thread_blocked, id=508, stack(0x000000001f370000,0x000000001f470000)]
  0x000000001b024000 JavaThread "ContainerBackgroundProcessor[StandardEngine[Tomcat]]" daemon [_thread_blocked, id=10436, stack(0x000000001e250000,0x000000001e350000)]
  0x000000001bf6a800 JavaThread "localhost-startStop-1" daemon [_thread_blocked, id=11928, stack(0x000000001e150000,0x000000001e250000)]
  0x000000001bf69800 JavaThread "Tomcat-startStop-1" daemon [_thread_blocked, id=4908, stack(0x000000001e050000,0x000000001e150000)]
  0x00000000188b5800 JavaThread "Service Thread" daemon [_thread_blocked, id=12740, stack(0x0000000018fb0000,0x00000000190b0000)]
  0x000000001884b000 JavaThread "C1 CompilerThread2" daemon [_thread_blocked, id=11844, stack(0x0000000018eb0000,0x0000000018fb0000)]
  0x000000001884a000 JavaThread "C2 CompilerThread1" daemon [_thread_in_native, id=1996, stack(0x0000000018db0000,0x0000000018eb0000)]
=>0x0000000018849000 JavaThread "C2 CompilerThread0" daemon [_thread_in_native, id=6920, stack(0x0000000018cb0000,0x0000000018db0000)]
  0x0000000018828800 JavaThread "Monitor Ctrl-Break" daemon [_thread_in_native, id=9388, stack(0x0000000018bb0000,0x0000000018cb0000)]
  0x00000000185f3800 JavaThread "Attach Listener" daemon [_thread_blocked, id=276, stack(0x0000000018ab0000,0x0000000018bb0000)]
  0x0000000017175800 JavaThread "Signal Dispatcher" daemon [_thread_blocked, id=12020, stack(0x00000000189b0000,0x0000000018ab0000)]
  0x000000001714b000 JavaThread "Finalizer" daemon [_thread_blocked, id=12884, stack(0x00000000183b0000,0x00000000184b0000)]
  0x0000000004bb4800 JavaThread "Reference Handler" daemon [_thread_blocked, id=11036, stack(0x00000000182b0000,0x00000000183b0000)]

Other Threads:
  0x0000000017127800 VMThread [stack: 0x00000000181b0000,0x00000000182b0000] [id=2476]
  0x0000000018942800 WatcherThread [stack: 0x00000000190b0000,0x00000000191b0000] [id=8772]

VM state:not at safepoint (normal execution)

VM Mutex/Monitor currently owned by a thread: None

Heap:
 PSYoungGen      total 97280K, used 77987K [0x00000000eb580000, 0x00000000f1e00000, 0x0000000100000000)
  eden space 88064K, 88% used [0x00000000eb580000,0x00000000f01a8f50,0x00000000f0b80000)
  from space 9216K, 0% used [0x00000000f1480000,0x00000000f1480000,0x00000000f1d80000)
  to   space 9216K, 0% used [0x00000000f0b80000,0x00000000f0b80000,0x00000000f1480000)
 ParOldGen       total 58880K, used 21106K [0x00000000c2000000, 0x00000000c5980000, 0x00000000eb580000)
  object space 58880K, 35% used [0x00000000c2000000,0x00000000c349cac0,0x00000000c5980000)
 Metaspace       used 37207K, capacity 38540K, committed 38616K, reserved 1083392K
  class space    used 4817K, capacity 5064K, committed 5080K, reserved 1048576K

Card table byte_map: [0x0000000013f80000,0x0000000014180000] byte_map_base: 0x0000000013970000

Marking Bits: (ParMarkBitMap*) 0x000000006dbb3e30
 Begin Bits: [0x00000000146d0000, 0x0000000015650000)
 End Bits:   [0x0000000015650000, 0x00000000165d0000)

Polling page: 0x0000000002bd0000

CodeCache: size=245760Kb used=14415Kb max_used=14454Kb free=231344Kb
 bounds [0x0000000004bc0000, 0x00000000059f0000, 0x0000000013bc0000]
 total_blobs=4243 nmethods=3814 adapters=341
 compilation: enabled

Compilation events (10 events):
Event: 12.046 Thread 0x000000001884b000 4239       2       org.springframework.util.ConcurrentReferenceHashMap$Segment::createReferenceArray (13 bytes)
Event: 12.046 Thread 0x000000001884b000 nmethod 4239 0x00000000059b95d0 code [0x00000000059b9740, 0x00000000059b9908]
Event: 12.046 Thread 0x000000001884b000 4240       2       org.springframework.util.ConcurrentReferenceHashMap::getLoadFactor (5 bytes)
Event: 12.047 Thread 0x000000001884b000 nmethod 4240 0x00000000059b99d0 code [0x00000000059b9b20, 0x00000000059b9c70]
Event: 12.047 Thread 0x000000001884b000 4242       2       java.util.concurrent.ConcurrentHashMap$BaseIterator::remove (37 bytes)
Event: 12.047 Thread 0x000000001884b000 nmethod 4242 0x00000000059b9d10 code [0x00000000059b9e80, 0x00000000059ba0d8]
Event: 12.135 Thread 0x000000001884a000 nmethod 3924 0x00000000059c52d0 code [0x00000000059c6fe0, 0x00000000059cffc8]
Event: 12.137 Thread 0x000000001884a000 4169       4       sun.reflect.generics.parser.SignatureParser::parseIdentifier (115 bytes)
Event: 12.168 Thread 0x000000001884a000 nmethod 4169 0x00000000059c2390 code [0x00000000059c25e0, 0x00000000059c3078]
Event: 12.168 Thread 0x000000001884a000 4119       4       org.springframework.asm.ClassReader::readCode (3619 bytes)

GC Heap History (10 events):
Event: 6.300 GC heap before
{Heap before GC invocations=10 (full 1):
 PSYoungGen      total 56320K, used 56300K [0x00000000eb580000, 0x00000000efe80000, 0x0000000100000000)
  eden space 50176K, 100% used [0x00000000eb580000,0x00000000ee680000,0x00000000ee680000)
  from space 6144K, 99% used [0x00000000ef880000,0x00000000efe7b030,0x00000000efe80000)
  to   space 7168K, 0% used [0x00000000ef080000,0x00000000ef080000,0x00000000ef780000)
 ParOldGen       total 32256K, used 8678K [0x00000000c2000000, 0x00000000c3f80000, 0x00000000eb580000)
  object space 32256K, 26% used [0x00000000c2000000,0x00000000c2879be0,0x00000000c3f80000)
 Metaspace       used 26257K, capacity 26950K, committed 27136K, reserved 1073152K
  class space    used 3396K, capacity 3583K, committed 3584K, reserved 1048576K
Event: 6.316 GC heap after
Heap after GC invocations=10 (full 1):
 PSYoungGen      total 67584K, used 7148K [0x00000000eb580000, 0x00000000f0980000, 0x0000000100000000)
  eden space 60416K, 0% used [0x00000000eb580000,0x00000000eb580000,0x00000000ef080000)
  from space 7168K, 99% used [0x00000000ef080000,0x00000000ef77b050,0x00000000ef780000)
  to   space 9216K, 0% used [0x00000000f0080000,0x00000000f0080000,0x00000000f0980000)
 ParOldGen       total 32256K, used 12014K [0x00000000c2000000, 0x00000000c3f80000, 0x00000000eb580000)
  object space 32256K, 37% used [0x00000000c2000000,0x00000000c2bbb9d0,0x00000000c3f80000)
 Metaspace       used 26257K, capacity 26950K, committed 27136K, reserved 1073152K
  class space    used 3396K, capacity 3583K, committed 3584K, reserved 1048576K
}
Event: 7.829 GC heap before
{Heap before GC invocations=11 (full 1):
 PSYoungGen      total 67584K, used 67564K [0x00000000eb580000, 0x00000000f0980000, 0x0000000100000000)
  eden space 60416K, 100% used [0x00000000eb580000,0x00000000ef080000,0x00000000ef080000)
  from space 7168K, 99% used [0x00000000ef080000,0x00000000ef77b050,0x00000000ef780000)
  to   space 9216K, 0% used [0x00000000f0080000,0x00000000f0080000,0x00000000f0980000)
 ParOldGen       total 32256K, used 12014K [0x00000000c2000000, 0x00000000c3f80000, 0x00000000eb580000)
  object space 32256K, 37% used [0x00000000c2000000,0x00000000c2bbb9d0,0x00000000c3f80000)
 Metaspace       used 30365K, capacity 31468K, committed 31872K, reserved 1077248K
  class space    used 3888K, capacity 4118K, committed 4224K, reserved 1048576K
Event: 7.849 GC heap after
Heap after GC invocations=11 (full 1):
 PSYoungGen      total 76288K, used 7170K [0x00000000eb580000, 0x00000000f1700000, 0x0000000100000000)
  eden space 67072K, 0% used [0x00000000eb580000,0x00000000eb580000,0x00000000ef700000)
  from space 9216K, 77% used [0x00000000f0080000,0x00000000f0780a70,0x00000000f0980000)
  to   space 9728K, 0% used [0x00000000ef700000,0x00000000ef700000,0x00000000f0080000)
 ParOldGen       total 32256K, used 17188K [0x00000000c2000000, 0x00000000c3f80000, 0x00000000eb580000)
  object space 32256K, 53% used [0x00000000c2000000,0x00000000c30c90f8,0x00000000c3f80000)
 Metaspace       used 30365K, capacity 31468K, committed 31872K, reserved 1077248K
  class space    used 3888K, capacity 4118K, committed 4224K, reserved 1048576K
}
Event: 9.499 GC heap before
{Heap before GC invocations=12 (full 1):
 PSYoungGen      total 76288K, used 74242K [0x00000000eb580000, 0x00000000f1700000, 0x0000000100000000)
  eden space 67072K, 100% used [0x00000000eb580000,0x00000000ef700000,0x00000000ef700000)
  from space 9216K, 77% used [0x00000000f0080000,0x00000000f0780a70,0x00000000f0980000)
  to   space 9728K, 0% used [0x00000000ef700000,0x00000000ef700000,0x00000000f0080000)
 ParOldGen       total 32256K, used 17188K [0x00000000c2000000, 0x00000000c3f80000, 0x00000000eb580000)
  object space 32256K, 53% used [0x00000000c2000000,0x00000000c30c90f8,0x00000000c3f80000)
 Metaspace       used 33052K, capacity 34238K, committed 34560K, reserved 1079296K
  class space    used 4232K, capacity 4491K, committed 4608K, reserved 1048576K
Event: 9.527 GC heap after
Heap after GC invocations=12 (full 1):
 PSYoungGen      total 76800K, used 5525K [0x00000000eb580000, 0x00000000f1d80000, 0x0000000100000000)
  eden space 67072K, 0% used [0x00000000eb580000,0x00000000eb580000,0x00000000ef700000)
  from space 9728K, 56% used [0x00000000ef700000,0x00000000efc65548,0x00000000f0080000)
  to   space 9216K, 0% used [0x00000000f1480000,0x00000000f1480000,0x00000000f1d80000)
 ParOldGen       total 32256K, used 21920K [0x00000000c2000000, 0x00000000c3f80000, 0x00000000eb580000)
  object space 32256K, 67% used [0x00000000c2000000,0x00000000c3568178,0x00000000c3f80000)
 Metaspace       used 33052K, capacity 34238K, committed 34560K, reserved 1079296K
  class space    used 4232K, capacity 4491K, committed 4608K, reserved 1048576K
}
Event: 10.422 GC heap before
{Heap before GC invocations=13 (full 1):
 PSYoungGen      total 76800K, used 52817K [0x00000000eb580000, 0x00000000f1d80000, 0x0000000100000000)
  eden space 67072K, 70% used [0x00000000eb580000,0x00000000ee3aeec0,0x00000000ef700000)
  from space 9728K, 56% used [0x00000000ef700000,0x00000000efc65548,0x00000000f0080000)
  to   space 9216K, 0% used [0x00000000f1480000,0x00000000f1480000,0x00000000f1d80000)
 ParOldGen       total 32256K, used 21920K [0x00000000c2000000, 0x00000000c3f80000, 0x00000000eb580000)
  object space 32256K, 67% used [0x00000000c2000000,0x00000000c3568178,0x00000000c3f80000)
 Metaspace       used 34141K, capacity 35336K, committed 35416K, reserved 1079296K
  class space    used 4380K, capacity 4632K, committed 4696K, reserved 1048576K
Event: 10.443 GC heap after
Heap after GC invocations=13 (full 1):
 PSYoungGen      total 97280K, used 3407K [0x00000000eb580000, 0x00000000f1e00000, 0x0000000100000000)
  eden space 88064K, 0% used [0x00000000eb580000,0x00000000eb580000,0x00000000f0b80000)
  from space 9216K, 36% used [0x00000000f1480000,0x00000000f17d3da8,0x00000000f1d80000)
  to   space 9216K, 0% used [0x00000000f0b80000,0x00000000f0b80000,0x00000000f1480000)
 ParOldGen       total 32256K, used 25126K [0x00000000c2000000, 0x00000000c3f80000, 0x00000000eb580000)
  object space 32256K, 77% used [0x00000000c2000000,0x00000000c38898b0,0x00000000c3f80000)
 Metaspace       used 34141K, capacity 35336K, committed 35416K, reserved 1079296K
  class space    used 4380K, capacity 4632K, committed 4696K, reserved 1048576K
}
Event: 10.443 GC heap before
{Heap before GC invocations=14 (full 2):
 PSYoungGen      total 97280K, used 3407K [0x00000000eb580000, 0x00000000f1e00000, 0x0000000100000000)
  eden space 88064K, 0% used [0x00000000eb580000,0x00000000eb580000,0x00000000f0b80000)
  from space 9216K, 36% used [0x00000000f1480000,0x00000000f17d3da8,0x00000000f1d80000)
  to   space 9216K, 0% used [0x00000000f0b80000,0x00000000f0b80000,0x00000000f1480000)
 ParOldGen       total 32256K, used 25126K [0x00000000c2000000, 0x00000000c3f80000, 0x00000000eb580000)
  object space 32256K, 77% used [0x00000000c2000000,0x00000000c38898b0,0x00000000c3f80000)
 Metaspace       used 34141K, capacity 35336K, committed 35416K, reserved 1079296K
  class space    used 4380K, capacity 4632K, committed 4696K, reserved 1048576K
Event: 10.570 GC heap after
Heap after GC invocations=14 (full 2):
 PSYoungGen      total 97280K, used 0K [0x00000000eb580000, 0x00000000f1e00000, 0x0000000100000000)
  eden space 88064K, 0% used [0x00000000eb580000,0x00000000eb580000,0x00000000f0b80000)
  from space 9216K, 0% used [0x00000000f1480000,0x00000000f1480000,0x00000000f1d80000)
  to   space 9216K, 0% used [0x00000000f0b80000,0x00000000f0b80000,0x00000000f1480000)
 ParOldGen       total 58880K, used 21106K [0x00000000c2000000, 0x00000000c5980000, 0x00000000eb580000)
  object space 58880K, 35% used [0x00000000c2000000,0x00000000c349cac0,0x00000000c5980000)
 Metaspace       used 34141K, capacity 35336K, committed 35416K, reserved 1079296K
  class space    used 4380K, capacity 4632K, committed 4696K, reserved 1048576K
}

Deoptimization events (10 events):
Event: 11.033 Thread 0x0000000004ac4000 Uncommon trap: reason=class_check action=maybe_recompile pc=0x00000000055d88d4 method=java.util.AbstractList$Itr.hasNext()Z @ 8
Event: 11.170 Thread 0x0000000004ac4000 Uncommon trap: reason=unstable_if action=reinterpret pc=0x00000000055f3dfc method=java.lang.Class$MethodArray.addIfNotPresent(Ljava/lang/reflect/Method;)V @ 19
Event: 11.762 Thread 0x0000000004ac4000 Uncommon trap: reason=unstable_if action=reinterpret pc=0x0000000004cd8880 method=java.lang.CharacterData.of(I)Ljava/lang/CharacterData; @ 4
Event: 11.811 Thread 0x0000000004ac4000 Uncommon trap: reason=class_check action=maybe_recompile pc=0x00000000057c9fac method=org.springframework.asm.ClassReader.readCode(Lorg/springframework/asm/MethodVisitor;Lorg/springframework/asm/Context;I)V @ 2482
Event: 11.825 Thread 0x0000000004ac4000 Uncommon trap: reason=unstable_if action=reinterpret pc=0x0000000005507e40 method=org.springframework.asm.ClassReader.readCode(Lorg/springframework/asm/MethodVisitor;Lorg/springframework/asm/Context;I)V @ 3121
Event: 11.867 Thread 0x0000000004ac4000 Uncommon trap: reason=class_check action=maybe_recompile pc=0x00000000057c9fac method=org.springframework.asm.ClassReader.readCode(Lorg/springframework/asm/MethodVisitor;Lorg/springframework/asm/Context;I)V @ 2482
Event: 11.977 Thread 0x0000000004ac4000 Uncommon trap: reason=unstable_if action=reinterpret pc=0x0000000004f1e754 method=org.springframework.util.ConcurrentReferenceHashMap$Segment.clear()V @ 4
Event: 11.996 Thread 0x0000000004ac4000 Uncommon trap: reason=class_check action=maybe_recompile pc=0x00000000055d88d4 method=java.util.AbstractList$Itr.hasNext()Z @ 8
Event: 12.041 Thread 0x0000000004ac4000 Uncommon trap: reason=bimorphic action=maybe_recompile pc=0x0000000005358d70 method=java.util.Hashtable.get(Ljava/lang/Object;)Ljava/lang/Object; @ 6
Event: 12.042 Thread 0x0000000004ac4000 Uncommon trap: reason=bimorphic action=maybe_recompile pc=0x0000000005358d70 method=java.util.Hashtable.get(Ljava/lang/Object;)Ljava/lang/Object; @ 6

Classes redefined (0 events):
No events

Internal exceptions (10 events):
Event: 11.053 Thread 0x0000000004ac4000 Exception <a 'java/lang/ClassNotFoundException': org/springframework/context/annotation/ConfigurationClassEnhancer$EnhancedConfigurationCustomizer> (0x00000000ed0341a0) thrown at [C:\re\workspace\8-2-build-windows-amd64-cygwin\jdk8u191\11896\hotspot\src\s
Event: 11.068 Thread 0x0000000004ac4000 Exception <a 'java/lang/ClassNotFoundException': org/springframework/boot/web/client/RestTemplateBuilderBeanInfo> (0x00000000ed0d7e08) thrown at [C:\re\workspace\8-2-build-windows-amd64-cygwin\jdk8u191\11896\hotspot\src\share\vm\classfile\systemDictionary
Event: 11.068 Thread 0x0000000004ac4000 Exception <a 'java/lang/ClassNotFoundException': org/springframework/boot/web/client/RestTemplateBuilderCustomizer> (0x00000000ed0ea818) thrown at [C:\re\workspace\8-2-build-windows-amd64-cygwin\jdk8u191\11896\hotspot\src\share\vm\classfile\systemDictiona
Event: 11.072 Thread 0x0000000004ac4000 Exception <a 'java/lang/ClassNotFoundException': java/lang/ObjectCustomizer> (0x00000000ed11fbf0) thrown at [C:\re\workspace\8-2-build-windows-amd64-cygwin\jdk8u191\11896\hotspot\src\share\vm\classfile\systemDictionary.cpp, line 210]
Event: 11.073 Thread 0x0000000004ac4000 Exception <a 'java/lang/ClassNotFoundException': org/springframework/boot/autoconfigure/web/embedded/EmbeddedWebServerFactoryCustomizerAutoConfigurationCustomizer> (0x00000000ed13fdd0) thrown at [C:\re\workspace\8-2-build-windows-amd64-cygwin\jdk8u191\118
Event: 11.074 Thread 0x0000000004ac4000 Exception <a 'java/lang/ClassNotFoundException': org/springframework/boot/autoconfigure/web/embedded/EmbeddedWebServerFactoryCustomizerAutoConfiguration$$EnhancerBySpringCGLIB$$bb49adb4Customizer> (0x00000000ed164150) thrown at [C:\re\workspace\8-2-build-
Event: 11.075 Thread 0x0000000004ac4000 Exception <a 'java/lang/ClassNotFoundException': org/springframework/context/annotation/ConfigurationClassEnhancer$EnhancedConfigurationCustomizer> (0x00000000ed183bd0) thrown at [C:\re\workspace\8-2-build-windows-amd64-cygwin\jdk8u191\11896\hotspot\src\s
Event: 11.078 Thread 0x0000000004ac4000 Exception <a 'java/lang/ClassNotFoundException': java/lang/ObjectCustomizer> (0x00000000ed19e558) thrown at [C:\re\workspace\8-2-build-windows-amd64-cygwin\jdk8u191\11896\hotspot\src\share\vm\classfile\systemDictionary.cpp, line 210]
Event: 11.079 Thread 0x0000000004ac4000 Exception <a 'java/lang/ClassNotFoundException': org/springframework/web/multipart/support/StandardServletMultipartResolverCustomizer> (0x00000000ed1b8c90) thrown at [C:\re\workspace\8-2-build-windows-amd64-cygwin\jdk8u191\11896\hotspot\src\share\vm\class
Event: 11.081 Thread 0x0000000004ac4000 Exception <a 'java/lang/ClassNotFoundException': org/springframework/web/multipart/MultipartResolverCustomizer> (0x00000000ed1d01c8) thrown at [C:\re\workspace\8-2-build-windows-amd64-cygwin\jdk8u191\11896\hotspot\src\share\vm\classfile\systemDictionary.c

Events (10 events):
Event: 12.047 loading class org/springframework/util/StopWatch$TaskInfo
Event: 12.047 loading class org/springframework/util/StopWatch$TaskInfo done
Event: 12.048 loading class org/apache/logging/log4j/message/ObjectMessage
Event: 12.048 loading class org/apache/logging/log4j/message/ObjectMessage done
Event: 12.051 loading class org/springframework/boot/ApplicationRunner
Event: 12.051 loading class org/springframework/boot/ApplicationRunner done
Event: 12.053 loading class org/springframework/boot/CommandLineRunner
Event: 12.053 loading class org/springframework/boot/CommandLineRunner done
Event: 12.059 Thread 0x0000000004ac4000 Thread exited: 0x0000000004ac4000
Event: 12.060 Thread 0x000000001881c000 Thread added: 0x000000001881c000


Dynamic libraries:
0x00007ff784890000 - 0x00007ff7848c7000 	E:\java\bin\java.exe
0x00007ffe89c30000 - 0x00007ffe89e10000 	C:\WINDOWS\SYSTEM32\ntdll.dll
0x00007ffe89980000 - 0x00007ffe89a2e000 	C:\WINDOWS\System32\KERNEL32.DLL
0x00007ffe86ce0000 - 0x00007ffe86f46000 	C:\WINDOWS\System32\KERNELBASE.dll
0x00007ffe892b0000 - 0x00007ffe89351000 	C:\WINDOWS\System32\ADVAPI32.dll
0x00007ffe897e0000 - 0x00007ffe8987d000 	C:\WINDOWS\System32\msvcrt.dll
0x00007ffe88da0000 - 0x00007ffe88dfb000 	C:\WINDOWS\System32\sechost.dll
0x00007ffe89ae0000 - 0x00007ffe89bff000 	C:\WINDOWS\System32\RPCRT4.dll
0x00007ffe88bb0000 - 0x00007ffe88d3f000 	C:\WINDOWS\System32\USER32.dll
0x00007ffe86cc0000 - 0x00007ffe86ce0000 	C:\WINDOWS\System32\win32u.dll
0x00007ffe89880000 - 0x00007ffe898a8000 	C:\WINDOWS\System32\GDI32.dll
0x00007ffe86b20000 - 0x00007ffe86cb3000 	C:\WINDOWS\System32\gdi32full.dll
0x00007ffe860e0000 - 0x00007ffe8617b000 	C:\WINDOWS\System32\msvcp_win.dll
0x00007ffe86f50000 - 0x00007ffe87046000 	C:\WINDOWS\System32\ucrtbase.dll
0x00007ffe7fef0000 - 0x00007ffe80159000 	C:\WINDOWS\WinSxS\amd64_microsoft.windows.common-controls_6595b64144ccf1df_6.0.16299.371_none_15c7d1789365a290\COMCTL32.dll
0x00007ffe89470000 - 0x00007ffe89778000 	C:\WINDOWS\System32\combase.dll
0x00007ffe868d0000 - 0x00007ffe86942000 	C:\WINDOWS\System32\bcryptPrimitives.dll
0x00007ffe89a30000 - 0x00007ffe89a5d000 	C:\WINDOWS\System32\IMM32.DLL
0x000000006dc40000 - 0x000000006dd12000 	E:\java\jre\bin\msvcr100.dll
0x000000006d390000 - 0x000000006dc34000 	E:\java\jre\bin\server\jvm.dll
0x00007ffe88e00000 - 0x00007ffe88e08000 	C:\WINDOWS\System32\PSAPI.DLL
0x00007ffe7f3d0000 - 0x00007ffe7f3d9000 	C:\WINDOWS\SYSTEM32\WSOCK32.dll
0x00007ffe89020000 - 0x00007ffe8908c000 	C:\WINDOWS\System32\WS2_32.dll
0x00007ffe83f30000 - 0x00007ffe83f53000 	C:\WINDOWS\SYSTEM32\WINMM.dll
0x00007ffe80fb0000 - 0x00007ffe80fba000 	C:\WINDOWS\SYSTEM32\VERSION.dll
0x00007ffe83f00000 - 0x00007ffe83f2a000 	C:\WINDOWS\SYSTEM32\WINMMBASE.dll
0x00007ffe86030000 - 0x00007ffe8607a000 	C:\WINDOWS\System32\cfgmgr32.dll
0x000000006d380000 - 0x000000006d38f000 	E:\java\jre\bin\verify.dll
0x000000006d350000 - 0x000000006d379000 	E:\java\jre\bin\java.dll
0x000000006d040000 - 0x000000006d063000 	E:\java\jre\bin\instrument.dll
0x000000006d330000 - 0x000000006d346000 	E:\java\jre\bin\zip.dll
0x00007ffe87550000 - 0x00007ffe88986000 	C:\WINDOWS\System32\SHELL32.dll
0x00007ffe89090000 - 0x00007ffe89136000 	C:\WINDOWS\System32\shcore.dll
0x00007ffe86180000 - 0x00007ffe868c7000 	C:\WINDOWS\System32\windows.storage.dll
0x00007ffe88d40000 - 0x00007ffe88d91000 	C:\WINDOWS\System32\shlwapi.dll
0x00007ffe85fc0000 - 0x00007ffe85fd1000 	C:\WINDOWS\System32\kernel.appcore.dll
0x00007ffe85fe0000 - 0x00007ffe8602c000 	C:\WINDOWS\System32\powrprof.dll
0x00007ffe85f80000 - 0x00007ffe85f9b000 	C:\WINDOWS\System32\profapi.dll
0x00007ffe7e3f0000 - 0x00007ffe7e40a000 	E:\idea\IntelliJ IDEA Community Edition 2018.2.1\bin\breakgen64.dll
0x000000006d300000 - 0x000000006d31a000 	E:\java\jre\bin\net.dll
0x00007ffe85810000 - 0x00007ffe85876000 	C:\WINDOWS\system32\mswsock.dll
0x000000006d320000 - 0x000000006d32d000 	E:\java\jre\bin\management.dll
0x00007ffe64460000 - 0x00007ffe64476000 	C:\WINDOWS\system32\napinsp.dll
0x00007ffe63e20000 - 0x00007ffe63e3a000 	C:\WINDOWS\system32\pnrpnsp.dll
0x00007ffe810c0000 - 0x00007ffe810d8000 	C:\WINDOWS\system32\NLAapi.dll
0x00007ffe855e0000 - 0x00007ffe85696000 	C:\WINDOWS\SYSTEM32\DNSAPI.dll
0x00007ffe89140000 - 0x00007ffe89148000 	C:\WINDOWS\System32\NSI.dll
0x00007ffe855a0000 - 0x00007ffe855d9000 	C:\WINDOWS\SYSTEM32\IPHLPAPI.DLL
0x00007ffe69f00000 - 0x00007ffe69f0e000 	C:\WINDOWS\System32\winrnr.dll
0x00007ffe60e60000 - 0x00007ffe60e75000 	C:\WINDOWS\System32\wshbth.dll
0x00007ffe7cec0000 - 0x00007ffe7ceca000 	C:\Windows\System32\rasadhlp.dll
0x00007ffe7d1c0000 - 0x00007ffe7d230000 	C:\WINDOWS\System32\fwpuclnt.dll
0x00007ffe85ae0000 - 0x00007ffe85b05000 	C:\WINDOWS\SYSTEM32\bcrypt.dll
0x000000006d2e0000 - 0x000000006d2f1000 	E:\java\jre\bin\nio.dll
0x00007ffe859d0000 - 0x00007ffe859e7000 	C:\WINDOWS\SYSTEM32\CRYPTSP.dll
0x00007ffe85410000 - 0x00007ffe85443000 	C:\WINDOWS\system32\rsaenh.dll
0x00007ffe85eb0000 - 0x00007ffe85ed9000 	C:\WINDOWS\SYSTEM32\USERENV.dll
0x00007ffe859f0000 - 0x00007ffe859fb000 	C:\WINDOWS\SYSTEM32\CRYPTBASE.dll
0x00007ffe81230000 - 0x00007ffe81246000 	C:\WINDOWS\SYSTEM32\dhcpcsvc6.DLL
0x00007ffe81300000 - 0x00007ffe8131a000 	C:\WINDOWS\SYSTEM32\dhcpcsvc.DLL

VM Arguments:
jvm_args: -javaagent:E:\idea\IntelliJ IDEA Community Edition 2018.2.1\lib\idea_rt.jar=56576:E:\idea\IntelliJ IDEA Community Edition 2018.2.1\bin -Dfile.encoding=UTF-8 
java_command: Application
java_class_path (initial): E:\java\jre\lib\charsets.jar;E:\java\jre\lib\deploy.jar;E:\java\jre\lib\ext\access-bridge-64.jar;E:\java\jre\lib\ext\cldrdata.jar;E:\java\jre\lib\ext\dnsns.jar;E:\java\jre\lib\ext\jaccess.jar;E:\java\jre\lib\ext\jfxrt.jar;E:\java\jre\lib\ext\localedata.jar;E:\java\jre\lib\ext\nashorn.jar;E:\java\jre\lib\ext\sunec.jar;E:\java\jre\lib\ext\sunjce_provider.jar;E:\java\jre\lib\ext\sunmscapi.jar;E:\java\jre\lib\ext\sunpkcs11.jar;E:\java\jre\lib\ext\zipfs.jar;E:\java\jre\lib\javaws.jar;E:\java\jre\lib\jce.jar;E:\java\jre\lib\jfr.jar;E:\java\jre\lib\jfxswt.jar;E:\java\jre\lib\jsse.jar;E:\java\jre\lib\management-agent.jar;E:\java\jre\lib\plugin.jar;E:\java\jre\lib\resources.jar;E:\java\jre\lib\rt.jar;C:\Users\Administrator\workspace\muke\AutoTest\Chapter10\target\classes;C:\Users\Administrator\.m2\repository\org\springframework\boot\spring-boot-starter-web\2.0.0.RELEASE\spring-boot-starter-web-2.0.0.RELEASE.jar;C:\Users\Administrator\.m2\repository\org\springframework\boot\spring-boot-starter\2.0.0.RELEASE\spring-boot-starter-2.0.0.RELEASE.jar;C:\Users\Administrator\.m2\repository\org\springframework\boot\spring-boot\2.0.0.RELEASE\spring-boot-2.0.0.RELEASE.jar;C:\Users\Administrator\.m2\repository\org\springframework\boot\spring-boot-autoconfigure\2.0.0.RELEASE\spring-boot-autoconfigure-2.0.0.RELEASE.jar;C:\Users\Administrator\.m2\repository\org\springframework\boot\spring-boot-starter-logging\2.0.0.RELEASE\spring-boot-starter-logging-2.0.0.RELEASE.jar;C:\Users\Administrator\.m2\repository\ch\qos\logback\logback-classic\1.2.3\logback-classic-1.2.3.jar;C:\Users\Administrator\.m2\repository\ch\qos\logback\logback-core\1.2.3\logback-core-1.2.3.jar;C:\Users\Administrator\.m2\repository\org\apache\logging\log4j\log4j-to-slf4j\2.10.0\log4j-to-slf4j-2.10.0.jar;C:\Users\Administrator\.m2\repository\org\apache\logging\log4j\log4j-api\2.10.0\log4j-api-2.10.0.jar;C:\Users\Administrator\.m2\repository\org\slf4j\jul-to-slf4j\1.7.25\jul-to-slf4j-1.7.25.jar;C:\
Launcher Type: SUN_STANDARD

Environment Variables:
JAVA_HOME=E:\java
PATH=C:\WINDOWS\system32;C:\WINDOWS;C:\WINDOWS\System32\Wbem;C:\WINDOWS\System32\WindowsPowerShell\v1.0\;E:\java\bin;E:\java\jre\bin;C:\android-sdk_r24.4.1-windows\android-sdk-windows\tools;C:\android-sdk_r24.4.1-windows\android-sdk-windows\platform-tools;C:\Python27;C:\Python27\Scripts;C:\android-sdk_r24.4.1-windows\android-sdk-windows\build-tools\27.0.2;C:\Program Files (x86)\Appium;E:\Maven\apachemaven_95391\apache-maven-3.3.9\bin;E:\git\Git\cmd;C:\Users\Administrator\AppData\Local\Microsoft\WindowsApps;
USERNAME=Administrator
OS=Windows_NT
PROCESSOR_IDENTIFIER=Intel64 Family 6 Model 58 Stepping 9, GenuineIntel



---------------  S Y S T E M  ---------------

OS: Windows 10.0 , 64 bit Build 16299 (10.0.16299.15)

CPU:total 4 (initial active 4) (2 cores per cpu, 2 threads per core) family 6 model 58 stepping 9, cmov, cx8, fxsr, mmx, sse, sse2, sse3, ssse3, sse4.1, sse4.2, popcnt, avx, aes, clmul, erms, ht, tsc, tscinvbit, tscinv

Memory: 4k page, physical 4056144k(376564k free), swap 7144528k(5616k free)

vm_info: Java HotSpot(TM) 64-Bit Server VM (25.191-b12) for windows-amd64 JRE (1.8.0_191-b12), built on Oct  6 2018 09:29:03 by "java_re" with MS VC++ 10.0 (VS2010)

time: Fri Nov 30 16:55:13 2018
elapsed time: 13 seconds (0d 0h 0m 13s)

