#
# There is insufficient memory for the Java Runtime Environment to continue.
# Native memory allocation (malloc) failed to allocate 169392 bytes for Chunk::new
# Possible reasons:
#   The system is out of physical RAM or swap space
#   In 32 bit mode, the process size limit was hit
# Possible solutions:
#   Reduce memory load on the system
#   Increase physical memory or swap space
#   Check if swap backing store is full
#   Use 64 bit Java on a 64 bit OS
#   Decrease Java heap size (-Xmx/-Xms)
#   Decrease number of Java threads
#   Decrease Java thread stack sizes (-Xss)
#   Set larger code cache with -XX:ReservedCodeCacheSize=
# This output file may be truncated or incomplete.
#
#  Out of Memory Error (allocation.cpp:390), pid=10896, tid=0x00000000000030e0
#
# JRE version: Java(TM) SE Runtime Environment (8.0_191-b12) (build 1.8.0_191-b12)
# Java VM: Java HotSpot(TM) 64-Bit Server VM (25.191-b12 mixed mode windows-amd64 compressed oops)
# Failed to write core dump. Minidumps are not enabled by default on client versions of Windows
#

---------------  T H R E A D  ---------------

Current thread (0x0000000018d3c000):  JavaThread "C2 CompilerThread0" daemon [_thread_in_native, id=12512, stack(0x00000000191a0000,0x00000000192a0000)]

Stack: [0x00000000191a0000,0x00000000192a0000]
[error occurred during error reporting (printing stack bounds), id 0xc0000005]

Native frames: (J=compiled Java code, j=interpreted, Vv=VM code, C=native code)


Current CompileTask:
C2:   6684 2220       4       java.net.URLClassLoader$1::run (5 bytes)


---------------  P R O C E S S  ---------------

Java Threads: ( => current thread )
  0x0000000018db2800 JavaThread "Service Thread" daemon [_thread_blocked, id=10252, stack(0x00000000194a0000,0x00000000195a0000)]
  0x0000000018da2000 JavaThread "C1 CompilerThread2" daemon [_thread_blocked, id=11872, stack(0x00000000193a0000,0x00000000194a0000)]
  0x0000000018d3d000 JavaThread "C2 CompilerThread1" daemon [_thread_in_native, id=8200, stack(0x00000000192a0000,0x00000000193a0000)]
=>0x0000000018d3c000 JavaThread "C2 CompilerThread0" daemon [_thread_in_native, id=12512, stack(0x00000000191a0000,0x00000000192a0000)]
  0x0000000018d1b000 JavaThread "Monitor Ctrl-Break" daemon [_thread_in_native, id=6556, stack(0x00000000190a0000,0x00000000191a0000)]
  0x0000000018ae3800 JavaThread "Attach Listener" daemon [_thread_blocked, id=5792, stack(0x0000000018fa0000,0x00000000190a0000)]
  0x00000000175f3800 JavaThread "Signal Dispatcher" daemon [_thread_blocked, id=12888, stack(0x0000000018ea0000,0x0000000018fa0000)]
  0x0000000005019000 JavaThread "Finalizer" daemon [_thread_blocked, id=8436, stack(0x0000000018840000,0x0000000018940000)]
  0x0000000005015800 JavaThread "Reference Handler" daemon [_thread_blocked, id=8088, stack(0x0000000018740000,0x0000000018840000)]
  0x0000000004f24000 JavaThread "main" [_thread_in_Java, id=6896, stack(0x00000000031d0000,0x00000000032d0000)]

Other Threads:
  0x00000000175a7800 VMThread [stack: 0x0000000018640000,0x0000000018740000] [id=1540]
  0x0000000018e68800 WatcherThread [stack: 0x00000000195a0000,0x00000000196a0000] [id=13292]

VM state:not at safepoint (normal execution)

VM Mutex/Monitor currently owned by a thread: None

Heap:
 PSYoungGen      total 118784K, used 25068K [0x00000000eb580000, 0x00000000f3e80000, 0x0000000100000000)
  eden space 111104K, 15% used [0x00000000eb580000,0x00000000ec67c698,0x00000000f2200000)
  from space 7680K, 99% used [0x00000000f3700000,0x00000000f3e7eac0,0x00000000f3e80000)
  to   space 9728K, 0% used [0x00000000f2b80000,0x00000000f2b80000,0x00000000f3500000)
 ParOldGen       total 28160K, used 7407K [0x00000000c2000000, 0x00000000c3b80000, 0x00000000eb580000)
  object space 28160K, 26% used [0x00000000c2000000,0x00000000c273bf90,0x00000000c3b80000)
 Metaspace       used 26290K, capacity 26962K, committed 27264K, reserved 1073152K
  class space    used 3396K, capacity 3585K, committed 3712K, reserved 1048576K

Card table byte_map: [0x0000000014400000,0x0000000014600000] byte_map_base: 0x0000000013df0000

Marking Bits: (ParMarkBitMap*) 0x000000006dbb3e30
 Begin Bits: [0x0000000014b50000, 0x0000000015ad0000)
 End Bits:   [0x0000000015ad0000, 0x0000000016a50000)

Polling page: 0x0000000002d50000

CodeCache: size=245760Kb used=8369Kb max_used=8589Kb free=237390Kb
 bounds [0x0000000005040000, 0x00000000058b0000, 0x0000000014040000]
 total_blobs=2715 nmethods=2322 adapters=305
 compilation: enabled

Compilation events (10 events):
Event: 6.675 Thread 0x0000000018da2000 nmethod 2522 0x0000000005227cd0 code [0x0000000005227fe0, 0x00000000052291c8]
Event: 6.675 Thread 0x0000000018da2000 2527       3       org.springframework.asm.ByteVector::putByteArray (49 bytes)
Event: 6.675 Thread 0x0000000018da2000 nmethod 2527 0x000000000551e990 code [0x000000000551eb00, 0x000000000551ee38]
Event: 6.675 Thread 0x0000000018da2000 2526       1       org.springframework.cglib.core.ReflectUtils$5::getModifiers (5 bytes)
Event: 6.675 Thread 0x0000000018da2000 nmethod 2526 0x000000000526bc50 code [0x000000000526bda0, 0x000000000526beb0]
Event: 6.676 Thread 0x0000000018da2000 2528       3       org.springframework.cglib.core.ClassEmitter::declare_field (109 bytes)
Event: 6.677 Thread 0x0000000018da2000 nmethod 2528 0x00000000051961d0 code [0x0000000005196480, 0x00000000051977a8]
Event: 6.677 Thread 0x0000000018da2000 2530       3       org.springframework.cglib.core.LocalVariablesSorter::remap (129 bytes)
Event: 6.678 Thread 0x0000000018da2000 nmethod 2530 0x0000000005195910 code [0x0000000005195aa0, 0x0000000005195f48]
Event: 6.678 Thread 0x0000000018da2000 2531       3       org.springframework.cglib.core.ClassEmitter::getFieldInfo (64 bytes)

GC Heap History (10 events):
Event: 2.970 GC heap before
{Heap before GC invocations=5 (full 0):
 PSYoungGen      total 34304K, used 34296K [0x00000000eb580000, 0x00000000ed980000, 0x0000000100000000)
  eden space 31744K, 100% used [0x00000000eb580000,0x00000000ed480000,0x00000000ed480000)
  from space 2560K, 99% used [0x00000000ed700000,0x00000000ed97e030,0x00000000ed980000)
  to   space 2560K, 0% used [0x00000000ed480000,0x00000000ed480000,0x00000000ed700000)
 ParOldGen       total 42496K, used 4561K [0x00000000c2000000, 0x00000000c4980000, 0x00000000eb580000)
  object space 42496K, 10% used [0x00000000c2000000,0x00000000c2474570,0x00000000c4980000)
 Metaspace       used 16957K, capacity 17416K, committed 17792K, reserved 1064960K
  class space    used 2199K, capacity 2322K, committed 2432K, reserved 1048576K
Event: 2.988 GC heap after
Heap after GC invocations=5 (full 0):
 PSYoungGen      total 34304K, used 2528K [0x00000000eb580000, 0x00000000f0080000, 0x0000000100000000)
  eden space 31744K, 0% used [0x00000000eb580000,0x00000000eb580000,0x00000000ed480000)
  from space 2560K, 98% used [0x00000000ed480000,0x00000000ed6f8330,0x00000000ed700000)
  to   space 6656K, 0% used [0x00000000efa00000,0x00000000efa00000,0x00000000f0080000)
 ParOldGen       total 42496K, used 8473K [0x00000000c2000000, 0x00000000c4980000, 0x00000000eb580000)
  object space 42496K, 19% used [0x00000000c2000000,0x00000000c28465d8,0x00000000c4980000)
 Metaspace       used 16957K, capacity 17416K, committed 17792K, reserved 1064960K
  class space    used 2199K, capacity 2322K, committed 2432K, reserved 1048576K
}
Event: 3.902 GC heap before
{Heap before GC invocations=6 (full 0):
 PSYoungGen      total 34304K, used 34272K [0x00000000eb580000, 0x00000000f0080000, 0x0000000100000000)
  eden space 31744K, 100% used [0x00000000eb580000,0x00000000ed480000,0x00000000ed480000)
  from space 2560K, 98% used [0x00000000ed480000,0x00000000ed6f8330,0x00000000ed700000)
  to   space 6656K, 0% used [0x00000000efa00000,0x00000000efa00000,0x00000000f0080000)
 ParOldGen       total 42496K, used 8473K [0x00000000c2000000, 0x00000000c4980000, 0x00000000eb580000)
  object space 42496K, 19% used [0x00000000c2000000,0x00000000c28465d8,0x00000000c4980000)
 Metaspace       used 20343K, capacity 20908K, committed 21248K, reserved 1067008K
  class space    used 2607K, capacity 2766K, committed 2816K, reserved 1048576K
Event: 3.919 GC heap after
Heap after GC invocations=6 (full 0):
 PSYoungGen      total 69120K, used 6642K [0x00000000eb580000, 0x00000000f0280000, 0x0000000100000000)
  eden space 62464K, 0% used [0x00000000eb580000,0x00000000eb580000,0x00000000ef280000)
  from space 6656K, 99% used [0x00000000efa00000,0x00000000f007c8d8,0x00000000f0080000)
  to   space 7680K, 0% used [0x00000000ef280000,0x00000000ef280000,0x00000000efa00000)
 ParOldGen       total 42496K, used 8924K [0x00000000c2000000, 0x00000000c4980000, 0x00000000eb580000)
  object space 42496K, 21% used [0x00000000c2000000,0x00000000c28b72b0,0x00000000c4980000)
 Metaspace       used 20343K, capacity 20908K, committed 21248K, reserved 1067008K
  class space    used 2607K, capacity 2766K, committed 2816K, reserved 1048576K
}
Event: 3.956 GC heap before
{Heap before GC invocations=7 (full 0):
 PSYoungGen      total 69120K, used 8610K [0x00000000eb580000, 0x00000000f0280000, 0x0000000100000000)
  eden space 62464K, 3% used [0x00000000eb580000,0x00000000eb76c0a8,0x00000000ef280000)
  from space 6656K, 99% used [0x00000000efa00000,0x00000000f007c8d8,0x00000000f0080000)
  to   space 7680K, 0% used [0x00000000ef280000,0x00000000ef280000,0x00000000efa00000)
 ParOldGen       total 42496K, used 8924K [0x00000000c2000000, 0x00000000c4980000, 0x00000000eb580000)
  object space 42496K, 21% used [0x00000000c2000000,0x00000000c28b72b0,0x00000000c4980000)
 Metaspace       used 20585K, capacity 21132K, committed 21248K, reserved 1067008K
  class space    used 2637K, capacity 2798K, committed 2816K, reserved 1048576K
Event: 3.971 GC heap after
Heap after GC invocations=7 (full 0):
 PSYoungGen      total 70144K, used 2560K [0x00000000eb580000, 0x00000000f3e80000, 0x0000000100000000)
  eden space 62464K, 0% used [0x00000000eb580000,0x00000000eb580000,0x00000000ef280000)
  from space 7680K, 33% used [0x00000000ef280000,0x00000000ef500000,0x00000000efa00000)
  to   space 7680K, 0% used [0x00000000f3700000,0x00000000f3700000,0x00000000f3e80000)
 ParOldGen       total 42496K, used 10062K [0x00000000c2000000, 0x00000000c4980000, 0x00000000eb580000)
  object space 42496K, 23% used [0x00000000c2000000,0x00000000c29d3bd0,0x00000000c4980000)
 Metaspace       used 20585K, capacity 21132K, committed 21248K, reserved 1067008K
  class space    used 2637K, capacity 2798K, committed 2816K, reserved 1048576K
}
Event: 3.971 GC heap before
{Heap before GC invocations=8 (full 1):
 PSYoungGen      total 70144K, used 2560K [0x00000000eb580000, 0x00000000f3e80000, 0x0000000100000000)
  eden space 62464K, 0% used [0x00000000eb580000,0x00000000eb580000,0x00000000ef280000)
  from space 7680K, 33% used [0x00000000ef280000,0x00000000ef500000,0x00000000efa00000)
  to   space 7680K, 0% used [0x00000000f3700000,0x00000000f3700000,0x00000000f3e80000)
 ParOldGen       total 42496K, used 10062K [0x00000000c2000000, 0x00000000c4980000, 0x00000000eb580000)
  object space 42496K, 23% used [0x00000000c2000000,0x00000000c29d3bd0,0x00000000c4980000)
 Metaspace       used 20585K, capacity 21132K, committed 21248K, reserved 1067008K
  class space    used 2637K, capacity 2798K, committed 2816K, reserved 1048576K
Event: 4.042 GC heap after
Heap after GC invocations=8 (full 1):
 PSYoungGen      total 70144K, used 0K [0x00000000eb580000, 0x00000000f3e80000, 0x0000000100000000)
  eden space 62464K, 0% used [0x00000000eb580000,0x00000000eb580000,0x00000000ef280000)
  from space 7680K, 0% used [0x00000000ef280000,0x00000000ef280000,0x00000000efa00000)
  to   space 7680K, 0% used [0x00000000f3700000,0x00000000f3700000,0x00000000f3e80000)
 ParOldGen       total 28160K, used 5248K [0x00000000c2000000, 0x00000000c3b80000, 0x00000000eb580000)
  object space 28160K, 18% used [0x00000000c2000000,0x00000000c25202f0,0x00000000c3b80000)
 Metaspace       used 20585K, capacity 21132K, committed 21248K, reserved 1067008K
  class space    used 2637K, capacity 2798K, committed 2816K, reserved 1048576K
}
Event: 6.168 GC heap before
{Heap before GC invocations=9 (full 1):
 PSYoungGen      total 70144K, used 62464K [0x00000000eb580000, 0x00000000f3e80000, 0x0000000100000000)
  eden space 62464K, 100% used [0x00000000eb580000,0x00000000ef280000,0x00000000ef280000)
  from space 7680K, 0% used [0x00000000ef280000,0x00000000ef280000,0x00000000efa00000)
  to   space 7680K, 0% used [0x00000000f3700000,0x00000000f3700000,0x00000000f3e80000)
 ParOldGen       total 28160K, used 5248K [0x00000000c2000000, 0x00000000c3b80000, 0x00000000eb580000)
  object space 28160K, 18% used [0x00000000c2000000,0x00000000c25202f0,0x00000000c3b80000)
 Metaspace       used 24790K, capacity 25472K, committed 25728K, reserved 1071104K
  class space    used 3197K, capacity 3390K, committed 3456K, reserved 1048576K
Event: 6.181 GC heap after
Heap after GC invocations=9 (full 1):
 PSYoungGen      total 118784K, used 7674K [0x00000000eb580000, 0x00000000f3e80000, 0x0000000100000000)
  eden space 111104K, 0% used [0x00000000eb580000,0x00000000eb580000,0x00000000f2200000)
  from space 7680K, 99% used [0x00000000f3700000,0x00000000f3e7eac0,0x00000000f3e80000)
  to   space 9728K, 0% used [0x00000000f2b80000,0x00000000f2b80000,0x00000000f3500000)
 ParOldGen       total 28160K, used 7407K [0x00000000c2000000, 0x00000000c3b80000, 0x00000000eb580000)
  object space 28160K, 26% used [0x00000000c2000000,0x00000000c273bf90,0x00000000c3b80000)
 Metaspace       used 24790K, capacity 25472K, committed 25728K, reserved 1071104K
  class space    used 3197K, capacity 3390K, committed 3456K, reserved 1048576K
}

Deoptimization events (10 events):
Event: 4.948 Thread 0x000000001987e000 Uncommon trap: reason=class_check action=maybe_recompile pc=0x00000000053d7f48 method=java.util.HashMap.putVal(ILjava/lang/Object;Ljava/lang/Object;ZZ)Ljava/lang/Object; @ 203
Event: 4.950 Thread 0x0000000004f24000 Uncommon trap: reason=bimorphic action=maybe_recompile pc=0x000000000579a2b8 method=java.util.HashMap.putVal(ILjava/lang/Object;Ljava/lang/Object;ZZ)Ljava/lang/Object; @ 203
Event: 4.952 Thread 0x0000000004f24000 Uncommon trap: reason=bimorphic action=maybe_recompile pc=0x000000000579a2b8 method=java.util.HashMap.putVal(ILjava/lang/Object;Ljava/lang/Object;ZZ)Ljava/lang/Object; @ 203
Event: 4.954 Thread 0x0000000004f24000 Uncommon trap: reason=bimorphic action=maybe_recompile pc=0x000000000579a2b8 method=java.util.HashMap.putVal(ILjava/lang/Object;Ljava/lang/Object;ZZ)Ljava/lang/Object; @ 203
Event: 4.957 Thread 0x0000000004f24000 Uncommon trap: reason=bimorphic action=maybe_recompile pc=0x000000000579a2b8 method=java.util.HashMap.putVal(ILjava/lang/Object;Ljava/lang/Object;ZZ)Ljava/lang/Object; @ 203
Event: 5.012 Thread 0x000000001987e000 Uncommon trap: reason=predicate action=maybe_recompile pc=0x00000000053fe868 method=java.lang.String.regionMatches(ZILjava/lang/String;II)Z @ 63
Event: 5.151 Thread 0x0000000004f24000 Uncommon trap: reason=null_assert action=make_not_entrant pc=0x000000000578b4d8 method=org.springframework.asm.ClassReader.readCode(Lorg/springframework/asm/MethodVisitor;Lorg/springframework/asm/Context;I)V @ 2690
Event: 6.562 Thread 0x0000000004f24000 Uncommon trap: reason=unstable_if action=reinterpret pc=0x00000000057f3e5c method=java.util.concurrent.ConcurrentHashMap.putVal(Ljava/lang/Object;Ljava/lang/Object;Z)Ljava/lang/Object; @ 206
Event: 6.593 Thread 0x0000000004f24000 Uncommon trap: reason=unstable_if action=reinterpret pc=0x0000000005675fe0 method=org.springframework.asm.MethodVisitor.visitMethodInsn(ILjava/lang/String;Ljava/lang/String;Ljava/lang/String;Z)V @ 50
Event: 6.626 Thread 0x0000000004f24000 Uncommon trap: reason=unstable_if action=reinterpret pc=0x00000000057783b4 method=java.util.LinkedList.node(I)Ljava/util/LinkedList$Node; @ 49

Classes redefined (0 events):
No events

Internal exceptions (10 events):
Event: 2.859 Thread 0x0000000004f24000 Exception <a 'java/lang/ClassNotFoundException': org/springframework/context/annotation/ConfigurationClassPostProcessorCustomizer> (0x00000000ed10a8b8) thrown at [C:\re\workspace\8-2-build-windows-amd64-cygwin\jdk8u191\11896\hotspot\src\share\vm\classfile
Event: 2.874 Thread 0x0000000004f24000 Exception <a 'java/lang/ClassNotFoundException': org/springframework/beans/factory/support/BeanDefinitionRegistryPostProcessorCustomizer> (0x00000000ed164560) thrown at [C:\re\workspace\8-2-build-windows-amd64-cygwin\jdk8u191\11896\hotspot\src\share\vm\cl
Event: 2.875 Thread 0x0000000004f24000 Exception <a 'java/lang/ClassNotFoundException': org/springframework/core/PriorityOrderedCustomizer> (0x00000000ed175290) thrown at [C:\re\workspace\8-2-build-windows-amd64-cygwin\jdk8u191\11896\hotspot\src\share\vm\classfile\systemDictionary.cpp, line 21
Event: 2.876 Thread 0x0000000004f24000 Exception <a 'java/lang/ClassNotFoundException': org/springframework/context/ResourceLoaderAwareCustomizer> (0x00000000ed186850) thrown at [C:\re\workspace\8-2-build-windows-amd64-cygwin\jdk8u191\11896\hotspot\src\share\vm\classfile\systemDictionary.cpp, 
Event: 2.877 Thread 0x0000000004f24000 Exception <a 'java/lang/ClassNotFoundException': org/springframework/beans/factory/BeanClassLoaderAwareCustomizer> (0x00000000ed19a920) thrown at [C:\re\workspace\8-2-build-windows-amd64-cygwin\jdk8u191\11896\hotspot\src\share\vm\classfile\systemDictionar
Event: 2.878 Thread 0x0000000004f24000 Exception <a 'java/lang/ClassNotFoundException': org/springframework/context/EnvironmentAwareCustomizer> (0x00000000ed1ac828) thrown at [C:\re\workspace\8-2-build-windows-amd64-cygwin\jdk8u191\11896\hotspot\src\share\vm\classfile\systemDictionary.cpp, lin
Event: 2.903 Thread 0x0000000004f24000 Exception <a 'java/lang/NoClassDefFoundError': org/reactivestreams/Publisher> (0x00000000ed2cc9f8) thrown at [C:\re\workspace\8-2-build-windows-amd64-cygwin\jdk8u191\11896\hotspot\src\share\vm\classfile\systemDictionary.cpp, line 199]
Event: 2.905 Thread 0x0000000004f24000 Exception <a 'java/lang/NoClassDefFoundError': rx/Observable> (0x00000000ed2d95f8) thrown at [C:\re\workspace\8-2-build-windows-amd64-cygwin\jdk8u191\11896\hotspot\src\share\vm\classfile\systemDictionary.cpp, line 199]
Event: 2.910 Thread 0x0000000004f24000 Exception <a 'java/lang/NoClassDefFoundError': org/reactivestreams/Publisher> (0x00000000ed2e8710) thrown at [C:\re\workspace\8-2-build-windows-amd64-cygwin\jdk8u191\11896\hotspot\src\share\vm\classfile\systemDictionary.cpp, line 199]
Event: 3.804 Thread 0x000000001987e000 Exception <a 'java/lang/IncompatibleClassChangeError': Found class java.lang.Object, but interface was expected> (0x00000000ed0d7698) thrown at [C:\re\workspace\8-2-build-windows-amd64-cygwin\jdk8u191\11896\hotspot\src\share\vm\interpreter\linkResolver.cp

Events (10 events):
Event: 6.597 loading class org/springframework/cglib/core/EmitUtils$6 done
Event: 6.605 loading class org/springframework/cglib/proxy/MethodProxy
Event: 6.605 loading class org/springframework/cglib/proxy/MethodProxy done
Event: 6.608 loading class org/springframework/cglib/proxy/MethodProxy$CreateInfo
Event: 6.608 loading class org/springframework/cglib/proxy/MethodProxy$CreateInfo done
Event: 6.609 loading class org/springframework/cglib/proxy/Enhancer$EnhancerFactoryData
Event: 6.609 loading class org/springframework/cglib/proxy/Enhancer$EnhancerFactoryData done
Event: 6.626 Thread 0x0000000004f24000 Uncommon trap: trap_request=0xffffff65 fr.pc=0x00000000057783b4
Event: 6.626 Thread 0x0000000004f24000 DEOPT PACKING pc=0x00000000057783b4 sp=0x00000000032ce840
Event: 6.626 Thread 0x0000000004f24000 DEOPT UNPACKING pc=0x000000000508583b sp=0x00000000032ce7c0 mode 2


Dynamic libraries:
0x00007ff784890000 - 0x00007ff7848c7000 	E:\java\bin\java.exe
0x00007ffe89c30000 - 0x00007ffe89e10000 	C:\WINDOWS\SYSTEM32\ntdll.dll
0x00007ffe89980000 - 0x00007ffe89a2e000 	C:\WINDOWS\System32\KERNEL32.DLL
0x00007ffe86ce0000 - 0x00007ffe86f46000 	C:\WINDOWS\System32\KERNELBASE.dll
0x00007ffe892b0000 - 0x00007ffe89351000 	C:\WINDOWS\System32\ADVAPI32.dll
0x00007ffe897e0000 - 0x00007ffe8987d000 	C:\WINDOWS\System32\msvcrt.dll
0x00007ffe88da0000 - 0x00007ffe88dfb000 	C:\WINDOWS\System32\sechost.dll
0x00007ffe89ae0000 - 0x00007ffe89bff000 	C:\WINDOWS\System32\RPCRT4.dll
0x00007ffe88bb0000 - 0x00007ffe88d3f000 	C:\WINDOWS\System32\USER32.dll
0x00007ffe86cc0000 - 0x00007ffe86ce0000 	C:\WINDOWS\System32\win32u.dll
0x00007ffe89880000 - 0x00007ffe898a8000 	C:\WINDOWS\System32\GDI32.dll
0x00007ffe86b20000 - 0x00007ffe86cb3000 	C:\WINDOWS\System32\gdi32full.dll
0x00007ffe860e0000 - 0x00007ffe8617b000 	C:\WINDOWS\System32\msvcp_win.dll
0x00007ffe86f50000 - 0x00007ffe87046000 	C:\WINDOWS\System32\ucrtbase.dll
0x00007ffe7fef0000 - 0x00007ffe80159000 	C:\WINDOWS\WinSxS\amd64_microsoft.windows.common-controls_6595b64144ccf1df_6.0.16299.371_none_15c7d1789365a290\COMCTL32.dll
0x00007ffe89470000 - 0x00007ffe89778000 	C:\WINDOWS\System32\combase.dll
0x00007ffe868d0000 - 0x00007ffe86942000 	C:\WINDOWS\System32\bcryptPrimitives.dll
0x00007ffe89a30000 - 0x00007ffe89a5d000 	C:\WINDOWS\System32\IMM32.DLL
0x000000006dc40000 - 0x000000006dd12000 	E:\java\jre\bin\msvcr100.dll
0x000000006d390000 - 0x000000006dc34000 	E:\java\jre\bin\server\jvm.dll
0x00007ffe88e00000 - 0x00007ffe88e08000 	C:\WINDOWS\System32\PSAPI.DLL
0x00007ffe83f30000 - 0x00007ffe83f53000 	C:\WINDOWS\SYSTEM32\WINMM.dll
0x00007ffe80fb0000 - 0x00007ffe80fba000 	C:\WINDOWS\SYSTEM32\VERSION.dll
0x00007ffe7f3d0000 - 0x00007ffe7f3d9000 	C:\WINDOWS\SYSTEM32\WSOCK32.dll
0x00007ffe89020000 - 0x00007ffe8908c000 	C:\WINDOWS\System32\WS2_32.dll
0x00007ffe83f00000 - 0x00007ffe83f2a000 	C:\WINDOWS\SYSTEM32\WINMMBASE.dll
0x00007ffe86030000 - 0x00007ffe8607a000 	C:\WINDOWS\System32\cfgmgr32.dll
0x000000006d380000 - 0x000000006d38f000 	E:\java\jre\bin\verify.dll
0x000000006d350000 - 0x000000006d379000 	E:\java\jre\bin\java.dll
0x000000006d040000 - 0x000000006d063000 	E:\java\jre\bin\instrument.dll
0x000000006d330000 - 0x000000006d346000 	E:\java\jre\bin\zip.dll
0x00007ffe87550000 - 0x00007ffe88986000 	C:\WINDOWS\System32\SHELL32.dll
0x00007ffe89090000 - 0x00007ffe89136000 	C:\WINDOWS\System32\shcore.dll
0x00007ffe86180000 - 0x00007ffe868c7000 	C:\WINDOWS\System32\windows.storage.dll
0x00007ffe88d40000 - 0x00007ffe88d91000 	C:\WINDOWS\System32\shlwapi.dll
0x00007ffe85fc0000 - 0x00007ffe85fd1000 	C:\WINDOWS\System32\kernel.appcore.dll
0x00007ffe85fe0000 - 0x00007ffe8602c000 	C:\WINDOWS\System32\powrprof.dll
0x00007ffe85f80000 - 0x00007ffe85f9b000 	C:\WINDOWS\System32\profapi.dll
0x00007ffe7d7a0000 - 0x00007ffe7d7ba000 	E:\idea\IntelliJ IDEA Community Edition 2018.2.1\bin\breakgen64.dll
0x000000006d300000 - 0x000000006d31a000 	E:\java\jre\bin\net.dll
0x00007ffe85810000 - 0x00007ffe85876000 	C:\WINDOWS\system32\mswsock.dll
0x000000006d320000 - 0x000000006d32d000 	E:\java\jre\bin\management.dll
0x00007ffe64460000 - 0x00007ffe64476000 	C:\WINDOWS\system32\napinsp.dll
0x00007ffe63e20000 - 0x00007ffe63e3a000 	C:\WINDOWS\system32\pnrpnsp.dll
0x00007ffe810c0000 - 0x00007ffe810d8000 	C:\WINDOWS\system32\NLAapi.dll
0x00007ffe855e0000 - 0x00007ffe85696000 	C:\WINDOWS\SYSTEM32\DNSAPI.dll
0x00007ffe89140000 - 0x00007ffe89148000 	C:\WINDOWS\System32\NSI.dll
0x00007ffe855a0000 - 0x00007ffe855d9000 	C:\WINDOWS\SYSTEM32\IPHLPAPI.DLL
0x00007ffe69f00000 - 0x00007ffe69f0e000 	C:\WINDOWS\System32\winrnr.dll
0x00007ffe60e60000 - 0x00007ffe60e75000 	C:\WINDOWS\System32\wshbth.dll
0x00007ffe7cec0000 - 0x00007ffe7ceca000 	C:\Windows\System32\rasadhlp.dll
0x00007ffe7d1c0000 - 0x00007ffe7d230000 	C:\WINDOWS\System32\fwpuclnt.dll
0x00007ffe85ae0000 - 0x00007ffe85b05000 	C:\WINDOWS\SYSTEM32\bcrypt.dll
0x000000006d2e0000 - 0x000000006d2f1000 	E:\java\jre\bin\nio.dll

VM Arguments:
jvm_args: -javaagent:E:\idea\IntelliJ IDEA Community Edition 2018.2.1\lib\idea_rt.jar=56397:E:\idea\IntelliJ IDEA Community Edition 2018.2.1\bin -Dfile.encoding=UTF-8 
java_command: Application
java_class_path (initial): E:\java\jre\lib\charsets.jar;E:\java\jre\lib\deploy.jar;E:\java\jre\lib\ext\access-bridge-64.jar;E:\java\jre\lib\ext\cldrdata.jar;E:\java\jre\lib\ext\dnsns.jar;E:\java\jre\lib\ext\jaccess.jar;E:\java\jre\lib\ext\jfxrt.jar;E:\java\jre\lib\ext\localedata.jar;E:\java\jre\lib\ext\nashorn.jar;E:\java\jre\lib\ext\sunec.jar;E:\java\jre\lib\ext\sunjce_provider.jar;E:\java\jre\lib\ext\sunmscapi.jar;E:\java\jre\lib\ext\sunpkcs11.jar;E:\java\jre\lib\ext\zipfs.jar;E:\java\jre\lib\javaws.jar;E:\java\jre\lib\jce.jar;E:\java\jre\lib\jfr.jar;E:\java\jre\lib\jfxswt.jar;E:\java\jre\lib\jsse.jar;E:\java\jre\lib\management-agent.jar;E:\java\jre\lib\plugin.jar;E:\java\jre\lib\resources.jar;E:\java\jre\lib\rt.jar;C:\Users\Administrator\workspace\muke\AutoTest\Chapter10\target\classes;C:\Users\Administrator\.m2\repository\org\springframework\boot\spring-boot-starter-web\2.0.0.RELEASE\spring-boot-starter-web-2.0.0.RELEASE.jar;C:\Users\Administrator\.m2\repository\org\springframework\boot\spring-boot-starter\2.0.0.RELEASE\spring-boot-starter-2.0.0.RELEASE.jar;C:\Users\Administrator\.m2\repository\org\springframework\boot\spring-boot\2.0.0.RELEASE\spring-boot-2.0.0.RELEASE.jar;C:\Users\Administrator\.m2\repository\org\springframework\boot\spring-boot-autoconfigure\2.0.0.RELEASE\spring-boot-autoconfigure-2.0.0.RELEASE.jar;C:\Users\Administrator\.m2\repository\org\springframework\boot\spring-boot-starter-logging\2.0.0.RELEASE\spring-boot-starter-logging-2.0.0.RELEASE.jar;C:\Users\Administrator\.m2\repository\ch\qos\logback\logback-classic\1.2.3\logback-classic-1.2.3.jar;C:\Users\Administrator\.m2\repository\ch\qos\logback\logback-core\1.2.3\logback-core-1.2.3.jar;C:\Users\Administrator\.m2\repository\org\apache\logging\log4j\log4j-to-slf4j\2.10.0\log4j-to-slf4j-2.10.0.jar;C:\Users\Administrator\.m2\repository\org\apache\logging\log4j\log4j-api\2.10.0\log4j-api-2.10.0.jar;C:\Users\Administrator\.m2\repository\org\slf4j\jul-to-slf4j\1.7.25\jul-to-slf4j-1.7.25.jar;C:\
Launcher Type: SUN_STANDARD

Environment Variables:
JAVA_HOME=E:\java
PATH=C:\WINDOWS\system32;C:\WINDOWS;C:\WINDOWS\System32\Wbem;C:\WINDOWS\System32\WindowsPowerShell\v1.0\;E:\java\bin;E:\java\jre\bin;C:\android-sdk_r24.4.1-windows\android-sdk-windows\tools;C:\android-sdk_r24.4.1-windows\android-sdk-windows\platform-tools;C:\Python27;C:\Python27\Scripts;C:\android-sdk_r24.4.1-windows\android-sdk-windows\build-tools\27.0.2;C:\Program Files (x86)\Appium;E:\Maven\apachemaven_95391\apache-maven-3.3.9\bin;E:\git\Git\cmd;C:\Users\Administrator\AppData\Local\Microsoft\WindowsApps;
USERNAME=Administrator
OS=Windows_NT
PROCESSOR_IDENTIFIER=Intel64 Family 6 Model 58 Stepping 9, GenuineIntel



---------------  S Y S T E M  ---------------

OS: Windows 10.0 , 64 bit Build 16299 (10.0.16299.15)

CPU:total 4 (initial active 4) (2 cores per cpu, 2 threads per core) family 6 model 58 stepping 9, cmov, cx8, fxsr, mmx, sse, sse2, sse3, ssse3, sse4.1, sse4.2, popcnt, avx, aes, clmul, erms, ht, tsc, tscinvbit, tscinv

Memory: 4k page, physical 4056144k(494960k free), swap 7144528k(5168k free)

vm_info: Java HotSpot(TM) 64-Bit Server VM (25.191-b12) for windows-amd64 JRE (1.8.0_191-b12), built on Oct  6 2018 09:29:03 by "java_re" with MS VC++ 10.0 (VS2010)

time: Fri Nov 30 16:53:15 2018
elapsed time: 6 seconds (0d 0h 0m 6s)

