#
# There is insufficient memory for the Java Runtime Environment to continue.
# Native memory allocation (malloc) failed to allocate 245136 bytes for Chunk::new
# Possible reasons:
#   The system is out of physical RAM or swap space
#   In 32 bit mode, the process size limit was hit
# Possible solutions:
#   Reduce memory load on the system
#   Increase physical memory or swap space
#   Check if swap backing store is full
#   Use 64 bit Java on a 64 bit OS
#   Decrease Java heap size (-Xmx/-Xms)
#   Decrease number of Java threads
#   Decrease Java thread stack sizes (-Xss)
#   Set larger code cache with -XX:ReservedCodeCacheSize=
# This output file may be truncated or incomplete.
#
#  Out of Memory Error (allocation.cpp:390), pid=11524, tid=0x0000000000003128
#
# JRE version: Java(TM) SE Runtime Environment (8.0_191-b12) (build 1.8.0_191-b12)
# Java VM: Java HotSpot(TM) 64-Bit Server VM (25.191-b12 mixed mode windows-amd64 compressed oops)
# Failed to write core dump. Minidumps are not enabled by default on client versions of Windows
#

---------------  T H R E A D  ---------------

Current thread (0x00000000188a1800):  JavaThread "C2 CompilerThread1" daemon [_thread_in_native, id=12584, stack(0x0000000018da0000,0x0000000018ea0000)]

Stack: [0x0000000018da0000,0x0000000018ea0000]
[error occurred during error reporting (printing stack bounds), id 0xc0000005]

Native frames: (J=compiled Java code, j=interpreted, Vv=VM code, C=native code)


Current CompileTask:
C2:  11012 3702       4       com.sun.beans.TypeResolver::resolve (37 bytes)


---------------  P R O C E S S  ---------------

Java Threads: ( => current thread )
  0x000000001c0a8800 JavaThread "container-0" [_thread_blocked, id=12256, stack(0x000000001f2a0000,0x000000001f3a0000)]
  0x000000001bea2000 JavaThread "ContainerBackgroundProcessor[StandardEngine[Tomcat]]" daemon [_thread_blocked, id=13120, stack(0x000000001f1a0000,0x000000001f2a0000)]
  0x000000001d487000 JavaThread "localhost-startStop-1" daemon [_thread_blocked, id=4820, stack(0x000000001f0a0000,0x000000001f1a0000)]
  0x000000001c324000 JavaThread "Tomcat-startStop-1" daemon [_thread_blocked, id=11116, stack(0x000000001efa0000,0x000000001f0a0000)]
  0x00000000188b0800 JavaThread "Service Thread" daemon [_thread_blocked, id=11168, stack(0x0000000018fa0000,0x00000000190a0000)]
  0x00000000188a4800 JavaThread "C1 CompilerThread2" daemon [_thread_blocked, id=6164, stack(0x0000000018ea0000,0x0000000018fa0000)]
=>0x00000000188a1800 JavaThread "C2 CompilerThread1" daemon [_thread_in_native, id=12584, stack(0x0000000018da0000,0x0000000018ea0000)]
  0x000000001883c000 JavaThread "C2 CompilerThread0" daemon [_thread_in_native, id=9292, stack(0x0000000018ca0000,0x0000000018da0000)]
  0x000000001875d000 JavaThread "Monitor Ctrl-Break" daemon [_thread_in_native, id=3740, stack(0x0000000018ba0000,0x0000000018ca0000)]
  0x00000000185e3800 JavaThread "Attach Listener" daemon [_thread_blocked, id=9948, stack(0x0000000018aa0000,0x0000000018ba0000)]
  0x0000000017154800 JavaThread "Signal Dispatcher" daemon [_thread_blocked, id=9448, stack(0x00000000189a0000,0x0000000018aa0000)]
  0x000000001712f000 JavaThread "Finalizer" daemon [_thread_blocked, id=3416, stack(0x00000000183a0000,0x00000000184a0000)]
  0x0000000004b94800 JavaThread "Reference Handler" daemon [_thread_blocked, id=884, stack(0x00000000182a0000,0x00000000183a0000)]
  0x0000000004aa4000 JavaThread "main" [_thread_in_vm, id=8860, stack(0x0000000004400000,0x0000000004500000)]

Other Threads:
  0x0000000017107800 VMThread [stack: 0x00000000181a0000,0x00000000182a0000] [id=9028]
  0x00000000188ad800 WatcherThread [stack: 0x00000000190a0000,0x00000000191a0000] [id=6380]

VM state:not at safepoint (normal execution)

VM Mutex/Monitor currently owned by a thread:  ([mutex/lock_event])
[0x0000000004aa2760] CompiledIC_lock - owner thread: 0x0000000000000000

Heap:
 PSYoungGen      total 98816K, used 7516K [0x00000000eb580000, 0x00000000f4f00000, 0x0000000100000000)
  eden space 89088K, 8% used [0x00000000eb580000,0x00000000ebcd71a8,0x00000000f0c80000)
  from space 9728K, 0% used [0x00000000f1b80000,0x00000000f1b80000,0x00000000f2500000)
  to   space 15360K, 0% used [0x00000000f0c80000,0x00000000f0c80000,0x00000000f1b80000)
 ParOldGen       total 61440K, used 21119K [0x00000000c2000000, 0x00000000c5c00000, 0x00000000eb580000)
  object space 61440K, 34% used [0x00000000c2000000,0x00000000c349fd50,0x00000000c5c00000)
 Metaspace       used 34548K, capacity 35862K, committed 35928K, reserved 1081344K
  class space    used 4440K, capacity 4681K, committed 4696K, reserved 1048576K

Card table byte_map: [0x0000000013f60000,0x0000000014160000] byte_map_base: 0x0000000013950000

Marking Bits: (ParMarkBitMap*) 0x000000006dbb3e30
 Begin Bits: [0x00000000146b0000, 0x0000000015630000)
 End Bits:   [0x0000000015630000, 0x00000000165b0000)

Polling page: 0x0000000002690000

CodeCache: size=245760Kb used=12284Kb max_used=12297Kb free=233475Kb
 bounds [0x0000000004ba0000, 0x00000000057b0000, 0x0000000013ba0000]
 total_blobs=3734 nmethods=3324 adapters=322
 compilation: enabled

Compilation events (10 events):
Event: 11.001 Thread 0x00000000188a4800 3757       3       java.lang.invoke.MethodHandleNatives::linkCallSite (65 bytes)
Event: 11.001 Thread 0x00000000188a4800 nmethod 3757 0x00000000057a5050 code [0x00000000057a5200, 0x00000000057a57e8]
Event: 11.002 Thread 0x00000000188a4800 3758       3       java.lang.invoke.LambdaForm$DMH/578866604::invokeStatic_L6_L (24 bytes)
Event: 11.003 Thread 0x00000000188a4800 nmethod 3758 0x00000000057a5a10 code [0x00000000057a5ba0, 0x00000000057a6158]
Event: 11.003 Thread 0x00000000188a4800 3759       3       java.lang.invoke.LambdaForm$MH/581374081::invoke_MT (34 bytes)
Event: 11.004 Thread 0x00000000188a4800 nmethod 3759 0x00000000057a62d0 code [0x00000000057a64c0, 0x00000000057a7318]
Event: 11.004 Thread 0x00000000188a4800 3760       3       java.lang.invoke.LambdaMetafactory::metafactory (35 bytes)
Event: 11.005 Thread 0x00000000188a4800 nmethod 3760 0x00000000057a7810 code [0x00000000057a79a0, 0x00000000057a7ca8]
Event: 11.005 Thread 0x00000000188a4800 3761       3       jdk.internal.org.objectweb.asm.MethodVisitor::visitFieldInsn (20 bytes)
Event: 11.005 Thread 0x00000000188a4800 nmethod 3761 0x00000000057a7dd0 code [0x00000000057a7f40, 0x00000000057a81a8]

GC Heap History (10 events):
Event: 6.260 GC heap before
{Heap before GC invocations=8 (full 1):
 PSYoungGen      total 69632K, used 62976K [0x00000000eb580000, 0x00000000f0180000, 0x0000000100000000)
  eden space 62976K, 100% used [0x00000000eb580000,0x00000000ef300000,0x00000000ef300000)
  from space 6656K, 0% used [0x00000000efa00000,0x00000000efa00000,0x00000000f0080000)
  to   space 7168K, 0% used [0x00000000ef300000,0x00000000ef300000,0x00000000efa00000)
 ParOldGen       total 35328K, used 7659K [0x00000000c2000000, 0x00000000c4280000, 0x00000000eb580000)
  object space 35328K, 21% used [0x00000000c2000000,0x00000000c277af78,0x00000000c4280000)
 Metaspace       used 24304K, capacity 24958K, committed 25088K, reserved 1071104K
  class space    used 3126K, capacity 3313K, committed 3328K, reserved 1048576K
Event: 6.283 GC heap after
Heap after GC invocations=8 (full 1):
 PSYoungGen      total 70144K, used 7155K [0x00000000eb580000, 0x00000000f2500000, 0x0000000100000000)
  eden space 62976K, 0% used [0x00000000eb580000,0x00000000eb580000,0x00000000ef300000)
  from space 7168K, 99% used [0x00000000ef300000,0x00000000ef9fcce0,0x00000000efa00000)
  to   space 9728K, 0% used [0x00000000f1b80000,0x00000000f1b80000,0x00000000f2500000)
 ParOldGen       total 35328K, used 10536K [0x00000000c2000000, 0x00000000c4280000, 0x00000000eb580000)
  object space 35328K, 29% used [0x00000000c2000000,0x00000000c2a4a2d0,0x00000000c4280000)
 Metaspace       used 24304K, capacity 24958K, committed 25088K, reserved 1071104K
  class space    used 3126K, capacity 3313K, committed 3328K, reserved 1048576K
}
Event: 8.087 GC heap before
{Heap before GC invocations=9 (full 1):
 PSYoungGen      total 70144K, used 70131K [0x00000000eb580000, 0x00000000f2500000, 0x0000000100000000)
  eden space 62976K, 100% used [0x00000000eb580000,0x00000000ef300000,0x00000000ef300000)
  from space 7168K, 99% used [0x00000000ef300000,0x00000000ef9fcce0,0x00000000efa00000)
  to   space 9728K, 0% used [0x00000000f1b80000,0x00000000f1b80000,0x00000000f2500000)
 ParOldGen       total 35328K, used 10536K [0x00000000c2000000, 0x00000000c4280000, 0x00000000eb580000)
  object space 35328K, 29% used [0x00000000c2000000,0x00000000c2a4a2d0,0x00000000c4280000)
 Metaspace       used 28831K, capacity 29958K, committed 30080K, reserved 1075200K
  class space    used 3723K, capacity 3957K, committed 3968K, reserved 1048576K
Event: 8.103 GC heap after
Heap after GC invocations=9 (full 1):
 PSYoungGen      total 101888K, used 9721K [0x00000000eb580000, 0x00000000f2800000, 0x0000000100000000)
  eden space 92160K, 0% used [0x00000000eb580000,0x00000000eb580000,0x00000000f0f80000)
  from space 9728K, 99% used [0x00000000f1b80000,0x00000000f24fe6d8,0x00000000f2500000)
  to   space 12288K, 0% used [0x00000000f0f80000,0x00000000f0f80000,0x00000000f1b80000)
 ParOldGen       total 35328K, used 13150K [0x00000000c2000000, 0x00000000c4280000, 0x00000000eb580000)
  object space 35328K, 37% used [0x00000000c2000000,0x00000000c2cd7b80,0x00000000c4280000)
 Metaspace       used 28831K, capacity 29958K, committed 30080K, reserved 1075200K
  class space    used 3723K, capacity 3957K, committed 3968K, reserved 1048576K
}
Event: 10.087 GC heap before
{Heap before GC invocations=10 (full 1):
 PSYoungGen      total 101888K, used 101881K [0x00000000eb580000, 0x00000000f2800000, 0x0000000100000000)
  eden space 92160K, 100% used [0x00000000eb580000,0x00000000f0f80000,0x00000000f0f80000)
  from space 9728K, 99% used [0x00000000f1b80000,0x00000000f24fe6d8,0x00000000f2500000)
  to   space 12288K, 0% used [0x00000000f0f80000,0x00000000f0f80000,0x00000000f1b80000)
 ParOldGen       total 35328K, used 13150K [0x00000000c2000000, 0x00000000c4280000, 0x00000000eb580000)
  object space 35328K, 37% used [0x00000000c2000000,0x00000000c2cd7b80,0x00000000c4280000)
 Metaspace       used 33417K, capacity 34634K, committed 34816K, reserved 1079296K
  class space    used 4285K, capacity 4531K, committed 4608K, reserved 1048576K
Event: 10.129 GC heap after
Heap after GC invocations=10 (full 1):
 PSYoungGen      total 104448K, used 12268K [0x00000000eb580000, 0x00000000f2800000, 0x0000000100000000)
  eden space 92160K, 0% used [0x00000000eb580000,0x00000000eb580000,0x00000000f0f80000)
  from space 12288K, 99% used [0x00000000f0f80000,0x00000000f1b7b120,0x00000000f1b80000)
  to   space 9728K, 0% used [0x00000000f1b80000,0x00000000f1b80000,0x00000000f2500000)
 ParOldGen       total 35328K, used 18241K [0x00000000c2000000, 0x00000000c4280000, 0x00000000eb580000)
  object space 35328K, 51% used [0x00000000c2000000,0x00000000c31d07a8,0x00000000c4280000)
 Metaspace       used 33417K, capacity 34634K, committed 34816K, reserved 1079296K
  class space    used 4285K, capacity 4531K, committed 4608K, reserved 1048576K
}
Event: 10.746 GC heap before
{Heap before GC invocations=11 (full 1):
 PSYoungGen      total 104448K, used 52346K [0x00000000eb580000, 0x00000000f2800000, 0x0000000100000000)
  eden space 92160K, 43% used [0x00000000eb580000,0x00000000edca38c0,0x00000000f0f80000)
  from space 12288K, 99% used [0x00000000f0f80000,0x00000000f1b7b120,0x00000000f1b80000)
  to   space 9728K, 0% used [0x00000000f1b80000,0x00000000f1b80000,0x00000000f2500000)
 ParOldGen       total 35328K, used 18241K [0x00000000c2000000, 0x00000000c4280000, 0x00000000eb580000)
  object space 35328K, 51% used [0x00000000c2000000,0x00000000c31d07a8,0x00000000c4280000)
 Metaspace       used 34209K, capacity 35336K, committed 35416K, reserved 1079296K
  class space    used 4391K, capacity 4632K, committed 4696K, reserved 1048576K
Event: 10.782 GC heap after
Heap after GC invocations=11 (full 1):
 PSYoungGen      total 98816K, used 7413K [0x00000000eb580000, 0x00000000f4f00000, 0x0000000100000000)
  eden space 89088K, 0% used [0x00000000eb580000,0x00000000eb580000,0x00000000f0c80000)
  from space 9728K, 76% used [0x00000000f1b80000,0x00000000f22bd470,0x00000000f2500000)
  to   space 15360K, 0% used [0x00000000f0c80000,0x00000000f0c80000,0x00000000f1b80000)
 ParOldGen       total 35328K, used 25846K [0x00000000c2000000, 0x00000000c4280000, 0x00000000eb580000)
  object space 35328K, 73% used [0x00000000c2000000,0x00000000c393d800,0x00000000c4280000)
 Metaspace       used 34209K, capacity 35336K, committed 35416K, reserved 1079296K
  class space    used 4391K, capacity 4632K, committed 4696K, reserved 1048576K
}
Event: 10.782 GC heap before
{Heap before GC invocations=12 (full 2):
 PSYoungGen      total 98816K, used 7413K [0x00000000eb580000, 0x00000000f4f00000, 0x0000000100000000)
  eden space 89088K, 0% used [0x00000000eb580000,0x00000000eb580000,0x00000000f0c80000)
  from space 9728K, 76% used [0x00000000f1b80000,0x00000000f22bd470,0x00000000f2500000)
  to   space 15360K, 0% used [0x00000000f0c80000,0x00000000f0c80000,0x00000000f1b80000)
 ParOldGen       total 35328K, used 25846K [0x00000000c2000000, 0x00000000c4280000, 0x00000000eb580000)
  object space 35328K, 73% used [0x00000000c2000000,0x00000000c393d800,0x00000000c4280000)
 Metaspace       used 34209K, capacity 35336K, committed 35416K, reserved 1079296K
  class space    used 4391K, capacity 4632K, committed 4696K, reserved 1048576K
Event: 10.887 GC heap after
Heap after GC invocations=12 (full 2):
 PSYoungGen      total 98816K, used 0K [0x00000000eb580000, 0x00000000f4f00000, 0x0000000100000000)
  eden space 89088K, 0% used [0x00000000eb580000,0x00000000eb580000,0x00000000f0c80000)
  from space 9728K, 0% used [0x00000000f1b80000,0x00000000f1b80000,0x00000000f2500000)
  to   space 15360K, 0% used [0x00000000f0c80000,0x00000000f0c80000,0x00000000f1b80000)
 ParOldGen       total 61440K, used 21119K [0x00000000c2000000, 0x00000000c5c00000, 0x00000000eb580000)
  object space 61440K, 34% used [0x00000000c2000000,0x00000000c349fd50,0x00000000c5c00000)
 Metaspace       used 34209K, capacity 35336K, committed 35416K, reserved 1079296K
  class space    used 4391K, capacity 4632K, committed 4696K, reserved 1048576K
}

Deoptimization events (10 events):
Event: 9.350 Thread 0x0000000004aa4000 Uncommon trap: reason=class_check action=maybe_recompile pc=0x00000000055b62a0 method=org.springframework.beans.factory.support.AbstractBeanFactory.isTypeMatch(Ljava/lang/String;Lorg/springframework/core/ResolvableType;)Z @ 47
Event: 9.558 Thread 0x0000000004aa4000 Uncommon trap: reason=unstable_if action=reinterpret pc=0x00000000053d638c method=org.springframework.asm.ClassReader.readCode(Lorg/springframework/asm/MethodVisitor;Lorg/springframework/asm/Context;I)V @ 830
Event: 9.740 Thread 0x0000000004aa4000 Uncommon trap: reason=unstable_if action=reinterpret pc=0x00000000055470d8 method=org.springframework.asm.Frame.merge(Lorg/springframework/asm/ClassWriter;I[II)Z @ 80
Event: 9.740 Thread 0x0000000004aa4000 Uncommon trap: reason=unstable_if action=reinterpret pc=0x00000000055421a4 method=org.springframework.asm.Frame.merge(Lorg/springframework/asm/ClassWriter;I[II)Z @ 80
Event: 9.747 Thread 0x0000000004aa4000 Uncommon trap: reason=range_check action=make_not_entrant pc=0x000000000568ab30 method=java.lang.String.charAt(I)C @ 27
Event: 10.462 Thread 0x0000000004aa4000 Uncommon trap: reason=class_check action=maybe_recompile pc=0x0000000004fef520 method=java.lang.reflect.Array.newInstance(Ljava/lang/Class;I)Ljava/lang/Object; @ 2
Event: 10.462 Thread 0x0000000004aa4000 Uncommon trap: reason=class_check action=maybe_recompile pc=0x0000000004fef520 method=java.lang.reflect.Array.newInstance(Ljava/lang/Class;I)Ljava/lang/Object; @ 2
Event: 10.462 Thread 0x0000000004aa4000 Uncommon trap: reason=class_check action=maybe_recompile pc=0x0000000004fef520 method=java.lang.reflect.Array.newInstance(Ljava/lang/Class;I)Ljava/lang/Object; @ 2
Event: 10.462 Thread 0x0000000004aa4000 Uncommon trap: reason=class_check action=maybe_recompile pc=0x0000000004fef520 method=java.lang.reflect.Array.newInstance(Ljava/lang/Class;I)Ljava/lang/Object; @ 2
Event: 10.624 Thread 0x0000000004aa4000 Uncommon trap: reason=unstable_if action=reinterpret pc=0x0000000005591f98 method=java.util.IdentityHashMap.get(Ljava/lang/Object;)Ljava/lang/Object; @ 31

Classes redefined (0 events):
No events

Internal exceptions (10 events):
Event: 10.984 Thread 0x0000000004aa4000 Exception <a 'java/lang/ClassNotFoundException': org/springframework/web/context/support/WebApplicationObjectSupportCustomizer> (0x00000000eba5cb70) thrown at [C:\re\workspace\8-2-build-windows-amd64-cygwin\jdk8u191\11896\hotspot\src\share\vm\classfile\sy
Event: 10.985 Thread 0x0000000004aa4000 Exception <a 'java/lang/ClassNotFoundException': org/springframework/web/servlet/handler/AbstractHandlerMappingCustomizer> (0x00000000eba73378) thrown at [C:\re\workspace\8-2-build-windows-amd64-cygwin\jdk8u191\11896\hotspot\src\share\vm\classfile\systemD
Event: 10.986 Thread 0x0000000004aa4000 Exception <a 'java/lang/ClassNotFoundException': org/springframework/web/servlet/handler/AbstractUrlHandlerMappingCustomizer> (0x00000000eba9f6c8) thrown at [C:\re\workspace\8-2-build-windows-amd64-cygwin\jdk8u191\11896\hotspot\src\share\vm\classfile\syst
Event: 10.987 Thread 0x0000000004aa4000 Exception <a 'java/lang/ClassNotFoundException': org/springframework/web/servlet/handler/AbstractDetectingUrlHandlerMappingCustomizer> (0x00000000ebac3750) thrown at [C:\re\workspace\8-2-build-windows-amd64-cygwin\jdk8u191\11896\hotspot\src\share\vm\class
Event: 10.987 Thread 0x0000000004aa4000 Exception <a 'java/lang/ClassNotFoundException': org/springframework/web/servlet/handler/BeanNameUrlHandlerMappingCustomizer> (0x00000000ebae0a90) thrown at [C:\re\workspace\8-2-build-windows-amd64-cygwin\jdk8u191\11896\hotspot\src\share\vm\classfile\syst
Event: 10.989 Thread 0x0000000004aa4000 Exception <a 'java/lang/ClassNotFoundException': org/springframework/web/servlet/handler/MatchableHandlerMappingCustomizer> (0x00000000ebb0d778) thrown at [C:\re\workspace\8-2-build-windows-amd64-cygwin\jdk8u191\11896\hotspot\src\share\vm\classfile\system
Event: 10.989 Thread 0x0000000004aa4000 Exception <a 'java/lang/ClassNotFoundException': org/springframework/web/servlet/HandlerMappingCustomizer> (0x00000000ebb1f998) thrown at [C:\re\workspace\8-2-build-windows-amd64-cygwin\jdk8u191\11896\hotspot\src\share\vm\classfile\systemDictionary.cpp, l
Event: 10.990 Thread 0x0000000004aa4000 Exception <a 'java/lang/ClassNotFoundException': org/springframework/core/OrderedCustomizer> (0x00000000ebb2e600) thrown at [C:\re\workspace\8-2-build-windows-amd64-cygwin\jdk8u191\11896\hotspot\src\share\vm\classfile\systemDictionary.cpp, line 210]
Event: 10.991 Thread 0x0000000004aa4000 Exception <a 'java/lang/ClassNotFoundException': org/springframework/web/context/ServletContextAwareCustomizer> (0x00000000ebb41778) thrown at [C:\re\workspace\8-2-build-windows-amd64-cygwin\jdk8u191\11896\hotspot\src\share\vm\classfile\systemDictionary.c
Event: 10.992 Thread 0x0000000004aa4000 Exception <a 'java/lang/ClassNotFoundException': org/springframework/context/ApplicationContextAwareCustomizer> (0x00000000ebb54d68) thrown at [C:\re\workspace\8-2-build-windows-amd64-cygwin\jdk8u191\11896\hotspot\src\share\vm\classfile\systemDictionary.c

Events (10 events):
Event: 11.004 loading class org/springframework/http/CacheControl
Event: 11.004 loading class org/springframework/http/CacheControl done
Event: 11.005 loading class org/springframework/boot/autoconfigure/web/ResourceProperties$Cache$Cachecontrol
Event: 11.005 loading class org/springframework/boot/autoconfigure/web/ResourceProperties$Cache$Cachecontrol done
Event: 11.005 loading class org/springframework/http/CacheControl
Event: 11.005 loading class org/springframework/http/CacheControl done
Event: 11.005 loading class org/springframework/http/CacheControl
Event: 11.005 loading class org/springframework/http/CacheControl done
Event: 11.006 loading class org/springframework/web/servlet/resource/ResourceTransformerChain
Event: 11.006 loading class org/springframework/web/servlet/resource/ResourceTransformerChain done


Dynamic libraries:
0x00007ff784890000 - 0x00007ff7848c7000 	E:\java\bin\java.exe
0x00007ffe89c30000 - 0x00007ffe89e10000 	C:\WINDOWS\SYSTEM32\ntdll.dll
0x00007ffe89980000 - 0x00007ffe89a2e000 	C:\WINDOWS\System32\KERNEL32.DLL
0x00007ffe86ce0000 - 0x00007ffe86f46000 	C:\WINDOWS\System32\KERNELBASE.dll
0x00007ffe892b0000 - 0x00007ffe89351000 	C:\WINDOWS\System32\ADVAPI32.dll
0x00007ffe897e0000 - 0x00007ffe8987d000 	C:\WINDOWS\System32\msvcrt.dll
0x00007ffe88da0000 - 0x00007ffe88dfb000 	C:\WINDOWS\System32\sechost.dll
0x00007ffe89ae0000 - 0x00007ffe89bff000 	C:\WINDOWS\System32\RPCRT4.dll
0x00007ffe88bb0000 - 0x00007ffe88d3f000 	C:\WINDOWS\System32\USER32.dll
0x00007ffe86cc0000 - 0x00007ffe86ce0000 	C:\WINDOWS\System32\win32u.dll
0x00007ffe89880000 - 0x00007ffe898a8000 	C:\WINDOWS\System32\GDI32.dll
0x00007ffe86b20000 - 0x00007ffe86cb3000 	C:\WINDOWS\System32\gdi32full.dll
0x00007ffe860e0000 - 0x00007ffe8617b000 	C:\WINDOWS\System32\msvcp_win.dll
0x00007ffe86f50000 - 0x00007ffe87046000 	C:\WINDOWS\System32\ucrtbase.dll
0x00007ffe7fef0000 - 0x00007ffe80159000 	C:\WINDOWS\WinSxS\amd64_microsoft.windows.common-controls_6595b64144ccf1df_6.0.16299.371_none_15c7d1789365a290\COMCTL32.dll
0x00007ffe89470000 - 0x00007ffe89778000 	C:\WINDOWS\System32\combase.dll
0x00007ffe868d0000 - 0x00007ffe86942000 	C:\WINDOWS\System32\bcryptPrimitives.dll
0x00007ffe89a30000 - 0x00007ffe89a5d000 	C:\WINDOWS\System32\IMM32.DLL
0x000000006dc40000 - 0x000000006dd12000 	E:\java\jre\bin\msvcr100.dll
0x000000006d390000 - 0x000000006dc34000 	E:\java\jre\bin\server\jvm.dll
0x00007ffe88e00000 - 0x00007ffe88e08000 	C:\WINDOWS\System32\PSAPI.DLL
0x00007ffe7f3d0000 - 0x00007ffe7f3d9000 	C:\WINDOWS\SYSTEM32\WSOCK32.dll
0x00007ffe89020000 - 0x00007ffe8908c000 	C:\WINDOWS\System32\WS2_32.dll
0x00007ffe83f30000 - 0x00007ffe83f53000 	C:\WINDOWS\SYSTEM32\WINMM.dll
0x00007ffe80fb0000 - 0x00007ffe80fba000 	C:\WINDOWS\SYSTEM32\VERSION.dll
0x00007ffe83f00000 - 0x00007ffe83f2a000 	C:\WINDOWS\SYSTEM32\WINMMBASE.dll
0x00007ffe86030000 - 0x00007ffe8607a000 	C:\WINDOWS\System32\cfgmgr32.dll
0x000000006d380000 - 0x000000006d38f000 	E:\java\jre\bin\verify.dll
0x000000006d350000 - 0x000000006d379000 	E:\java\jre\bin\java.dll
0x000000006d040000 - 0x000000006d063000 	E:\java\jre\bin\instrument.dll
0x000000006d330000 - 0x000000006d346000 	E:\java\jre\bin\zip.dll
0x00007ffe87550000 - 0x00007ffe88986000 	C:\WINDOWS\System32\SHELL32.dll
0x00007ffe89090000 - 0x00007ffe89136000 	C:\WINDOWS\System32\shcore.dll
0x00007ffe86180000 - 0x00007ffe868c7000 	C:\WINDOWS\System32\windows.storage.dll
0x00007ffe88d40000 - 0x00007ffe88d91000 	C:\WINDOWS\System32\shlwapi.dll
0x00007ffe85fc0000 - 0x00007ffe85fd1000 	C:\WINDOWS\System32\kernel.appcore.dll
0x00007ffe85fe0000 - 0x00007ffe8602c000 	C:\WINDOWS\System32\powrprof.dll
0x00007ffe85f80000 - 0x00007ffe85f9b000 	C:\WINDOWS\System32\profapi.dll
0x00007ffe7e3f0000 - 0x00007ffe7e40a000 	E:\idea\IntelliJ IDEA Community Edition 2018.2.1\bin\breakgen64.dll
0x000000006d300000 - 0x000000006d31a000 	E:\java\jre\bin\net.dll
0x00007ffe85810000 - 0x00007ffe85876000 	C:\WINDOWS\system32\mswsock.dll
0x000000006d320000 - 0x000000006d32d000 	E:\java\jre\bin\management.dll
0x00007ffe64460000 - 0x00007ffe64476000 	C:\WINDOWS\system32\napinsp.dll
0x00007ffe63e20000 - 0x00007ffe63e3a000 	C:\WINDOWS\system32\pnrpnsp.dll
0x00007ffe810c0000 - 0x00007ffe810d8000 	C:\WINDOWS\system32\NLAapi.dll
0x00007ffe855e0000 - 0x00007ffe85696000 	C:\WINDOWS\SYSTEM32\DNSAPI.dll
0x00007ffe89140000 - 0x00007ffe89148000 	C:\WINDOWS\System32\NSI.dll
0x00007ffe855a0000 - 0x00007ffe855d9000 	C:\WINDOWS\SYSTEM32\IPHLPAPI.DLL
0x00007ffe69f00000 - 0x00007ffe69f0e000 	C:\WINDOWS\System32\winrnr.dll
0x00007ffe60e60000 - 0x00007ffe60e75000 	C:\WINDOWS\System32\wshbth.dll
0x00007ffe7cec0000 - 0x00007ffe7ceca000 	C:\Windows\System32\rasadhlp.dll
0x00007ffe7d1c0000 - 0x00007ffe7d230000 	C:\WINDOWS\System32\fwpuclnt.dll
0x00007ffe85ae0000 - 0x00007ffe85b05000 	C:\WINDOWS\SYSTEM32\bcrypt.dll
0x000000006d2e0000 - 0x000000006d2f1000 	E:\java\jre\bin\nio.dll
0x00007ffe859d0000 - 0x00007ffe859e7000 	C:\WINDOWS\SYSTEM32\CRYPTSP.dll
0x00007ffe85410000 - 0x00007ffe85443000 	C:\WINDOWS\system32\rsaenh.dll
0x00007ffe85eb0000 - 0x00007ffe85ed9000 	C:\WINDOWS\SYSTEM32\USERENV.dll
0x00007ffe859f0000 - 0x00007ffe859fb000 	C:\WINDOWS\SYSTEM32\CRYPTBASE.dll
0x00007ffe81230000 - 0x00007ffe81246000 	C:\WINDOWS\SYSTEM32\dhcpcsvc6.DLL
0x00007ffe81300000 - 0x00007ffe8131a000 	C:\WINDOWS\SYSTEM32\dhcpcsvc.DLL

VM Arguments:
jvm_args: -javaagent:E:\idea\IntelliJ IDEA Community Edition 2018.2.1\lib\idea_rt.jar=56500:E:\idea\IntelliJ IDEA Community Edition 2018.2.1\bin -Dfile.encoding=UTF-8 
java_command: Application
java_class_path (initial): E:\java\jre\lib\charsets.jar;E:\java\jre\lib\deploy.jar;E:\java\jre\lib\ext\access-bridge-64.jar;E:\java\jre\lib\ext\cldrdata.jar;E:\java\jre\lib\ext\dnsns.jar;E:\java\jre\lib\ext\jaccess.jar;E:\java\jre\lib\ext\jfxrt.jar;E:\java\jre\lib\ext\localedata.jar;E:\java\jre\lib\ext\nashorn.jar;E:\java\jre\lib\ext\sunec.jar;E:\java\jre\lib\ext\sunjce_provider.jar;E:\java\jre\lib\ext\sunmscapi.jar;E:\java\jre\lib\ext\sunpkcs11.jar;E:\java\jre\lib\ext\zipfs.jar;E:\java\jre\lib\javaws.jar;E:\java\jre\lib\jce.jar;E:\java\jre\lib\jfr.jar;E:\java\jre\lib\jfxswt.jar;E:\java\jre\lib\jsse.jar;E:\java\jre\lib\management-agent.jar;E:\java\jre\lib\plugin.jar;E:\java\jre\lib\resources.jar;E:\java\jre\lib\rt.jar;C:\Users\Administrator\workspace\muke\AutoTest\Chapter10\target\classes;C:\Users\Administrator\.m2\repository\org\springframework\boot\spring-boot-starter-web\2.0.0.RELEASE\spring-boot-starter-web-2.0.0.RELEASE.jar;C:\Users\Administrator\.m2\repository\org\springframework\boot\spring-boot-starter\2.0.0.RELEASE\spring-boot-starter-2.0.0.RELEASE.jar;C:\Users\Administrator\.m2\repository\org\springframework\boot\spring-boot\2.0.0.RELEASE\spring-boot-2.0.0.RELEASE.jar;C:\Users\Administrator\.m2\repository\org\springframework\boot\spring-boot-autoconfigure\2.0.0.RELEASE\spring-boot-autoconfigure-2.0.0.RELEASE.jar;C:\Users\Administrator\.m2\repository\org\springframework\boot\spring-boot-starter-logging\2.0.0.RELEASE\spring-boot-starter-logging-2.0.0.RELEASE.jar;C:\Users\Administrator\.m2\repository\ch\qos\logback\logback-classic\1.2.3\logback-classic-1.2.3.jar;C:\Users\Administrator\.m2\repository\ch\qos\logback\logback-core\1.2.3\logback-core-1.2.3.jar;C:\Users\Administrator\.m2\repository\org\apache\logging\log4j\log4j-to-slf4j\2.10.0\log4j-to-slf4j-2.10.0.jar;C:\Users\Administrator\.m2\repository\org\apache\logging\log4j\log4j-api\2.10.0\log4j-api-2.10.0.jar;C:\Users\Administrator\.m2\repository\org\slf4j\jul-to-slf4j\1.7.25\jul-to-slf4j-1.7.25.jar;C:\
Launcher Type: SUN_STANDARD

Environment Variables:
JAVA_HOME=E:\java
PATH=C:\WINDOWS\system32;C:\WINDOWS;C:\WINDOWS\System32\Wbem;C:\WINDOWS\System32\WindowsPowerShell\v1.0\;E:\java\bin;E:\java\jre\bin;C:\android-sdk_r24.4.1-windows\android-sdk-windows\tools;C:\android-sdk_r24.4.1-windows\android-sdk-windows\platform-tools;C:\Python27;C:\Python27\Scripts;C:\android-sdk_r24.4.1-windows\android-sdk-windows\build-tools\27.0.2;C:\Program Files (x86)\Appium;E:\Maven\apachemaven_95391\apache-maven-3.3.9\bin;E:\git\Git\cmd;C:\Users\Administrator\AppData\Local\Microsoft\WindowsApps;
USERNAME=Administrator
OS=Windows_NT
PROCESSOR_IDENTIFIER=Intel64 Family 6 Model 58 Stepping 9, GenuineIntel



---------------  S Y S T E M  ---------------

OS: Windows 10.0 , 64 bit Build 16299 (10.0.16299.15)

CPU:total 4 (initial active 4) (2 cores per cpu, 2 threads per core) family 6 model 58 stepping 9, cmov, cx8, fxsr, mmx, sse, sse2, sse3, ssse3, sse4.1, sse4.2, popcnt, avx, aes, clmul, erms, ht, tsc, tscinvbit, tscinv

Memory: 4k page, physical 4056144k(439336k free), swap 7144528k(5304k free)

vm_info: Java HotSpot(TM) 64-Bit Server VM (25.191-b12) for windows-amd64 JRE (1.8.0_191-b12), built on Oct  6 2018 09:29:03 by "java_re" with MS VC++ 10.0 (VS2010)

time: Fri Nov 30 16:54:22 2018
elapsed time: 11 seconds (0d 0h 0m 11s)

