#
# There is insufficient memory for the Java Runtime Environment to continue.
# Native memory allocation (malloc) failed to allocate 756976 bytes for Chunk::new
# Possible reasons:
#   The system is out of physical RAM or swap space
#   In 32 bit mode, the process size limit was hit
# Possible solutions:
#   Reduce memory load on the system
#   Increase physical memory or swap space
#   Check if swap backing store is full
#   Use 64 bit Java on a 64 bit OS
#   Decrease Java heap size (-Xmx/-Xms)
#   Decrease number of Java threads
#   Decrease Java thread stack sizes (-Xss)
#   Set larger code cache with -XX:ReservedCodeCacheSize=
# This output file may be truncated or incomplete.
#
#  Out of Memory Error (allocation.cpp:390), pid=2396, tid=0x000000000000149c
#
# JRE version: Java(TM) SE Runtime Environment (8.0_191-b12) (build 1.8.0_191-b12)
# Java VM: Java HotSpot(TM) 64-Bit Server VM (25.191-b12 mixed mode windows-amd64 compressed oops)
# Failed to write core dump. Minidumps are not enabled by default on client versions of Windows
#

---------------  T H R E A D  ---------------

Current thread (0x0000000018f0a800):  JavaThread "C2 CompilerThread1" daemon [_thread_in_native, id=5276, stack(0x0000000019480000,0x0000000019580000)]

Stack: [0x0000000019480000,0x0000000019580000]
[error occurred during error reporting (printing stack bounds), id 0xc0000005]

Native frames: (J=compiled Java code, j=interpreted, Vv=VM code, C=native code)


Current CompileTask:
C2: 120041 4360   !   4       java.net.URLClassLoader$1::run (63 bytes)


---------------  P R O C E S S  ---------------

Java Threads: ( => current thread )
  0x000000001cc24000 JavaThread "DestroyJavaVM" [_thread_blocked, id=2812, stack(0x0000000004ef0000,0x0000000004ff0000)]
  0x000000001cc22800 JavaThread "http-nio-8888-AsyncTimeout" daemon [_thread_blocked, id=12344, stack(0x0000000021000000,0x0000000021100000)]
  0x000000001cc21800 JavaThread "http-nio-8888-Acceptor-0" daemon [_thread_in_native, id=10136, stack(0x0000000020f00000,0x0000000021000000)]
  0x000000001cc1f800 JavaThread "http-nio-8888-ClientPoller-1" daemon [_thread_in_native, id=10628, stack(0x0000000020e00000,0x0000000020f00000)]
  0x000000001cc24800 JavaThread "http-nio-8888-ClientPoller-0" daemon [_thread_in_native, id=3456, stack(0x0000000020d00000,0x0000000020e00000)]
  0x000000001cc23000 JavaThread "http-nio-8888-exec-10" daemon [_thread_blocked, id=320, stack(0x0000000020c00000,0x0000000020d00000)]
  0x0000000018eb4800 JavaThread "http-nio-8888-exec-9" daemon [_thread_blocked, id=5000, stack(0x0000000020b00000,0x0000000020c00000)]
  0x0000000018eb8000 JavaThread "http-nio-8888-exec-8" daemon [_thread_blocked, id=10088, stack(0x0000000020a00000,0x0000000020b00000)]
  0x0000000018eba800 JavaThread "http-nio-8888-exec-7" daemon [_thread_blocked, id=5520, stack(0x0000000020900000,0x0000000020a00000)]
  0x0000000018ebb000 JavaThread "http-nio-8888-exec-6" daemon [_thread_blocked, id=12364, stack(0x0000000020800000,0x0000000020900000)]
  0x0000000018eb5000 JavaThread "http-nio-8888-exec-5" daemon [_thread_blocked, id=4780, stack(0x0000000020700000,0x0000000020800000)]
  0x0000000018eb7800 JavaThread "http-nio-8888-exec-4" daemon [_thread_blocked, id=9180, stack(0x0000000020600000,0x0000000020700000)]
  0x0000000018eb6800 JavaThread "http-nio-8888-exec-3" daemon [_thread_blocked, id=11748, stack(0x0000000020500000,0x0000000020600000)]
  0x0000000018eb9000 JavaThread "http-nio-8888-exec-2" daemon [_thread_blocked, id=6184, stack(0x0000000020400000,0x0000000020500000)]
  0x0000000018eb6000 JavaThread "http-nio-8888-exec-1" daemon [_thread_blocked, id=12948, stack(0x0000000020300000,0x0000000020400000)]
  0x0000000018eb9800 JavaThread "NioBlockingSelector.BlockPoller-1" daemon [_thread_in_native, id=7352, stack(0x0000000020200000,0x0000000020300000)]
  0x0000000019bd9800 JavaThread "container-0" [_thread_blocked, id=3204, stack(0x000000001fb00000,0x000000001fc00000)]
  0x000000001dca2000 JavaThread "ContainerBackgroundProcessor[StandardEngine[Tomcat]]" daemon [_thread_blocked, id=9684, stack(0x000000001fa00000,0x000000001fb00000)]
  0x0000000018f6d000 JavaThread "Service Thread" daemon [_thread_blocked, id=12588, stack(0x0000000019680000,0x0000000019780000)]
  0x0000000018f0b800 JavaThread "C1 CompilerThread2" daemon [_thread_blocked, id=10644, stack(0x0000000019580000,0x0000000019680000)]
=>0x0000000018f0a800 JavaThread "C2 CompilerThread1" daemon [_thread_in_native, id=5276, stack(0x0000000019480000,0x0000000019580000)]
  0x0000000018f09000 JavaThread "C2 CompilerThread0" daemon [_thread_blocked, id=13136, stack(0x0000000019380000,0x0000000019480000)]
  0x0000000018ee5800 JavaThread "Monitor Ctrl-Break" daemon [_thread_in_native, id=1920, stack(0x0000000019280000,0x0000000019380000)]
  0x0000000018cb3800 JavaThread "Attach Listener" daemon [_thread_blocked, id=8612, stack(0x0000000019170000,0x0000000019270000)]
  0x00000000177c4800 JavaThread "Signal Dispatcher" daemon [_thread_blocked, id=10980, stack(0x0000000019070000,0x0000000019170000)]
  0x00000000051ed800 JavaThread "Finalizer" daemon [_thread_blocked, id=4420, stack(0x0000000018a00000,0x0000000018b00000)]
  0x00000000051e4800 JavaThread "Reference Handler" daemon [_thread_blocked, id=8568, stack(0x0000000018900000,0x0000000018a00000)]

Other Threads:
  0x0000000017777800 VMThread [stack: 0x0000000018800000,0x0000000018900000] [id=4108]
  0x0000000019065000 WatcherThread [stack: 0x00000000197a0000,0x00000000198a0000] [id=12400]

VM state:not at safepoint (normal execution)

VM Mutex/Monitor currently owned by a thread: None

Heap:
 PSYoungGen      total 124416K, used 94883K [0x00000000eb580000, 0x00000000f3f80000, 0x0000000100000000)
  eden space 116224K, 81% used [0x00000000eb580000,0x00000000f1228c30,0x00000000f2700000)
  from space 8192K, 0% used [0x00000000f3780000,0x00000000f3780000,0x00000000f3f80000)
  to   space 9728K, 0% used [0x00000000f2c80000,0x00000000f2c80000,0x00000000f3600000)
 ParOldGen       total 50688K, used 22211K [0x00000000c2000000, 0x00000000c5180000, 0x00000000eb580000)
  object space 50688K, 43% used [0x00000000c2000000,0x00000000c35b0f70,0x00000000c5180000)
 Metaspace       used 38992K, capacity 40394K, committed 40792K, reserved 1085440K
  class space    used 5043K, capacity 5337K, committed 5464K, reserved 1048576K

Card table byte_map: [0x00000000145b0000,0x00000000147b0000] byte_map_base: 0x0000000013fa0000

Marking Bits: (ParMarkBitMap*) 0x000000006dbb3e30
 Begin Bits: [0x0000000014d00000, 0x0000000015c80000)
 End Bits:   [0x0000000015c80000, 0x0000000016c00000)

Polling page: 0x0000000003280000

CodeCache: size=245760Kb used=14664Kb max_used=14664Kb free=231095Kb
 bounds [0x00000000051f0000, 0x0000000006060000, 0x00000000141f0000]
 total_blobs=4350 nmethods=3895 adapters=367
 compilation: enabled

Compilation events (10 events):
Event: 119.973 Thread 0x0000000018f0b800 4375       1       com.fasterxml.jackson.databind.AnnotationIntrospector::findNameForDeserialization (2 bytes)
Event: 119.973 Thread 0x0000000018f0b800 nmethod 4375 0x0000000006044bd0 code [0x0000000006044d20, 0x0000000006044e30]
Event: 119.973 Thread 0x0000000018f0b800 4376       1       com.fasterxml.jackson.databind.introspect.AnnotatedMethod::getAnnotated (5 bytes)
Event: 119.974 Thread 0x0000000018f0b800 nmethod 4376 0x0000000006044910 code [0x0000000006044a60, 0x0000000006044b70]
Event: 119.990 Thread 0x0000000018f0b800 4377       3       java.lang.Integer::toString (48 bytes)
Event: 119.991 Thread 0x0000000018f0b800 nmethod 4377 0x0000000006041f90 code [0x0000000006042160, 0x00000000060427a8]
Event: 119.996 Thread 0x0000000018f0b800 4378       3       java.nio.charset.CoderResult::isUnderflow (13 bytes)
Event: 119.996 Thread 0x0000000018f0b800 nmethod 4378 0x00000000060444d0 code [0x0000000006044620, 0x00000000060447d0]
Event: 119.997 Thread 0x0000000018f0b800 4379       1       java.nio.Buffer::capacity (5 bytes)
Event: 119.997 Thread 0x0000000018f0b800 nmethod 4379 0x0000000006041cd0 code [0x0000000006041e20, 0x0000000006041f30]

GC Heap History (10 events):
Event: 3.623 GC heap before
{Heap before GC invocations=8 (full 1):
 PSYoungGen      total 70144K, used 2272K [0x00000000eb580000, 0x00000000f3f80000, 0x0000000100000000)
  eden space 62464K, 0% used [0x00000000eb580000,0x00000000eb580000,0x00000000ef280000)
  from space 7680K, 29% used [0x00000000ef280000,0x00000000ef4b8000,0x00000000efa00000)
  to   space 8192K, 0% used [0x00000000f3780000,0x00000000f3780000,0x00000000f3f80000)
 ParOldGen       total 42496K, used 10421K [0x00000000c2000000, 0x00000000c4980000, 0x00000000eb580000)
  object space 42496K, 24% used [0x00000000c2000000,0x00000000c2a2d5d8,0x00000000c4980000)
 Metaspace       used 20655K, capacity 21122K, committed 21248K, reserved 1067008K
  class space    used 2648K, capacity 2797K, committed 2816K, reserved 1048576K
Event: 3.684 GC heap after
Heap after GC invocations=8 (full 1):
 PSYoungGen      total 70144K, used 0K [0x00000000eb580000, 0x00000000f3f80000, 0x0000000100000000)
  eden space 62464K, 0% used [0x00000000eb580000,0x00000000eb580000,0x00000000ef280000)
  from space 7680K, 0% used [0x00000000ef280000,0x00000000ef280000,0x00000000efa00000)
  to   space 8192K, 0% used [0x00000000f3780000,0x00000000f3780000,0x00000000f3f80000)
 ParOldGen       total 26624K, used 5148K [0x00000000c2000000, 0x00000000c3a00000, 0x00000000eb580000)
  object space 26624K, 19% used [0x00000000c2000000,0x00000000c25073d8,0x00000000c3a00000)
 Metaspace       used 20655K, capacity 21122K, committed 21248K, reserved 1067008K
  class space    used 2648K, capacity 2797K, committed 2816K, reserved 1048576K
}
Event: 6.474 GC heap before
{Heap before GC invocations=9 (full 1):
 PSYoungGen      total 70144K, used 62464K [0x00000000eb580000, 0x00000000f3f80000, 0x0000000100000000)
  eden space 62464K, 100% used [0x00000000eb580000,0x00000000ef280000,0x00000000ef280000)
  from space 7680K, 0% used [0x00000000ef280000,0x00000000ef280000,0x00000000efa00000)
  to   space 8192K, 0% used [0x00000000f3780000,0x00000000f3780000,0x00000000f3f80000)
 ParOldGen       total 26624K, used 5148K [0x00000000c2000000, 0x00000000c3a00000, 0x00000000eb580000)
  object space 26624K, 19% used [0x00000000c2000000,0x00000000c25073d8,0x00000000c3a00000)
 Metaspace       used 24694K, capacity 25306K, committed 25472K, reserved 1071104K
  class space    used 3187K, capacity 3357K, committed 3456K, reserved 1048576K
Event: 6.532 GC heap after
Heap after GC invocations=9 (full 1):
 PSYoungGen      total 124416K, used 8161K [0x00000000eb580000, 0x00000000f3f80000, 0x0000000100000000)
  eden space 116224K, 0% used [0x00000000eb580000,0x00000000eb580000,0x00000000f2700000)
  from space 8192K, 99% used [0x00000000f3780000,0x00000000f3f78760,0x00000000f3f80000)
  to   space 9728K, 0% used [0x00000000f2c80000,0x00000000f2c80000,0x00000000f3600000)
 ParOldGen       total 26624K, used 6638K [0x00000000c2000000, 0x00000000c3a00000, 0x00000000eb580000)
  object space 26624K, 24% used [0x00000000c2000000,0x00000000c267b8e0,0x00000000c3a00000)
 Metaspace       used 24694K, capacity 25306K, committed 25472K, reserved 1071104K
  class space    used 3187K, capacity 3357K, committed 3456K, reserved 1048576K
}
Event: 9.545 GC heap before
{Heap before GC invocations=10 (full 1):
 PSYoungGen      total 124416K, used 124385K [0x00000000eb580000, 0x00000000f3f80000, 0x0000000100000000)
  eden space 116224K, 100% used [0x00000000eb580000,0x00000000f2700000,0x00000000f2700000)
  from space 8192K, 99% used [0x00000000f3780000,0x00000000f3f78760,0x00000000f3f80000)
  to   space 9728K, 0% used [0x00000000f2c80000,0x00000000f2c80000,0x00000000f3600000)
 ParOldGen       total 26624K, used 6638K [0x00000000c2000000, 0x00000000c3a00000, 0x00000000eb580000)
  object space 26624K, 24% used [0x00000000c2000000,0x00000000c267b8e0,0x00000000c3a00000)
 Metaspace       used 32135K, capacity 33238K, committed 33664K, reserved 1079296K
  class space    used 4112K, capacity 4355K, committed 4480K, reserved 1048576K
Event: 9.572 GC heap after
Heap after GC invocations=10 (full 1):
 PSYoungGen      total 125952K, used 9727K [0x00000000eb580000, 0x00000000f3f80000, 0x0000000100000000)
  eden space 116224K, 0% used [0x00000000eb580000,0x00000000eb580000,0x00000000f2700000)
  from space 9728K, 99% used [0x00000000f2c80000,0x00000000f35ffec0,0x00000000f3600000)
  to   space 8192K, 0% used [0x00000000f3780000,0x00000000f3780000,0x00000000f3f80000)
 ParOldGen       total 26624K, used 13709K [0x00000000c2000000, 0x00000000c3a00000, 0x00000000eb580000)
  object space 26624K, 51% used [0x00000000c2000000,0x00000000c2d63490,0x00000000c3a00000)
 Metaspace       used 32135K, capacity 33238K, committed 33664K, reserved 1079296K
  class space    used 4112K, capacity 4355K, committed 4480K, reserved 1048576K
}
Event: 11.090 GC heap before
{Heap before GC invocations=11 (full 1):
 PSYoungGen      total 125952K, used 85632K [0x00000000eb580000, 0x00000000f3f80000, 0x0000000100000000)
  eden space 116224K, 65% used [0x00000000eb580000,0x00000000effa0178,0x00000000f2700000)
  from space 9728K, 99% used [0x00000000f2c80000,0x00000000f35ffec0,0x00000000f3600000)
  to   space 8192K, 0% used [0x00000000f3780000,0x00000000f3780000,0x00000000f3f80000)
 ParOldGen       total 26624K, used 13709K [0x00000000c2000000, 0x00000000c3a00000, 0x00000000eb580000)
  object space 26624K, 51% used [0x00000000c2000000,0x00000000c2d63490,0x00000000c3a00000)
 Metaspace       used 34216K, capacity 35336K, committed 35416K, reserved 1079296K
  class space    used 4397K, capacity 4632K, committed 4696K, reserved 1048576K
Event: 11.117 GC heap after
Heap after GC invocations=11 (full 1):
 PSYoungGen      total 124416K, used 8160K [0x00000000eb580000, 0x00000000f3f80000, 0x0000000100000000)
  eden space 116224K, 0% used [0x00000000eb580000,0x00000000eb580000,0x00000000f2700000)
  from space 8192K, 99% used [0x00000000f3780000,0x00000000f3f78040,0x00000000f3f80000)
  to   space 9728K, 0% used [0x00000000f2c80000,0x00000000f2c80000,0x00000000f3600000)
 ParOldGen       total 26624K, used 20874K [0x00000000c2000000, 0x00000000c3a00000, 0x00000000eb580000)
  object space 26624K, 78% used [0x00000000c2000000,0x00000000c3462be0,0x00000000c3a00000)
 Metaspace       used 34216K, capacity 35336K, committed 35416K, reserved 1079296K
  class space    used 4397K, capacity 4632K, committed 4696K, reserved 1048576K
}
Event: 11.117 GC heap before
{Heap before GC invocations=12 (full 2):
 PSYoungGen      total 124416K, used 8160K [0x00000000eb580000, 0x00000000f3f80000, 0x0000000100000000)
  eden space 116224K, 0% used [0x00000000eb580000,0x00000000eb580000,0x00000000f2700000)
  from space 8192K, 99% used [0x00000000f3780000,0x00000000f3f78040,0x00000000f3f80000)
  to   space 9728K, 0% used [0x00000000f2c80000,0x00000000f2c80000,0x00000000f3600000)
 ParOldGen       total 26624K, used 20874K [0x00000000c2000000, 0x00000000c3a00000, 0x00000000eb580000)
  object space 26624K, 78% used [0x00000000c2000000,0x00000000c3462be0,0x00000000c3a00000)
 Metaspace       used 34216K, capacity 35336K, committed 35416K, reserved 1079296K
  class space    used 4397K, capacity 4632K, committed 4696K, reserved 1048576K
Event: 11.215 GC heap after
Heap after GC invocations=12 (full 2):
 PSYoungGen      total 124416K, used 0K [0x00000000eb580000, 0x00000000f3f80000, 0x0000000100000000)
  eden space 116224K, 0% used [0x00000000eb580000,0x00000000eb580000,0x00000000f2700000)
  from space 8192K, 0% used [0x00000000f3780000,0x00000000f3780000,0x00000000f3f80000)
  to   space 9728K, 0% used [0x00000000f2c80000,0x00000000f2c80000,0x00000000f3600000)
 ParOldGen       total 50688K, used 22211K [0x00000000c2000000, 0x00000000c5180000, 0x00000000eb580000)
  object space 50688K, 43% used [0x00000000c2000000,0x00000000c35b0f70,0x00000000c5180000)
 Metaspace       used 34216K, capacity 35336K, committed 35416K, reserved 1079296K
  class space    used 4397K, capacity 4632K, committed 4696K, reserved 1048576K
}

Deoptimization events (10 events):
Event: 12.537 Thread 0x00000000050f4000 Uncommon trap: reason=class_check action=maybe_recompile pc=0x0000000005dec088 method=org.springframework.asm.ClassReader.readCode(Lorg/springframework/asm/MethodVisitor;Lorg/springframework/asm/Context;I)V @ 2482
Event: 12.592 Thread 0x00000000050f4000 Uncommon trap: reason=unstable_if action=reinterpret pc=0x000000000554ea54 method=org.springframework.util.ConcurrentReferenceHashMap$Segment.clear()V @ 4
Event: 12.610 Thread 0x00000000050f4000 Uncommon trap: reason=class_check action=maybe_recompile pc=0x0000000005361b94 method=java.util.AbstractList$Itr.hasNext()Z @ 8
Event: 12.658 Thread 0x00000000050f4000 Uncommon trap: reason=bimorphic action=maybe_recompile pc=0x00000000058c7a00 method=java.util.Hashtable.get(Ljava/lang/Object;)Ljava/lang/Object; @ 6
Event: 12.658 Thread 0x00000000050f4000 Uncommon trap: reason=bimorphic action=maybe_recompile pc=0x00000000058c7a00 method=java.util.Hashtable.get(Ljava/lang/Object;)Ljava/lang/Object; @ 6
Event: 17.019 Thread 0x0000000018eb6000 Uncommon trap: reason=unstable_if action=reinterpret pc=0x00000000057aa2e0 method=java.io.WinNTFileSystem.isLetter(C)Z @ 3
Event: 17.262 Thread 0x0000000018eb6000 Uncommon trap: reason=unstable_if action=reinterpret pc=0x0000000005474f48 method=java.lang.AbstractStringBuilder.append(Ljava/lang/String;)Ljava/lang/AbstractStringBuilder; @ 1
Event: 17.262 Thread 0x0000000018eb6000 Uncommon trap: reason=unstable_if action=reinterpret pc=0x0000000005423830 method=java.lang.AbstractStringBuilder.append(Ljava/lang/String;)Ljava/lang/AbstractStringBuilder; @ 1
Event: 119.857 Thread 0x0000000018eb9000 Uncommon trap: reason=unstable_if action=reinterpret pc=0x0000000005629110 method=java.util.concurrent.ConcurrentHashMap.get(Ljava/lang/Object;)Ljava/lang/Object; @ 76
Event: 119.857 Thread 0x0000000018eb9000 Uncommon trap: reason=class_check action=maybe_recompile pc=0x0000000005b01410 method=java.util.concurrent.ConcurrentHashMap.putVal(Ljava/lang/Object;Ljava/lang/Object;Z)Ljava/lang/Object; @ 192

Classes redefined (0 events):
No events

Internal exceptions (10 events):
Event: 17.073 Thread 0x0000000018eb6000 Exception <a 'java/lang/ClassNotFoundException': org/springframework/web/servlet/RequestToViewNameTranslatorCustomizer> (0x00000000f0764e60) thrown at [C:\re\workspace\8-2-build-windows-amd64-cygwin\jdk8u191\11896\hotspot\src\share\vm\classfile\systemDict
Event: 17.079 Thread 0x0000000018eb6000 Exception <a 'java/lang/ClassNotFoundException': java/lang/ObjectCustomizer> (0x00000000f07a2d18) thrown at [C:\re\workspace\8-2-build-windows-amd64-cygwin\jdk8u191\11896\hotspot\src\share\vm\classfile\systemDictionary.cpp, line 210]
Event: 17.083 Thread 0x0000000018eb6000 Exception <a 'java/lang/ClassNotFoundException': org/springframework/web/servlet/support/AbstractFlashMapManagerCustomizer> (0x00000000f07bd0b0) thrown at [C:\re\workspace\8-2-build-windows-amd64-cygwin\jdk8u191\11896\hotspot\src\share\vm\classfile\system
Event: 17.087 Thread 0x0000000018eb6000 Exception <a 'java/lang/ClassNotFoundException': org/springframework/web/servlet/support/SessionFlashMapManagerCustomizer> (0x00000000f07db458) thrown at [C:\re\workspace\8-2-build-windows-amd64-cygwin\jdk8u191\11896\hotspot\src\share\vm\classfile\systemD
Event: 17.090 Thread 0x0000000018eb6000 Exception <a 'java/lang/ClassNotFoundException': org/springframework/web/servlet/FlashMapManagerCustomizer> (0x00000000f07f1a30) thrown at [C:\re\workspace\8-2-build-windows-amd64-cygwin\jdk8u191\11896\hotspot\src\share\vm\classfile\systemDictionary.cpp, 
Event: 17.255 Thread 0x0000000018eb6000 Implicit null exception at 0x0000000005711a94 to 0x0000000005712929
Event: 17.255 Thread 0x0000000018eb6000 Exception <a 'java/lang/NullPointerException'> (0x00000000f0d61f40) thrown at [C:\re\workspace\8-2-build-windows-amd64-cygwin\jdk8u191\11896\hotspot\src\share\vm\runtime\sharedRuntime.cpp, line 605]
Event: 17.262 Thread 0x0000000018eb6000 Implicit null exception at 0x0000000005474b96 to 0x0000000005474f31
Event: 17.262 Thread 0x0000000018eb6000 Implicit null exception at 0x0000000005423459 to 0x0000000005423819
Event: 17.275 Thread 0x0000000018eb6000 Exception <a 'java/lang/NoSuchMethodError': java.lang.Object.lambda$thenComparing$36697e65$1(Ljava/util/Comparator;Ljava/lang/Object;Ljava/lang/Object;)I> (0x00000000f0e0c1e8) thrown at [C:\re\workspace\8-2-build-windows-amd64-cygwin\jdk8u191\11896\hotspo

Events (10 events):
Event: 119.996 Executing VM operation: RevokeBias
Event: 119.996 Executing VM operation: RevokeBias done
Event: 119.997 Executing VM operation: RevokeBias
Event: 119.997 Executing VM operation: RevokeBias done
Event: 119.999 Executing VM operation: RevokeBias
Event: 120.000 Executing VM operation: RevokeBias done
Event: 120.000 Executing VM operation: RevokeBias
Event: 120.000 Executing VM operation: RevokeBias done
Event: 120.000 Executing VM operation: RevokeBias
Event: 120.000 Executing VM operation: RevokeBias done


Dynamic libraries:
0x00007ff784890000 - 0x00007ff7848c7000 	E:\java\bin\java.exe
0x00007ffe89c30000 - 0x00007ffe89e10000 	C:\WINDOWS\SYSTEM32\ntdll.dll
0x00007ffe89980000 - 0x00007ffe89a2e000 	C:\WINDOWS\System32\KERNEL32.DLL
0x00007ffe86ce0000 - 0x00007ffe86f46000 	C:\WINDOWS\System32\KERNELBASE.dll
0x00007ffe892b0000 - 0x00007ffe89351000 	C:\WINDOWS\System32\ADVAPI32.dll
0x00007ffe897e0000 - 0x00007ffe8987d000 	C:\WINDOWS\System32\msvcrt.dll
0x00007ffe88da0000 - 0x00007ffe88dfb000 	C:\WINDOWS\System32\sechost.dll
0x00007ffe89ae0000 - 0x00007ffe89bff000 	C:\WINDOWS\System32\RPCRT4.dll
0x00007ffe88bb0000 - 0x00007ffe88d3f000 	C:\WINDOWS\System32\USER32.dll
0x00007ffe86cc0000 - 0x00007ffe86ce0000 	C:\WINDOWS\System32\win32u.dll
0x00007ffe89880000 - 0x00007ffe898a8000 	C:\WINDOWS\System32\GDI32.dll
0x00007ffe86b20000 - 0x00007ffe86cb3000 	C:\WINDOWS\System32\gdi32full.dll
0x00007ffe860e0000 - 0x00007ffe8617b000 	C:\WINDOWS\System32\msvcp_win.dll
0x00007ffe86f50000 - 0x00007ffe87046000 	C:\WINDOWS\System32\ucrtbase.dll
0x00007ffe7fef0000 - 0x00007ffe80159000 	C:\WINDOWS\WinSxS\amd64_microsoft.windows.common-controls_6595b64144ccf1df_6.0.16299.371_none_15c7d1789365a290\COMCTL32.dll
0x00007ffe89470000 - 0x00007ffe89778000 	C:\WINDOWS\System32\combase.dll
0x00007ffe868d0000 - 0x00007ffe86942000 	C:\WINDOWS\System32\bcryptPrimitives.dll
0x00007ffe89a30000 - 0x00007ffe89a5d000 	C:\WINDOWS\System32\IMM32.DLL
0x000000006dc40000 - 0x000000006dd12000 	E:\java\jre\bin\msvcr100.dll
0x000000006d390000 - 0x000000006dc34000 	E:\java\jre\bin\server\jvm.dll
0x00007ffe88e00000 - 0x00007ffe88e08000 	C:\WINDOWS\System32\PSAPI.DLL
0x00007ffe7f3d0000 - 0x00007ffe7f3d9000 	C:\WINDOWS\SYSTEM32\WSOCK32.dll
0x00007ffe89020000 - 0x00007ffe8908c000 	C:\WINDOWS\System32\WS2_32.dll
0x00007ffe83f30000 - 0x00007ffe83f53000 	C:\WINDOWS\SYSTEM32\WINMM.dll
0x00007ffe80fb0000 - 0x00007ffe80fba000 	C:\WINDOWS\SYSTEM32\VERSION.dll
0x00007ffe83f00000 - 0x00007ffe83f2a000 	C:\WINDOWS\SYSTEM32\WINMMBASE.dll
0x00007ffe86030000 - 0x00007ffe8607a000 	C:\WINDOWS\System32\cfgmgr32.dll
0x000000006d380000 - 0x000000006d38f000 	E:\java\jre\bin\verify.dll
0x000000006d350000 - 0x000000006d379000 	E:\java\jre\bin\java.dll
0x000000006d040000 - 0x000000006d063000 	E:\java\jre\bin\instrument.dll
0x000000006d330000 - 0x000000006d346000 	E:\java\jre\bin\zip.dll
0x00007ffe87550000 - 0x00007ffe88986000 	C:\WINDOWS\System32\SHELL32.dll
0x00007ffe89090000 - 0x00007ffe89136000 	C:\WINDOWS\System32\shcore.dll
0x00007ffe86180000 - 0x00007ffe868c7000 	C:\WINDOWS\System32\windows.storage.dll
0x00007ffe88d40000 - 0x00007ffe88d91000 	C:\WINDOWS\System32\shlwapi.dll
0x00007ffe85fc0000 - 0x00007ffe85fd1000 	C:\WINDOWS\System32\kernel.appcore.dll
0x00007ffe85fe0000 - 0x00007ffe8602c000 	C:\WINDOWS\System32\powrprof.dll
0x00007ffe85f80000 - 0x00007ffe85f9b000 	C:\WINDOWS\System32\profapi.dll
0x00007ffe7d7a0000 - 0x00007ffe7d7ba000 	E:\idea\IntelliJ IDEA Community Edition 2018.2.1\bin\breakgen64.dll
0x000000006d300000 - 0x000000006d31a000 	E:\java\jre\bin\net.dll
0x00007ffe85810000 - 0x00007ffe85876000 	C:\WINDOWS\system32\mswsock.dll
0x000000006d320000 - 0x000000006d32d000 	E:\java\jre\bin\management.dll
0x00007ffe64460000 - 0x00007ffe64476000 	C:\WINDOWS\system32\napinsp.dll
0x00007ffe63e20000 - 0x00007ffe63e3a000 	C:\WINDOWS\system32\pnrpnsp.dll
0x00007ffe810c0000 - 0x00007ffe810d8000 	C:\WINDOWS\system32\NLAapi.dll
0x00007ffe855e0000 - 0x00007ffe85696000 	C:\WINDOWS\SYSTEM32\DNSAPI.dll
0x00007ffe89140000 - 0x00007ffe89148000 	C:\WINDOWS\System32\NSI.dll
0x00007ffe855a0000 - 0x00007ffe855d9000 	C:\WINDOWS\SYSTEM32\IPHLPAPI.DLL
0x00007ffe69f00000 - 0x00007ffe69f0e000 	C:\WINDOWS\System32\winrnr.dll
0x00007ffe60e60000 - 0x00007ffe60e75000 	C:\WINDOWS\System32\wshbth.dll
0x00007ffe7cec0000 - 0x00007ffe7ceca000 	C:\Windows\System32\rasadhlp.dll
0x00007ffe7d1c0000 - 0x00007ffe7d230000 	C:\WINDOWS\System32\fwpuclnt.dll
0x00007ffe85ae0000 - 0x00007ffe85b05000 	C:\WINDOWS\SYSTEM32\bcrypt.dll
0x000000006d2e0000 - 0x000000006d2f1000 	E:\java\jre\bin\nio.dll
0x00007ffe859d0000 - 0x00007ffe859e7000 	C:\WINDOWS\SYSTEM32\CRYPTSP.dll
0x00007ffe85410000 - 0x00007ffe85443000 	C:\WINDOWS\system32\rsaenh.dll
0x00007ffe85eb0000 - 0x00007ffe85ed9000 	C:\WINDOWS\SYSTEM32\USERENV.dll
0x00007ffe859f0000 - 0x00007ffe859fb000 	C:\WINDOWS\SYSTEM32\CRYPTBASE.dll
0x00007ffe81230000 - 0x00007ffe81246000 	C:\WINDOWS\SYSTEM32\dhcpcsvc6.DLL
0x00007ffe81300000 - 0x00007ffe8131a000 	C:\WINDOWS\SYSTEM32\dhcpcsvc.DLL

VM Arguments:
jvm_args: -javaagent:E:\idea\IntelliJ IDEA Community Edition 2018.2.1\lib\idea_rt.jar=56032:E:\idea\IntelliJ IDEA Community Edition 2018.2.1\bin -Dfile.encoding=UTF-8 
java_command: Application
java_class_path (initial): E:\java\jre\lib\charsets.jar;E:\java\jre\lib\deploy.jar;E:\java\jre\lib\ext\access-bridge-64.jar;E:\java\jre\lib\ext\cldrdata.jar;E:\java\jre\lib\ext\dnsns.jar;E:\java\jre\lib\ext\jaccess.jar;E:\java\jre\lib\ext\jfxrt.jar;E:\java\jre\lib\ext\localedata.jar;E:\java\jre\lib\ext\nashorn.jar;E:\java\jre\lib\ext\sunec.jar;E:\java\jre\lib\ext\sunjce_provider.jar;E:\java\jre\lib\ext\sunmscapi.jar;E:\java\jre\lib\ext\sunpkcs11.jar;E:\java\jre\lib\ext\zipfs.jar;E:\java\jre\lib\javaws.jar;E:\java\jre\lib\jce.jar;E:\java\jre\lib\jfr.jar;E:\java\jre\lib\jfxswt.jar;E:\java\jre\lib\jsse.jar;E:\java\jre\lib\management-agent.jar;E:\java\jre\lib\plugin.jar;E:\java\jre\lib\resources.jar;E:\java\jre\lib\rt.jar;C:\Users\Administrator\workspace\muke\AutoTest\Chapter10\target\classes;C:\Users\Administrator\.m2\repository\org\springframework\boot\spring-boot-starter-web\2.0.0.RELEASE\spring-boot-starter-web-2.0.0.RELEASE.jar;C:\Users\Administrator\.m2\repository\org\springframework\boot\spring-boot-starter\2.0.0.RELEASE\spring-boot-starter-2.0.0.RELEASE.jar;C:\Users\Administrator\.m2\repository\org\springframework\boot\spring-boot\2.0.0.RELEASE\spring-boot-2.0.0.RELEASE.jar;C:\Users\Administrator\.m2\repository\org\springframework\boot\spring-boot-autoconfigure\2.0.0.RELEASE\spring-boot-autoconfigure-2.0.0.RELEASE.jar;C:\Users\Administrator\.m2\repository\org\springframework\boot\spring-boot-starter-logging\2.0.0.RELEASE\spring-boot-starter-logging-2.0.0.RELEASE.jar;C:\Users\Administrator\.m2\repository\ch\qos\logback\logback-classic\1.2.3\logback-classic-1.2.3.jar;C:\Users\Administrator\.m2\repository\ch\qos\logback\logback-core\1.2.3\logback-core-1.2.3.jar;C:\Users\Administrator\.m2\repository\org\apache\logging\log4j\log4j-to-slf4j\2.10.0\log4j-to-slf4j-2.10.0.jar;C:\Users\Administrator\.m2\repository\org\apache\logging\log4j\log4j-api\2.10.0\log4j-api-2.10.0.jar;C:\Users\Administrator\.m2\repository\org\slf4j\jul-to-slf4j\1.7.25\jul-to-slf4j-1.7.25.jar;C:\
Launcher Type: SUN_STANDARD

Environment Variables:
JAVA_HOME=E:\java
PATH=C:\WINDOWS\system32;C:\WINDOWS;C:\WINDOWS\System32\Wbem;C:\WINDOWS\System32\WindowsPowerShell\v1.0\;E:\java\bin;E:\java\jre\bin;C:\android-sdk_r24.4.1-windows\android-sdk-windows\tools;C:\android-sdk_r24.4.1-windows\android-sdk-windows\platform-tools;C:\Python27;C:\Python27\Scripts;C:\android-sdk_r24.4.1-windows\android-sdk-windows\build-tools\27.0.2;C:\Program Files (x86)\Appium;E:\Maven\apachemaven_95391\apache-maven-3.3.9\bin;E:\git\Git\cmd;C:\Users\Administrator\AppData\Local\Microsoft\WindowsApps;
USERNAME=Administrator
OS=Windows_NT
PROCESSOR_IDENTIFIER=Intel64 Family 6 Model 58 Stepping 9, GenuineIntel



---------------  S Y S T E M  ---------------

OS: Windows 10.0 , 64 bit Build 16299 (10.0.16299.15)

CPU:total 4 (initial active 4) (2 cores per cpu, 2 threads per core) family 6 model 58 stepping 9, cmov, cx8, fxsr, mmx, sse, sse2, sse3, ssse3, sse4.1, sse4.2, popcnt, avx, aes, clmul, erms, ht, tsc, tscinvbit, tscinv

Memory: 4k page, physical 4056144k(390440k free), swap 7144528k(5332k free)

vm_info: Java HotSpot(TM) 64-Bit Server VM (25.191-b12) for windows-amd64 JRE (1.8.0_191-b12), built on Oct  6 2018 09:29:03 by "java_re" with MS VC++ 10.0 (VS2010)

time: Fri Nov 30 16:51:46 2018
elapsed time: 120 seconds (0d 0h 2m 0s)

