#
# There is insufficient memory for the Java Runtime Environment to continue.
# Native memory allocation (malloc) failed to allocate 32744 bytes for ChunkPool::allocate
# Possible reasons:
#   The system is out of physical RAM or swap space
#   In 32 bit mode, the process size limit was hit
# Possible solutions:
#   Reduce memory load on the system
#   Increase physical memory or swap space
#   Check if swap backing store is full
#   Use 64 bit Java on a 64 bit OS
#   Decrease Java heap size (-Xmx/-Xms)
#   Decrease number of Java threads
#   Decrease Java thread stack sizes (-Xss)
#   Set larger code cache with -XX:ReservedCodeCacheSize=
# This output file may be truncated or incomplete.
#
#  Out of Memory Error (allocation.cpp:273), pid=5500, tid=0x0000000000001e30
#
# JRE version: Java(TM) SE Runtime Environment (8.0_191-b12) (build 1.8.0_191-b12)
# Java VM: Java HotSpot(TM) 64-Bit Server VM (25.191-b12 mixed mode windows-amd64 compressed oops)
# Failed to write core dump. Minidumps are not enabled by default on client versions of Windows
#

---------------  T H R E A D  ---------------

Current thread (0x000000001923c000):  JavaThread "C2 CompilerThread1" daemon [_thread_in_native, id=7728, stack(0x00000000197a0000,0x00000000198a0000)]

Stack: [0x00000000197a0000,0x00000000198a0000]
[error occurred during error reporting (printing stack bounds), id 0xc0000005]

Native frames: (J=compiled Java code, j=interpreted, Vv=VM code, C=native code)


Current CompileTask:
C2:   9797 3570       4       sun.reflect.annotation.AnnotationInvocationHandler::invoke (277 bytes)


---------------  P R O C E S S  ---------------

Java Threads: ( => current thread )
  0x000000001d754000 JavaThread "container-0" [_thread_blocked, id=7128, stack(0x000000001fdb0000,0x000000001feb0000)]
  0x000000001c923800 JavaThread "ContainerBackgroundProcessor[StandardEngine[Tomcat]]" daemon [_thread_blocked, id=12956, stack(0x000000001fcb0000,0x000000001fdb0000)]
  0x000000001939e000 JavaThread "localhost-startStop-1" daemon [_thread_blocked, id=10548, stack(0x000000001fbb0000,0x000000001fcb0000)]
  0x0000000019cde000 JavaThread "Tomcat-startStop-1" daemon [_thread_blocked, id=12372, stack(0x000000001ea80000,0x000000001eb80000)]
  0x00000000192e0800 JavaThread "Service Thread" daemon [_thread_blocked, id=11656, stack(0x00000000199a0000,0x0000000019aa0000)]
  0x000000001923d800 JavaThread "C1 CompilerThread2" daemon [_thread_in_native, id=7696, stack(0x00000000198a0000,0x00000000199a0000)]
=>0x000000001923c000 JavaThread "C2 CompilerThread1" daemon [_thread_in_native, id=7728, stack(0x00000000197a0000,0x00000000198a0000)]
  0x000000001923b800 JavaThread "C2 CompilerThread0" daemon [_thread_in_native, id=5432, stack(0x00000000196a0000,0x00000000197a0000)]
  0x000000001911f000 JavaThread "Monitor Ctrl-Break" daemon [_thread_in_native, id=5512, stack(0x00000000195a0000,0x00000000196a0000)]
  0x0000000017bae800 JavaThread "Attach Listener" daemon [_thread_blocked, id=8720, stack(0x00000000194a0000,0x00000000195a0000)]
  0x0000000017b62800 JavaThread "Signal Dispatcher" daemon [_thread_blocked, id=5696, stack(0x00000000193a0000,0x00000000194a0000)]
  0x00000000055ad800 JavaThread "Finalizer" daemon [_thread_blocked, id=3720, stack(0x0000000018da0000,0x0000000018ea0000)]
  0x00000000055a4800 JavaThread "Reference Handler" daemon [_thread_blocked, id=12636, stack(0x0000000018ca0000,0x0000000018da0000)]
  0x00000000054b4000 JavaThread "main" [_thread_in_vm, id=12628, stack(0x00000000051c0000,0x00000000052c0000)]

Other Threads:
  0x0000000017b17800 VMThread [stack: 0x0000000018ba0000,0x0000000018ca0000] [id=7876]
  0x000000001936f800 WatcherThread [stack: 0x0000000019aa0000,0x0000000019ba0000] [id=3340]

VM state:not at safepoint (normal execution)

VM Mutex/Monitor currently owned by a thread: None

Heap:
 PSYoungGen      total 119296K, used 79463K [0x00000000eb580000, 0x00000000f3e80000, 0x0000000100000000)
  eden space 109568K, 63% used [0x00000000eb580000,0x00000000ef99dea8,0x00000000f2080000)
  from space 9728K, 99% used [0x00000000f2b80000,0x00000000f34fc150,0x00000000f3500000)
  to   space 7680K, 0% used [0x00000000f3700000,0x00000000f3700000,0x00000000f3e80000)
 ParOldGen       total 31744K, used 17145K [0x00000000c2000000, 0x00000000c3f00000, 0x00000000eb580000)
  object space 31744K, 54% used [0x00000000c2000000,0x00000000c30be470,0x00000000c3f00000)
 Metaspace       used 33870K, capacity 35100K, committed 35328K, reserved 1079296K
  class space    used 4345K, capacity 4598K, committed 4608K, reserved 1048576K

Card table byte_map: [0x0000000014970000,0x0000000014b70000] byte_map_base: 0x0000000014360000

Marking Bits: (ParMarkBitMap*) 0x000000006dbb3e30
 Begin Bits: [0x00000000150c0000, 0x0000000016040000)
 End Bits:   [0x0000000016040000, 0x0000000016fc0000)

Polling page: 0x0000000000df0000

CodeCache: size=245760Kb used=11818Kb max_used=11818Kb free=233941Kb
 bounds [0x00000000055b0000, 0x0000000006150000, 0x00000000145b0000]
 total_blobs=3678 nmethods=3268 adapters=322
 compilation: enabled

Compilation events (10 events):
Event: 9.756 Thread 0x000000001923d800 3702       1       java.util.Collections$EmptySet::size (2 bytes)
Event: 9.756 Thread 0x000000001923d800 nmethod 3702 0x00000000061421d0 code [0x0000000006142320, 0x0000000006142430]
Event: 9.757 Thread 0x000000001923d800 3703       2       org.apache.logging.log4j.spi.AbstractLogger::narrow (21 bytes)
Event: 9.758 Thread 0x000000001923d800 nmethod 3703 0x0000000006142490 code [0x0000000006142600, 0x0000000006142848]
Event: 9.767 Thread 0x000000001923d800 3704   !   2       com.sun.proxy.$Proxy19::equals (39 bytes)
Event: 9.768 Thread 0x000000001923d800 nmethod 3704 0x0000000006142950 code [0x0000000006142ae0, 0x0000000006142eb8]
Event: 9.771 Thread 0x000000001923d800 3705       2       org.springframework.cglib.core.EmitUtils$12::processCase (37 bytes)
Event: 9.771 Thread 0x000000001923d800 nmethod 3705 0x0000000006143150 code [0x00000000061432c0, 0x00000000061434d8]
Event: 9.771 Thread 0x000000001923d800 3706       2       org.springframework.cglib.core.EmitUtils::access$800 (12 bytes)
Event: 9.772 Thread 0x000000001923d800 nmethod 3706 0x00000000061435d0 code [0x0000000006143720, 0x0000000006143868]

GC Heap History (10 events):
Event: 3.705 GC heap before
{Heap before GC invocations=6 (full 0):
 PSYoungGen      total 34304K, used 34291K [0x00000000eb580000, 0x00000000f0080000, 0x0000000100000000)
  eden space 31744K, 100% used [0x00000000eb580000,0x00000000ed480000,0x00000000ed480000)
  from space 2560K, 99% used [0x00000000ed480000,0x00000000ed6fcd90,0x00000000ed700000)
  to   space 6656K, 0% used [0x00000000efa00000,0x00000000efa00000,0x00000000f0080000)
 ParOldGen       total 42496K, used 8502K [0x00000000c2000000, 0x00000000c4980000, 0x00000000eb580000)
  object space 42496K, 20% used [0x00000000c2000000,0x00000000c284dbb8,0x00000000c4980000)
 Metaspace       used 20389K, capacity 20904K, committed 21248K, reserved 1067008K
  class space    used 2609K, capacity 2766K, committed 2816K, reserved 1048576K
Event: 3.721 GC heap after
Heap after GC invocations=6 (full 0):
 PSYoungGen      total 69120K, used 6653K [0x00000000eb580000, 0x00000000f0280000, 0x0000000100000000)
  eden space 62464K, 0% used [0x00000000eb580000,0x00000000eb580000,0x00000000ef280000)
  from space 6656K, 99% used [0x00000000efa00000,0x00000000f007f660,0x00000000f0080000)
  to   space 7680K, 0% used [0x00000000ef280000,0x00000000ef280000,0x00000000efa00000)
 ParOldGen       total 42496K, used 8967K [0x00000000c2000000, 0x00000000c4980000, 0x00000000eb580000)
  object space 42496K, 21% used [0x00000000c2000000,0x00000000c28c1f60,0x00000000c4980000)
 Metaspace       used 20389K, capacity 20904K, committed 21248K, reserved 1067008K
  class space    used 2609K, capacity 2766K, committed 2816K, reserved 1048576K
}
Event: 3.753 GC heap before
{Heap before GC invocations=7 (full 0):
 PSYoungGen      total 69120K, used 8671K [0x00000000eb580000, 0x00000000f0280000, 0x0000000100000000)
  eden space 62464K, 3% used [0x00000000eb580000,0x00000000eb778680,0x00000000ef280000)
  from space 6656K, 99% used [0x00000000efa00000,0x00000000f007f660,0x00000000f0080000)
  to   space 7680K, 0% used [0x00000000ef280000,0x00000000ef280000,0x00000000efa00000)
 ParOldGen       total 42496K, used 8967K [0x00000000c2000000, 0x00000000c4980000, 0x00000000eb580000)
  object space 42496K, 21% used [0x00000000c2000000,0x00000000c28c1f60,0x00000000c4980000)
 Metaspace       used 20591K, capacity 21128K, committed 21248K, reserved 1067008K
  class space    used 2637K, capacity 2798K, committed 2816K, reserved 1048576K
Event: 3.769 GC heap after
Heap after GC invocations=7 (full 0):
 PSYoungGen      total 70144K, used 2619K [0x00000000eb580000, 0x00000000f3e80000, 0x0000000100000000)
  eden space 62464K, 0% used [0x00000000eb580000,0x00000000eb580000,0x00000000ef280000)
  from space 7680K, 34% used [0x00000000ef280000,0x00000000ef50ed60,0x00000000efa00000)
  to   space 7680K, 0% used [0x00000000f3700000,0x00000000f3700000,0x00000000f3e80000)
 ParOldGen       total 42496K, used 10175K [0x00000000c2000000, 0x00000000c4980000, 0x00000000eb580000)
  object space 42496K, 23% used [0x00000000c2000000,0x00000000c29efc60,0x00000000c4980000)
 Metaspace       used 20591K, capacity 21128K, committed 21248K, reserved 1067008K
  class space    used 2637K, capacity 2798K, committed 2816K, reserved 1048576K
}
Event: 3.770 GC heap before
{Heap before GC invocations=8 (full 1):
 PSYoungGen      total 70144K, used 2619K [0x00000000eb580000, 0x00000000f3e80000, 0x0000000100000000)
  eden space 62464K, 0% used [0x00000000eb580000,0x00000000eb580000,0x00000000ef280000)
  from space 7680K, 34% used [0x00000000ef280000,0x00000000ef50ed60,0x00000000efa00000)
  to   space 7680K, 0% used [0x00000000f3700000,0x00000000f3700000,0x00000000f3e80000)
 ParOldGen       total 42496K, used 10175K [0x00000000c2000000, 0x00000000c4980000, 0x00000000eb580000)
  object space 42496K, 23% used [0x00000000c2000000,0x00000000c29efc60,0x00000000c4980000)
 Metaspace       used 20591K, capacity 21128K, committed 21248K, reserved 1067008K
  class space    used 2637K, capacity 2798K, committed 2816K, reserved 1048576K
Event: 3.864 GC heap after
Heap after GC invocations=8 (full 1):
 PSYoungGen      total 70144K, used 0K [0x00000000eb580000, 0x00000000f3e80000, 0x0000000100000000)
  eden space 62464K, 0% used [0x00000000eb580000,0x00000000eb580000,0x00000000ef280000)
  from space 7680K, 0% used [0x00000000ef280000,0x00000000ef280000,0x00000000efa00000)
  to   space 7680K, 0% used [0x00000000f3700000,0x00000000f3700000,0x00000000f3e80000)
 ParOldGen       total 31744K, used 8384K [0x00000000c2000000, 0x00000000c3f00000, 0x00000000eb580000)
  object space 31744K, 26% used [0x00000000c2000000,0x00000000c2830230,0x00000000c3f00000)
 Metaspace       used 20591K, capacity 21128K, committed 21248K, reserved 1067008K
  class space    used 2637K, capacity 2798K, committed 2816K, reserved 1048576K
}
Event: 5.771 GC heap before
{Heap before GC invocations=9 (full 1):
 PSYoungGen      total 70144K, used 62464K [0x00000000eb580000, 0x00000000f3e80000, 0x0000000100000000)
  eden space 62464K, 100% used [0x00000000eb580000,0x00000000ef280000,0x00000000ef280000)
  from space 7680K, 0% used [0x00000000ef280000,0x00000000ef280000,0x00000000efa00000)
  to   space 7680K, 0% used [0x00000000f3700000,0x00000000f3700000,0x00000000f3e80000)
 ParOldGen       total 31744K, used 8384K [0x00000000c2000000, 0x00000000c3f00000, 0x00000000eb580000)
  object space 31744K, 26% used [0x00000000c2000000,0x00000000c2830230,0x00000000c3f00000)
 Metaspace       used 24765K, capacity 25436K, committed 25728K, reserved 1071104K
  class space    used 3192K, capacity 3358K, committed 3456K, reserved 1048576K
Event: 5.785 GC heap after
Heap after GC invocations=9 (full 1):
 PSYoungGen      total 117248K, used 7661K [0x00000000eb580000, 0x00000000f3e80000, 0x0000000100000000)
  eden space 109568K, 0% used [0x00000000eb580000,0x00000000eb580000,0x00000000f2080000)
  from space 7680K, 99% used [0x00000000f3700000,0x00000000f3e7b680,0x00000000f3e80000)
  to   space 9728K, 0% used [0x00000000f2b80000,0x00000000f2b80000,0x00000000f3500000)
 ParOldGen       total 31744K, used 10557K [0x00000000c2000000, 0x00000000c3f00000, 0x00000000eb580000)
  object space 31744K, 33% used [0x00000000c2000000,0x00000000c2a4f758,0x00000000c3f00000)
 Metaspace       used 24765K, capacity 25436K, committed 25728K, reserved 1071104K
  class space    used 3192K, capacity 3358K, committed 3456K, reserved 1048576K
}
Event: 8.441 GC heap before
{Heap before GC invocations=10 (full 1):
 PSYoungGen      total 117248K, used 117229K [0x00000000eb580000, 0x00000000f3e80000, 0x0000000100000000)
  eden space 109568K, 100% used [0x00000000eb580000,0x00000000f2080000,0x00000000f2080000)
  from space 7680K, 99% used [0x00000000f3700000,0x00000000f3e7b680,0x00000000f3e80000)
  to   space 9728K, 0% used [0x00000000f2b80000,0x00000000f2b80000,0x00000000f3500000)
 ParOldGen       total 31744K, used 10557K [0x00000000c2000000, 0x00000000c3f00000, 0x00000000eb580000)
  object space 31744K, 33% used [0x00000000c2000000,0x00000000c2a4f758,0x00000000c3f00000)
 Metaspace       used 31908K, capacity 32988K, committed 33280K, reserved 1079296K
  class space    used 4080K, capacity 4282K, committed 4352K, reserved 1048576K
Event: 8.463 GC heap after
Heap after GC invocations=10 (full 1):
 PSYoungGen      total 119296K, used 9712K [0x00000000eb580000, 0x00000000f3e80000, 0x0000000100000000)
  eden space 109568K, 0% used [0x00000000eb580000,0x00000000eb580000,0x00000000f2080000)
  from space 9728K, 99% used [0x00000000f2b80000,0x00000000f34fc150,0x00000000f3500000)
  to   space 7680K, 0% used [0x00000000f3700000,0x00000000f3700000,0x00000000f3e80000)
 ParOldGen       total 31744K, used 17145K [0x00000000c2000000, 0x00000000c3f00000, 0x00000000eb580000)
  object space 31744K, 54% used [0x00000000c2000000,0x00000000c30be470,0x00000000c3f00000)
 Metaspace       used 31908K, capacity 32988K, committed 33280K, reserved 1079296K
  class space    used 4080K, capacity 4282K, committed 4352K, reserved 1048576K
}

Deoptimization events (10 events):
Event: 8.722 Thread 0x00000000054b4000 Uncommon trap: reason=class_check action=maybe_recompile pc=0x0000000005e2cfc8 method=org.springframework.asm.ClassReader.readCode(Lorg/springframework/asm/MethodVisitor;Lorg/springframework/asm/Context;I)V @ 1530
Event: 8.766 Thread 0x00000000054b4000 Uncommon trap: reason=class_check action=maybe_recompile pc=0x00000000056f18ac method=java.util.concurrent.ConcurrentHashMap.putVal(Ljava/lang/Object;Ljava/lang/Object;Z)Ljava/lang/Object; @ 192
Event: 8.818 Thread 0x00000000054b4000 Uncommon trap: reason=class_check action=maybe_recompile pc=0x00000000056f18ac method=java.util.concurrent.ConcurrentHashMap.putVal(Ljava/lang/Object;Ljava/lang/Object;Z)Ljava/lang/Object; @ 192
Event: 8.937 Thread 0x00000000054b4000 Uncommon trap: reason=class_check action=maybe_recompile pc=0x00000000056f18ac method=java.util.concurrent.ConcurrentHashMap.putVal(Ljava/lang/Object;Ljava/lang/Object;Z)Ljava/lang/Object; @ 192
Event: 8.990 Thread 0x00000000054b4000 Uncommon trap: reason=unstable_if action=reinterpret pc=0x0000000005ffd2d0 method=org.springframework.asm.Frame.merge(Lorg/springframework/asm/ClassWriter;I[II)Z @ 80
Event: 8.990 Thread 0x00000000054b4000 Uncommon trap: reason=unstable_if action=reinterpret pc=0x00000000060088e4 method=org.springframework.asm.Frame.merge(Lorg/springframework/asm/ClassWriter;I[II)Z @ 80
Event: 8.998 Thread 0x00000000054b4000 Uncommon trap: reason=range_check action=make_not_entrant pc=0x0000000005cb7604 method=java.lang.String.charAt(I)C @ 27
Event: 9.679 Thread 0x00000000054b4000 Uncommon trap: reason=class_check action=maybe_recompile pc=0x0000000005fa8f20 method=java.lang.reflect.Array.newInstance(Ljava/lang/Class;I)Ljava/lang/Object; @ 2
Event: 9.679 Thread 0x00000000054b4000 Uncommon trap: reason=class_check action=maybe_recompile pc=0x0000000005fa8f20 method=java.lang.reflect.Array.newInstance(Ljava/lang/Class;I)Ljava/lang/Object; @ 2
Event: 9.679 Thread 0x00000000054b4000 Uncommon trap: reason=class_check action=maybe_recompile pc=0x0000000005fa8f20 method=java.lang.reflect.Array.newInstance(Ljava/lang/Class;I)Ljava/lang/Object; @ 2

Classes redefined (0 events):
No events

Internal exceptions (10 events):
Event: 9.781 Thread 0x00000000054b4000 Exception <a 'java/lang/ClassNotFoundException': org/springframework/web/servlet/ViewResolverCustomizer> (0x00000000ef78c378) thrown at [C:\re\workspace\8-2-build-windows-amd64-cygwin\jdk8u191\11896\hotspot\src\share\vm\classfile\systemDictionary.cpp, lin
Event: 9.782 Thread 0x00000000054b4000 Exception <a 'java/lang/ClassNotFoundException': org/springframework/core/OrderedCustomizer> (0x00000000ef79afd0) thrown at [C:\re\workspace\8-2-build-windows-amd64-cygwin\jdk8u191\11896\hotspot\src\share\vm\classfile\systemDictionary.cpp, line 210]
Event: 9.783 Thread 0x00000000054b4000 Exception <a 'java/lang/ClassNotFoundException': org/springframework/web/context/ServletContextAwareCustomizer> (0x00000000ef7ae148) thrown at [C:\re\workspace\8-2-build-windows-amd64-cygwin\jdk8u191\11896\hotspot\src\share\vm\classfile\systemDictionary.c
Event: 9.783 Thread 0x00000000054b4000 Exception <a 'java/lang/ClassNotFoundException': org/springframework/context/ApplicationContextAwareCustomizer> (0x00000000ef7c1738) thrown at [C:\re\workspace\8-2-build-windows-amd64-cygwin\jdk8u191\11896\hotspot\src\share\vm\classfile\systemDictionary.c
Event: 9.785 Thread 0x00000000054b4000 Exception <a 'java/lang/ClassNotFoundException': java/lang/ObjectCustomizer> (0x00000000ef7d0bb8) thrown at [C:\re\workspace\8-2-build-windows-amd64-cygwin\jdk8u191\11896\hotspot\src\share\vm\classfile\systemDictionary.cpp, line 210]
Event: 9.786 Thread 0x00000000054b4000 Exception <a 'java/lang/ClassNotFoundException': org/springframework/boot/web/servlet/error/DefaultErrorAttributesCustomizer> (0x00000000ef7e9938) thrown at [C:\re\workspace\8-2-build-windows-amd64-cygwin\jdk8u191\11896\hotspot\src\share\vm\classfile\syst
Event: 9.787 Thread 0x00000000054b4000 Exception <a 'java/lang/ClassNotFoundException': org/springframework/boot/web/servlet/error/ErrorAttributesCustomizer> (0x00000000ef803de0) thrown at [C:\re\workspace\8-2-build-windows-amd64-cygwin\jdk8u191\11896\hotspot\src\share\vm\classfile\systemDicti
Event: 9.787 Thread 0x00000000054b4000 Exception <a 'java/lang/ClassNotFoundException': org/springframework/web/servlet/HandlerExceptionResolverCustomizer> (0x00000000ef8198d0) thrown at [C:\re\workspace\8-2-build-windows-amd64-cygwin\jdk8u191\11896\hotspot\src\share\vm\classfile\systemDiction
Event: 9.788 Thread 0x00000000054b4000 Exception <a 'java/lang/ClassNotFoundException': org/springframework/core/OrderedCustomizer> (0x00000000ef828af0) thrown at [C:\re\workspace\8-2-build-windows-amd64-cygwin\jdk8u191\11896\hotspot\src\share\vm\classfile\systemDictionary.cpp, line 210]
Event: 9.791 Thread 0x00000000054b4000 Exception <a 'java/lang/ClassNotFoundException': java/lang/ObjectCustomizer> (0x00000000ef83bc00) thrown at [C:\re\workspace\8-2-build-windows-amd64-cygwin\jdk8u191\11896\hotspot\src\share\vm\classfile\systemDictionary.cpp, line 210]

Events (10 events):
Event: 9.788 loading class org/springframework/core/OrderedCustomizer
Event: 9.788 loading class org/springframework/core/OrderedCustomizer done
Event: 9.788 loading class org/springframework/core/OrderedCustomizer
Event: 9.788 loading class org/springframework/core/OrderedCustomizer done
Event: 9.791 loading class java/lang/ObjectCustomizer
Event: 9.791 loading class java/lang/ObjectCustomizer done
Event: 9.791 loading class java/lang/ObjectCustomizer
Event: 9.791 loading class java/lang/ObjectCustomizer done
Event: 9.791 loading class org/springframework/boot/autoconfigure/web/servlet/error/AbstractErrorControllerCustomizer
Event: 9.791 loading class org/springframework/boot/autoconfigure/web/servlet/error/AbstractErrorControllerCustomizer done


Dynamic libraries:
0x00007ff784890000 - 0x00007ff7848c7000 	E:\java\bin\java.exe
0x00007ffe89c30000 - 0x00007ffe89e10000 	C:\WINDOWS\SYSTEM32\ntdll.dll
0x00007ffe89980000 - 0x00007ffe89a2e000 	C:\WINDOWS\System32\KERNEL32.DLL
0x00007ffe86ce0000 - 0x00007ffe86f46000 	C:\WINDOWS\System32\KERNELBASE.dll
0x00007ffe892b0000 - 0x00007ffe89351000 	C:\WINDOWS\System32\ADVAPI32.dll
0x00007ffe897e0000 - 0x00007ffe8987d000 	C:\WINDOWS\System32\msvcrt.dll
0x00007ffe88da0000 - 0x00007ffe88dfb000 	C:\WINDOWS\System32\sechost.dll
0x00007ffe89ae0000 - 0x00007ffe89bff000 	C:\WINDOWS\System32\RPCRT4.dll
0x00007ffe88bb0000 - 0x00007ffe88d3f000 	C:\WINDOWS\System32\USER32.dll
0x00007ffe86cc0000 - 0x00007ffe86ce0000 	C:\WINDOWS\System32\win32u.dll
0x00007ffe89880000 - 0x00007ffe898a8000 	C:\WINDOWS\System32\GDI32.dll
0x00007ffe86b20000 - 0x00007ffe86cb3000 	C:\WINDOWS\System32\gdi32full.dll
0x00007ffe860e0000 - 0x00007ffe8617b000 	C:\WINDOWS\System32\msvcp_win.dll
0x00007ffe86f50000 - 0x00007ffe87046000 	C:\WINDOWS\System32\ucrtbase.dll
0x00007ffe7fef0000 - 0x00007ffe80159000 	C:\WINDOWS\WinSxS\amd64_microsoft.windows.common-controls_6595b64144ccf1df_6.0.16299.371_none_15c7d1789365a290\COMCTL32.dll
0x00007ffe89470000 - 0x00007ffe89778000 	C:\WINDOWS\System32\combase.dll
0x00007ffe868d0000 - 0x00007ffe86942000 	C:\WINDOWS\System32\bcryptPrimitives.dll
0x00007ffe89a30000 - 0x00007ffe89a5d000 	C:\WINDOWS\System32\IMM32.DLL
0x000000006dc40000 - 0x000000006dd12000 	E:\java\jre\bin\msvcr100.dll
0x000000006d390000 - 0x000000006dc34000 	E:\java\jre\bin\server\jvm.dll
0x00007ffe88e00000 - 0x00007ffe88e08000 	C:\WINDOWS\System32\PSAPI.DLL
0x00007ffe83f30000 - 0x00007ffe83f53000 	C:\WINDOWS\SYSTEM32\WINMM.dll
0x00007ffe7f3d0000 - 0x00007ffe7f3d9000 	C:\WINDOWS\SYSTEM32\WSOCK32.dll
0x00007ffe80fb0000 - 0x00007ffe80fba000 	C:\WINDOWS\SYSTEM32\VERSION.dll
0x00007ffe89020000 - 0x00007ffe8908c000 	C:\WINDOWS\System32\WS2_32.dll
0x00007ffe83f00000 - 0x00007ffe83f2a000 	C:\WINDOWS\SYSTEM32\winmmbase.dll
0x00007ffe86030000 - 0x00007ffe8607a000 	C:\WINDOWS\System32\cfgmgr32.dll
0x000000006d380000 - 0x000000006d38f000 	E:\java\jre\bin\verify.dll
0x000000006d350000 - 0x000000006d379000 	E:\java\jre\bin\java.dll
0x000000006d040000 - 0x000000006d063000 	E:\java\jre\bin\instrument.dll
0x000000006d330000 - 0x000000006d346000 	E:\java\jre\bin\zip.dll
0x00007ffe87550000 - 0x00007ffe88986000 	C:\WINDOWS\System32\SHELL32.dll
0x00007ffe89090000 - 0x00007ffe89136000 	C:\WINDOWS\System32\shcore.dll
0x00007ffe86180000 - 0x00007ffe868c7000 	C:\WINDOWS\System32\windows.storage.dll
0x00007ffe88d40000 - 0x00007ffe88d91000 	C:\WINDOWS\System32\shlwapi.dll
0x00007ffe85fc0000 - 0x00007ffe85fd1000 	C:\WINDOWS\System32\kernel.appcore.dll
0x00007ffe85fe0000 - 0x00007ffe8602c000 	C:\WINDOWS\System32\powrprof.dll
0x00007ffe85f80000 - 0x00007ffe85f9b000 	C:\WINDOWS\System32\profapi.dll
0x00007ffe7d7a0000 - 0x00007ffe7d7ba000 	E:\idea\IntelliJ IDEA Community Edition 2018.2.1\bin\breakgen64.dll
0x000000006d300000 - 0x000000006d31a000 	E:\java\jre\bin\net.dll
0x00007ffe85810000 - 0x00007ffe85876000 	C:\WINDOWS\system32\mswsock.dll
0x000000006d320000 - 0x000000006d32d000 	E:\java\jre\bin\management.dll
0x00007ffe64460000 - 0x00007ffe64476000 	C:\WINDOWS\system32\napinsp.dll
0x00007ffe63e20000 - 0x00007ffe63e3a000 	C:\WINDOWS\system32\pnrpnsp.dll
0x00007ffe810c0000 - 0x00007ffe810d8000 	C:\WINDOWS\system32\NLAapi.dll
0x00007ffe855e0000 - 0x00007ffe85696000 	C:\WINDOWS\SYSTEM32\DNSAPI.dll
0x00007ffe89140000 - 0x00007ffe89148000 	C:\WINDOWS\System32\NSI.dll
0x00007ffe855a0000 - 0x00007ffe855d9000 	C:\WINDOWS\SYSTEM32\IPHLPAPI.DLL
0x00007ffe69f00000 - 0x00007ffe69f0e000 	C:\WINDOWS\System32\winrnr.dll
0x00007ffe60e60000 - 0x00007ffe60e75000 	C:\WINDOWS\System32\wshbth.dll
0x00007ffe7cec0000 - 0x00007ffe7ceca000 	C:\Windows\System32\rasadhlp.dll
0x00007ffe7d1c0000 - 0x00007ffe7d230000 	C:\WINDOWS\System32\fwpuclnt.dll
0x00007ffe85ae0000 - 0x00007ffe85b05000 	C:\WINDOWS\SYSTEM32\bcrypt.dll
0x000000006d2e0000 - 0x000000006d2f1000 	E:\java\jre\bin\nio.dll
0x00007ffe859d0000 - 0x00007ffe859e7000 	C:\WINDOWS\SYSTEM32\CRYPTSP.dll
0x00007ffe85410000 - 0x00007ffe85443000 	C:\WINDOWS\system32\rsaenh.dll
0x00007ffe85eb0000 - 0x00007ffe85ed9000 	C:\WINDOWS\SYSTEM32\USERENV.dll
0x00007ffe859f0000 - 0x00007ffe859fb000 	C:\WINDOWS\SYSTEM32\CRYPTBASE.dll
0x00007ffe81230000 - 0x00007ffe81246000 	C:\WINDOWS\SYSTEM32\dhcpcsvc6.DLL
0x00007ffe81300000 - 0x00007ffe8131a000 	C:\WINDOWS\SYSTEM32\dhcpcsvc.DLL

VM Arguments:
jvm_args: -javaagent:E:\idea\IntelliJ IDEA Community Edition 2018.2.1\lib\idea_rt.jar=56426:E:\idea\IntelliJ IDEA Community Edition 2018.2.1\bin -Dfile.encoding=UTF-8 
java_command: Application
java_class_path (initial): E:\java\jre\lib\charsets.jar;E:\java\jre\lib\deploy.jar;E:\java\jre\lib\ext\access-bridge-64.jar;E:\java\jre\lib\ext\cldrdata.jar;E:\java\jre\lib\ext\dnsns.jar;E:\java\jre\lib\ext\jaccess.jar;E:\java\jre\lib\ext\jfxrt.jar;E:\java\jre\lib\ext\localedata.jar;E:\java\jre\lib\ext\nashorn.jar;E:\java\jre\lib\ext\sunec.jar;E:\java\jre\lib\ext\sunjce_provider.jar;E:\java\jre\lib\ext\sunmscapi.jar;E:\java\jre\lib\ext\sunpkcs11.jar;E:\java\jre\lib\ext\zipfs.jar;E:\java\jre\lib\javaws.jar;E:\java\jre\lib\jce.jar;E:\java\jre\lib\jfr.jar;E:\java\jre\lib\jfxswt.jar;E:\java\jre\lib\jsse.jar;E:\java\jre\lib\management-agent.jar;E:\java\jre\lib\plugin.jar;E:\java\jre\lib\resources.jar;E:\java\jre\lib\rt.jar;C:\Users\Administrator\workspace\muke\AutoTest\Chapter10\target\classes;C:\Users\Administrator\.m2\repository\org\springframework\boot\spring-boot-starter-web\2.0.0.RELEASE\spring-boot-starter-web-2.0.0.RELEASE.jar;C:\Users\Administrator\.m2\repository\org\springframework\boot\spring-boot-starter\2.0.0.RELEASE\spring-boot-starter-2.0.0.RELEASE.jar;C:\Users\Administrator\.m2\repository\org\springframework\boot\spring-boot\2.0.0.RELEASE\spring-boot-2.0.0.RELEASE.jar;C:\Users\Administrator\.m2\repository\org\springframework\boot\spring-boot-autoconfigure\2.0.0.RELEASE\spring-boot-autoconfigure-2.0.0.RELEASE.jar;C:\Users\Administrator\.m2\repository\org\springframework\boot\spring-boot-starter-logging\2.0.0.RELEASE\spring-boot-starter-logging-2.0.0.RELEASE.jar;C:\Users\Administrator\.m2\repository\ch\qos\logback\logback-classic\1.2.3\logback-classic-1.2.3.jar;C:\Users\Administrator\.m2\repository\ch\qos\logback\logback-core\1.2.3\logback-core-1.2.3.jar;C:\Users\Administrator\.m2\repository\org\apache\logging\log4j\log4j-to-slf4j\2.10.0\log4j-to-slf4j-2.10.0.jar;C:\Users\Administrator\.m2\repository\org\apache\logging\log4j\log4j-api\2.10.0\log4j-api-2.10.0.jar;C:\Users\Administrator\.m2\repository\org\slf4j\jul-to-slf4j\1.7.25\jul-to-slf4j-1.7.25.jar;C:\
Launcher Type: SUN_STANDARD

Environment Variables:
JAVA_HOME=E:\java
PATH=C:\WINDOWS\system32;C:\WINDOWS;C:\WINDOWS\System32\Wbem;C:\WINDOWS\System32\WindowsPowerShell\v1.0\;E:\java\bin;E:\java\jre\bin;C:\android-sdk_r24.4.1-windows\android-sdk-windows\tools;C:\android-sdk_r24.4.1-windows\android-sdk-windows\platform-tools;C:\Python27;C:\Python27\Scripts;C:\android-sdk_r24.4.1-windows\android-sdk-windows\build-tools\27.0.2;C:\Program Files (x86)\Appium;E:\Maven\apachemaven_95391\apache-maven-3.3.9\bin;E:\git\Git\cmd;C:\Users\Administrator\AppData\Local\Microsoft\WindowsApps;
USERNAME=Administrator
OS=Windows_NT
PROCESSOR_IDENTIFIER=Intel64 Family 6 Model 58 Stepping 9, GenuineIntel



---------------  S Y S T E M  ---------------

OS: Windows 10.0 , 64 bit Build 16299 (10.0.16299.15)

CPU:total 4 (initial active 4) (2 cores per cpu, 2 threads per core) family 6 model 58 stepping 9, cmov, cx8, fxsr, mmx, sse, sse2, sse3, ssse3, sse4.1, sse4.2, popcnt, avx, aes, clmul, erms, ht, tsc, tscinvbit, tscinv

Memory: 4k page, physical 4056144k(417948k free), swap 7144528k(5124k free)

vm_info: Java HotSpot(TM) 64-Bit Server VM (25.191-b12) for windows-amd64 JRE (1.8.0_191-b12), built on Oct  6 2018 09:29:03 by "java_re" with MS VC++ 10.0 (VS2010)

time: Fri Nov 30 16:53:35 2018
elapsed time: 9 seconds (0d 0h 0m 9s)

