#
# There is insufficient memory for the Java Runtime Environment to continue.
# Native memory allocation (malloc) failed to allocate 984176 bytes for Chunk::new
# Possible reasons:
#   The system is out of physical RAM or swap space
#   In 32 bit mode, the process size limit was hit
# Possible solutions:
#   Reduce memory load on the system
#   Increase physical memory or swap space
#   Check if swap backing store is full
#   Use 64 bit Java on a 64 bit OS
#   Decrease Java heap size (-Xmx/-Xms)
#   Decrease number of Java threads
#   Decrease Java thread stack sizes (-Xss)
#   Set larger code cache with -XX:ReservedCodeCacheSize=
# This output file may be truncated or incomplete.
#
#  Out of Memory Error (allocation.cpp:390), pid=9176, tid=0x0000000000002658
#
# JRE version: Java(TM) SE Runtime Environment (8.0_191-b12) (build 1.8.0_191-b12)
# Java VM: Java HotSpot(TM) 64-Bit Server VM (25.191-b12 mixed mode windows-amd64 compressed oops)
# Failed to write core dump. Minidumps are not enabled by default on client versions of Windows
#

---------------  T H R E A D  ---------------

Current thread (0x0000000018f05800):  JavaThread "C2 CompilerThread0" daemon [_thread_in_native, id=9816, stack(0x0000000019370000,0x0000000019470000)]

Stack: [0x0000000019370000,0x0000000019470000]
[error occurred during error reporting (printing stack bounds), id 0xc0000005]

Native frames: (J=compiled Java code, j=interpreted, Vv=VM code, C=native code)


Current CompileTask:
C2:  14145 3906   !   4       org.springframework.util.ReflectionUtils::doWithMethods (176 bytes)


---------------  P R O C E S S  ---------------

Java Threads: ( => current thread )
  0x0000000018e7c000 JavaThread "DestroyJavaVM" [_thread_blocked, id=10508, stack(0x0000000004e80000,0x0000000004f80000)]
  0x0000000018e7b800 JavaThread "http-nio-8888-AsyncTimeout" daemon [_thread_blocked, id=9264, stack(0x0000000021450000,0x0000000021550000)]
  0x0000000018e7d800 JavaThread "http-nio-8888-Acceptor-0" daemon [_thread_in_native, id=8392, stack(0x0000000021350000,0x0000000021450000)]
  0x0000000018e80800 JavaThread "http-nio-8888-ClientPoller-1" daemon [_thread_in_native, id=3576, stack(0x0000000021250000,0x0000000021350000)]
  0x0000000018e7d000 JavaThread "http-nio-8888-ClientPoller-0" daemon [_thread_in_native, id=6220, stack(0x0000000021150000,0x0000000021250000)]
  0x0000000018e7a800 JavaThread "http-nio-8888-exec-10" daemon [_thread_blocked, id=860, stack(0x0000000021050000,0x0000000021150000)]
  0x0000000018ec8000 JavaThread "http-nio-8888-exec-9" daemon [_thread_blocked, id=3276, stack(0x0000000020f50000,0x0000000021050000)]
  0x0000000018ec7000 JavaThread "http-nio-8888-exec-8" daemon [_thread_blocked, id=4388, stack(0x0000000020e50000,0x0000000020f50000)]
  0x0000000018ec6800 JavaThread "http-nio-8888-exec-7" daemon [_thread_blocked, id=5556, stack(0x0000000020d50000,0x0000000020e50000)]
  0x0000000018ec5800 JavaThread "http-nio-8888-exec-6" daemon [_thread_blocked, id=4824, stack(0x0000000020c50000,0x0000000020d50000)]
  0x0000000018eca000 JavaThread "http-nio-8888-exec-5" daemon [_thread_blocked, id=11376, stack(0x0000000020b50000,0x0000000020c50000)]
  0x0000000018ec9800 JavaThread "http-nio-8888-exec-4" daemon [_thread_blocked, id=9568, stack(0x0000000020a50000,0x0000000020b50000)]
  0x0000000018ecb000 JavaThread "http-nio-8888-exec-3" daemon [_thread_blocked, id=1228, stack(0x0000000020950000,0x0000000020a50000)]
  0x0000000018ecc800 JavaThread "http-nio-8888-exec-2" daemon [_thread_blocked, id=11172, stack(0x0000000020850000,0x0000000020950000)]
  0x0000000018ecb800 JavaThread "http-nio-8888-exec-1" daemon [_thread_blocked, id=264, stack(0x0000000020750000,0x0000000020850000)]
  0x0000000018ec8800 JavaThread "NioBlockingSelector.BlockPoller-1" daemon [_thread_in_native, id=9168, stack(0x000000001feb0000,0x000000001ffb0000)]
  0x0000000019cc3800 JavaThread "container-0" [_thread_blocked, id=6728, stack(0x000000001f9b0000,0x000000001fab0000)]
  0x000000001ab4a000 JavaThread "ContainerBackgroundProcessor[StandardEngine[Tomcat]]" daemon [_thread_blocked, id=9280, stack(0x000000001f8b0000,0x000000001f9b0000)]
  0x00000000198b8800 JavaThread "localhost-startStop-1" daemon [_thread_blocked, id=12100, stack(0x000000001f7b0000,0x000000001f8b0000)]
  0x00000000199ac800 JavaThread "Tomcat-startStop-1" daemon [_thread_blocked, id=12016, stack(0x000000001f6b0000,0x000000001f7b0000)]
  0x0000000018f9a800 JavaThread "Service Thread" daemon [_thread_blocked, id=11568, stack(0x0000000019670000,0x0000000019770000)]
  0x0000000018f06800 JavaThread "C1 CompilerThread2" daemon [_thread_blocked, id=5368, stack(0x0000000019570000,0x0000000019670000)]
  0x0000000018f17000 JavaThread "C2 CompilerThread1" daemon [_thread_in_native, id=8292, stack(0x0000000019470000,0x0000000019570000)]
=>0x0000000018f05800 JavaThread "C2 CompilerThread0" daemon [_thread_in_native, id=9816, stack(0x0000000019370000,0x0000000019470000)]
  0x0000000018f0f000 JavaThread "Monitor Ctrl-Break" daemon [_thread_in_native, id=13104, stack(0x0000000019270000,0x0000000019370000)]
  0x000000001786e000 JavaThread "Attach Listener" daemon [_thread_blocked, id=4232, stack(0x0000000019170000,0x0000000019270000)]
  0x0000000018c7f800 JavaThread "Signal Dispatcher" daemon [_thread_blocked, id=7756, stack(0x0000000019070000,0x0000000019170000)]
  0x00000000177fb000 JavaThread "Finalizer" daemon [_thread_blocked, id=7900, stack(0x0000000018a70000,0x0000000018b70000)]
  0x0000000005266800 JavaThread "Reference Handler" daemon [_thread_blocked, id=4332, stack(0x0000000018970000,0x0000000018a70000)]

Other Threads:
  0x00000000177d7000 VMThread [stack: 0x0000000018870000,0x0000000018970000] [id=4020]
  0x000000001903a800 WatcherThread [stack: 0x0000000019770000,0x0000000019870000] [id=6204]

VM state:not at safepoint (normal execution)

VM Mutex/Monitor currently owned by a thread: None

Heap:
 PSYoungGen      total 178176K, used 78050K [0x00000000eb580000, 0x00000000f7c80000, 0x0000000100000000)
  eden space 164352K, 47% used [0x00000000eb580000,0x00000000f01b8ab0,0x00000000f5600000)
  from space 13824K, 0% used [0x00000000f6480000,0x00000000f6480000,0x00000000f7200000)
  to   space 14848K, 0% used [0x00000000f5600000,0x00000000f5600000,0x00000000f6480000)
 ParOldGen       total 30720K, used 21981K [0x00000000c2000000, 0x00000000c3e00000, 0x00000000eb580000)
  object space 30720K, 71% used [0x00000000c2000000,0x00000000c3577630,0x00000000c3e00000)
 Metaspace       used 37179K, capacity 38536K, committed 38616K, reserved 1083392K
  class space    used 4817K, capacity 5064K, committed 5080K, reserved 1048576K

Card table byte_map: [0x0000000014630000,0x0000000014830000] byte_map_base: 0x0000000014020000

Marking Bits: (ParMarkBitMap*) 0x000000006dbb3e30
 Begin Bits: [0x0000000014d80000, 0x0000000015d00000)
 End Bits:   [0x0000000015d00000, 0x0000000016c80000)

Polling page: 0x0000000004ca0000

CodeCache: size=245760Kb used=14300Kb max_used=14300Kb free=231459Kb
 bounds [0x0000000005270000, 0x0000000006080000, 0x0000000014270000]
 total_blobs=4191 nmethods=3762 adapters=341
 compilation: enabled

Compilation events (10 events):
Event: 14.011 Thread 0x0000000018f06800 4263       2       java.lang.reflect.Array::newInstance (6 bytes)
Event: 14.011 Thread 0x0000000018f06800 nmethod 4263 0x000000000606de90 code [0x000000000606dfe0, 0x000000000606e128]
Event: 14.011 Thread 0x0000000018f06800 4264   !   2       java.util.concurrent.ConcurrentHashMap::replaceNode (416 bytes)
Event: 14.013 Thread 0x0000000018f06800 nmethod 4264 0x000000000606e1d0 code [0x000000000606e400, 0x000000000606f088]
Event: 14.013 Thread 0x0000000018f06800 4261       2       org.springframework.util.ConcurrentReferenceHashMap$Segment::createReferenceArray (13 bytes)
Event: 14.013 Thread 0x0000000018f06800 nmethod 4261 0x000000000606fdd0 code [0x000000000606ff40, 0x0000000006070108]
Event: 14.013 Thread 0x0000000018f06800 4262       2       org.springframework.util.ConcurrentReferenceHashMap::getLoadFactor (5 bytes)
Event: 14.014 Thread 0x0000000018f06800 nmethod 4262 0x00000000060701d0 code [0x0000000006070320, 0x0000000006070470]
Event: 14.014 Thread 0x0000000018f06800 4265       2       java.util.concurrent.ConcurrentHashMap$BaseIterator::remove (37 bytes)
Event: 14.014 Thread 0x0000000018f06800 nmethod 4265 0x0000000006070510 code [0x0000000006070680, 0x00000000060708d8]

GC Heap History (10 events):
Event: 3.934 GC heap before
{Heap before GC invocations=8 (full 1):
 PSYoungGen      total 70144K, used 2500K [0x00000000eb580000, 0x00000000f3e80000, 0x0000000100000000)
  eden space 62464K, 0% used [0x00000000eb580000,0x00000000eb580000,0x00000000ef280000)
  from space 7680K, 32% used [0x00000000ef280000,0x00000000ef4f13a8,0x00000000efa00000)
  to   space 7680K, 0% used [0x00000000f3700000,0x00000000f3700000,0x00000000f3e80000)
 ParOldGen       total 42496K, used 10339K [0x00000000c2000000, 0x00000000c4980000, 0x00000000eb580000)
  object space 42496K, 24% used [0x00000000c2000000,0x00000000c2a18c40,0x00000000c4980000)
 Metaspace       used 20653K, capacity 21122K, committed 21248K, reserved 1067008K
  class space    used 2643K, capacity 2797K, committed 2816K, reserved 1048576K
Event: 3.993 GC heap after
Heap after GC invocations=8 (full 1):
 PSYoungGen      total 70144K, used 0K [0x00000000eb580000, 0x00000000f3e80000, 0x0000000100000000)
  eden space 62464K, 0% used [0x00000000eb580000,0x00000000eb580000,0x00000000ef280000)
  from space 7680K, 0% used [0x00000000ef280000,0x00000000ef280000,0x00000000efa00000)
  to   space 7680K, 0% used [0x00000000f3700000,0x00000000f3700000,0x00000000f3e80000)
 ParOldGen       total 30720K, used 8439K [0x00000000c2000000, 0x00000000c3e00000, 0x00000000eb580000)
  object space 30720K, 27% used [0x00000000c2000000,0x00000000c283dfc0,0x00000000c3e00000)
 Metaspace       used 20653K, capacity 21122K, committed 21248K, reserved 1067008K
  class space    used 2643K, capacity 2797K, committed 2816K, reserved 1048576K
}
Event: 6.121 GC heap before
{Heap before GC invocations=9 (full 1):
 PSYoungGen      total 70144K, used 62464K [0x00000000eb580000, 0x00000000f3e80000, 0x0000000100000000)
  eden space 62464K, 100% used [0x00000000eb580000,0x00000000ef280000,0x00000000ef280000)
  from space 7680K, 0% used [0x00000000ef280000,0x00000000ef280000,0x00000000efa00000)
  to   space 7680K, 0% used [0x00000000f3700000,0x00000000f3700000,0x00000000f3e80000)
 ParOldGen       total 30720K, used 8439K [0x00000000c2000000, 0x00000000c3e00000, 0x00000000eb580000)
  object space 30720K, 27% used [0x00000000c2000000,0x00000000c283dfc0,0x00000000c3e00000)
 Metaspace       used 24711K, capacity 25370K, committed 25472K, reserved 1071104K
  class space    used 3187K, capacity 3357K, committed 3456K, reserved 1048576K
Event: 6.133 GC heap after
Heap after GC invocations=9 (full 1):
 PSYoungGen      total 120832K, used 7662K [0x00000000eb580000, 0x00000000f3e80000, 0x0000000100000000)
  eden space 113152K, 0% used [0x00000000eb580000,0x00000000eb580000,0x00000000f2400000)
  from space 7680K, 99% used [0x00000000f3700000,0x00000000f3e7bb58,0x00000000f3e80000)
  to   space 9728K, 0% used [0x00000000f2b80000,0x00000000f2b80000,0x00000000f3500000)
 ParOldGen       total 30720K, used 10507K [0x00000000c2000000, 0x00000000c3e00000, 0x00000000eb580000)
  object space 30720K, 34% used [0x00000000c2000000,0x00000000c2a42e08,0x00000000c3e00000)
 Metaspace       used 24711K, capacity 25370K, committed 25472K, reserved 1071104K
  class space    used 3187K, capacity 3357K, committed 3456K, reserved 1048576K
}
Event: 9.203 GC heap before
{Heap before GC invocations=10 (full 1):
 PSYoungGen      total 120832K, used 120814K [0x00000000eb580000, 0x00000000f3e80000, 0x0000000100000000)
  eden space 113152K, 100% used [0x00000000eb580000,0x00000000f2400000,0x00000000f2400000)
  from space 7680K, 99% used [0x00000000f3700000,0x00000000f3e7bb58,0x00000000f3e80000)
  to   space 9728K, 0% used [0x00000000f2b80000,0x00000000f2b80000,0x00000000f3500000)
 ParOldGen       total 30720K, used 10507K [0x00000000c2000000, 0x00000000c3e00000, 0x00000000eb580000)
  object space 30720K, 34% used [0x00000000c2000000,0x00000000c2a42e08,0x00000000c3e00000)
 Metaspace       used 32021K, capacity 33118K, committed 33280K, reserved 1079296K
  class space    used 4096K, capacity 4319K, committed 4352K, reserved 1048576K
Event: 9.225 GC heap after
Heap after GC invocations=10 (full 1):
 PSYoungGen      total 130560K, used 9713K [0x00000000eb580000, 0x00000000f7200000, 0x0000000100000000)
  eden space 120832K, 0% used [0x00000000eb580000,0x00000000eb580000,0x00000000f2b80000)
  from space 9728K, 99% used [0x00000000f2b80000,0x00000000f34fc4b0,0x00000000f3500000)
  to   space 13824K, 0% used [0x00000000f6480000,0x00000000f6480000,0x00000000f7200000)
 ParOldGen       total 30720K, used 17313K [0x00000000c2000000, 0x00000000c3e00000, 0x00000000eb580000)
  object space 30720K, 56% used [0x00000000c2000000,0x00000000c30e86e0,0x00000000c3e00000)
 Metaspace       used 32021K, capacity 33118K, committed 33280K, reserved 1079296K
  class space    used 4096K, capacity 4319K, committed 4352K, reserved 1048576K
}
Event: 11.485 GC heap before
{Heap before GC invocations=11 (full 1):
 PSYoungGen      total 130560K, used 88434K [0x00000000eb580000, 0x00000000f7200000, 0x0000000100000000)
  eden space 120832K, 65% used [0x00000000eb580000,0x00000000f0260708,0x00000000f2b80000)
  from space 9728K, 99% used [0x00000000f2b80000,0x00000000f34fc4b0,0x00000000f3500000)
  to   space 13824K, 0% used [0x00000000f6480000,0x00000000f6480000,0x00000000f7200000)
 ParOldGen       total 30720K, used 17313K [0x00000000c2000000, 0x00000000c3e00000, 0x00000000eb580000)
  object space 30720K, 56% used [0x00000000c2000000,0x00000000c30e86e0,0x00000000c3e00000)
 Metaspace       used 34153K, capacity 35336K, committed 35416K, reserved 1079296K
  class space    used 4385K, capacity 4632K, committed 4696K, reserved 1048576K
Event: 11.523 GC heap after
Heap after GC invocations=11 (full 1):
 PSYoungGen      total 178176K, used 11082K [0x00000000eb580000, 0x00000000f7c80000, 0x0000000100000000)
  eden space 164352K, 0% used [0x00000000eb580000,0x00000000eb580000,0x00000000f5600000)
  from space 13824K, 80% used [0x00000000f6480000,0x00000000f6f52a40,0x00000000f7200000)
  to   space 14848K, 0% used [0x00000000f5600000,0x00000000f5600000,0x00000000f6480000)
 ParOldGen       total 30720K, used 21710K [0x00000000c2000000, 0x00000000c3e00000, 0x00000000eb580000)
  object space 30720K, 70% used [0x00000000c2000000,0x00000000c3533aa8,0x00000000c3e00000)
 Metaspace       used 34153K, capacity 35336K, committed 35416K, reserved 1079296K
  class space    used 4385K, capacity 4632K, committed 4696K, reserved 1048576K
}
Event: 11.523 GC heap before
{Heap before GC invocations=12 (full 2):
 PSYoungGen      total 178176K, used 11082K [0x00000000eb580000, 0x00000000f7c80000, 0x0000000100000000)
  eden space 164352K, 0% used [0x00000000eb580000,0x00000000eb580000,0x00000000f5600000)
  from space 13824K, 80% used [0x00000000f6480000,0x00000000f6f52a40,0x00000000f7200000)
  to   space 14848K, 0% used [0x00000000f5600000,0x00000000f5600000,0x00000000f6480000)
 ParOldGen       total 30720K, used 21710K [0x00000000c2000000, 0x00000000c3e00000, 0x00000000eb580000)
  object space 30720K, 70% used [0x00000000c2000000,0x00000000c3533aa8,0x00000000c3e00000)
 Metaspace       used 34153K, capacity 35336K, committed 35416K, reserved 1079296K
  class space    used 4385K, capacity 4632K, committed 4696K, reserved 1048576K
Event: 11.664 GC heap after
Heap after GC invocations=12 (full 2):
 PSYoungGen      total 178176K, used 0K [0x00000000eb580000, 0x00000000f7c80000, 0x0000000100000000)
  eden space 164352K, 0% used [0x00000000eb580000,0x00000000eb580000,0x00000000f5600000)
  from space 13824K, 0% used [0x00000000f6480000,0x00000000f6480000,0x00000000f7200000)
  to   space 14848K, 0% used [0x00000000f5600000,0x00000000f5600000,0x00000000f6480000)
 ParOldGen       total 30720K, used 21981K [0x00000000c2000000, 0x00000000c3e00000, 0x00000000eb580000)
  object space 30720K, 71% used [0x00000000c2000000,0x00000000c3577630,0x00000000c3e00000)
 Metaspace       used 34153K, capacity 35336K, committed 35416K, reserved 1079296K
  class space    used 4385K, capacity 4632K, committed 4696K, reserved 1048576K
}

Deoptimization events (10 events):
Event: 12.257 Thread 0x0000000005174000 Uncommon trap: reason=unstable_if action=reinterpret pc=0x0000000005ec7d48 method=java.lang.reflect.Modifier.toString(I)Ljava/lang/String; @ 123
Event: 12.609 Thread 0x0000000005174000 Uncommon trap: reason=unstable_if action=reinterpret pc=0x0000000005d2974c method=java.lang.Class$MethodArray.addIfNotPresent(Ljava/lang/reflect/Method;)V @ 19
Event: 13.622 Thread 0x0000000005174000 Uncommon trap: reason=class_check action=maybe_recompile pc=0x0000000005e19354 method=org.springframework.asm.ClassReader.readCode(Lorg/springframework/asm/MethodVisitor;Lorg/springframework/asm/Context;I)V @ 2482
Event: 13.622 Thread 0x0000000005174000 Uncommon trap: reason=class_check action=maybe_recompile pc=0x0000000005e19354 method=org.springframework.asm.ClassReader.readCode(Lorg/springframework/asm/MethodVisitor;Lorg/springframework/asm/Context;I)V @ 2482
Event: 13.622 Thread 0x0000000005174000 Uncommon trap: reason=class_check action=maybe_recompile pc=0x0000000005e19354 method=org.springframework.asm.ClassReader.readCode(Lorg/springframework/asm/MethodVisitor;Lorg/springframework/asm/Context;I)V @ 2482
Event: 13.622 Thread 0x0000000005174000 Uncommon trap: reason=class_check action=maybe_recompile pc=0x0000000005e19354 method=org.springframework.asm.ClassReader.readCode(Lorg/springframework/asm/MethodVisitor;Lorg/springframework/asm/Context;I)V @ 2482
Event: 13.633 Thread 0x0000000005174000 Uncommon trap: reason=unstable_if action=reinterpret pc=0x0000000005385680 method=java.lang.CharacterData.of(I)Ljava/lang/CharacterData; @ 4
Event: 13.928 Thread 0x0000000005174000 Uncommon trap: reason=unstable_if action=reinterpret pc=0x000000000560b1d4 method=org.springframework.util.ConcurrentReferenceHashMap$Segment.clear()V @ 4
Event: 14.008 Thread 0x0000000005174000 Uncommon trap: reason=bimorphic action=maybe_recompile pc=0x00000000059daa8c method=java.util.Hashtable.get(Ljava/lang/Object;)Ljava/lang/Object; @ 6
Event: 14.009 Thread 0x0000000005174000 Uncommon trap: reason=bimorphic action=maybe_recompile pc=0x00000000059daa8c method=java.util.Hashtable.get(Ljava/lang/Object;)Ljava/lang/Object; @ 6

Classes redefined (0 events):
No events

Internal exceptions (10 events):
Event: 12.381 Thread 0x0000000005174000 Exception <a 'java/lang/ClassNotFoundException': org/springframework/context/annotation/ConfigurationClassEnhancer$EnhancedConfigurationCustomizer> (0x00000000ed007870) thrown at [C:\re\workspace\8-2-build-windows-amd64-cygwin\jdk8u191\11896\hotspot\src\s
Event: 12.409 Thread 0x0000000005174000 Exception <a 'java/lang/ClassNotFoundException': org/springframework/boot/web/client/RestTemplateBuilderBeanInfo> (0x00000000ed0abab8) thrown at [C:\re\workspace\8-2-build-windows-amd64-cygwin\jdk8u191\11896\hotspot\src\share\vm\classfile\systemDictionary
Event: 12.410 Thread 0x0000000005174000 Exception <a 'java/lang/ClassNotFoundException': org/springframework/boot/web/client/RestTemplateBuilderCustomizer> (0x00000000ed0be488) thrown at [C:\re\workspace\8-2-build-windows-amd64-cygwin\jdk8u191\11896\hotspot\src\share\vm\classfile\systemDictiona
Event: 12.416 Thread 0x0000000005174000 Exception <a 'java/lang/ClassNotFoundException': java/lang/ObjectCustomizer> (0x00000000ed0f3428) thrown at [C:\re\workspace\8-2-build-windows-amd64-cygwin\jdk8u191\11896\hotspot\src\share\vm\classfile\systemDictionary.cpp, line 210]
Event: 12.417 Thread 0x0000000005174000 Exception <a 'java/lang/ClassNotFoundException': org/springframework/boot/autoconfigure/web/embedded/EmbeddedWebServerFactoryCustomizerAutoConfigurationCustomizer> (0x00000000ed113608) thrown at [C:\re\workspace\8-2-build-windows-amd64-cygwin\jdk8u191\118
Event: 12.418 Thread 0x0000000005174000 Exception <a 'java/lang/ClassNotFoundException': org/springframework/boot/autoconfigure/web/embedded/EmbeddedWebServerFactoryCustomizerAutoConfiguration$$EnhancerBySpringCGLIB$$470c9210Customizer> (0x00000000ed137988) thrown at [C:\re\workspace\8-2-build-
Event: 12.420 Thread 0x0000000005174000 Exception <a 'java/lang/ClassNotFoundException': org/springframework/context/annotation/ConfigurationClassEnhancer$EnhancedConfigurationCustomizer> (0x00000000ed157438) thrown at [C:\re\workspace\8-2-build-windows-amd64-cygwin\jdk8u191\11896\hotspot\src\s
Event: 12.424 Thread 0x0000000005174000 Exception <a 'java/lang/ClassNotFoundException': java/lang/ObjectCustomizer> (0x00000000ed171dc0) thrown at [C:\re\workspace\8-2-build-windows-amd64-cygwin\jdk8u191\11896\hotspot\src\share\vm\classfile\systemDictionary.cpp, line 210]
Event: 12.425 Thread 0x0000000005174000 Exception <a 'java/lang/ClassNotFoundException': org/springframework/web/multipart/support/StandardServletMultipartResolverCustomizer> (0x00000000ed18c4f8) thrown at [C:\re\workspace\8-2-build-windows-amd64-cygwin\jdk8u191\11896\hotspot\src\share\vm\class
Event: 12.426 Thread 0x0000000005174000 Exception <a 'java/lang/ClassNotFoundException': org/springframework/web/multipart/MultipartResolverCustomizer> (0x00000000ed1a3a30) thrown at [C:\re\workspace\8-2-build-windows-amd64-cygwin\jdk8u191\11896\hotspot\src\share\vm\classfile\systemDictionary.c

Events (10 events):
Event: 14.024 loading class org/springframework/util/StopWatch$TaskInfo
Event: 14.024 loading class org/springframework/util/StopWatch$TaskInfo done
Event: 14.025 loading class org/apache/logging/log4j/message/ObjectMessage
Event: 14.025 loading class org/apache/logging/log4j/message/ObjectMessage done
Event: 14.028 loading class org/springframework/boot/ApplicationRunner
Event: 14.028 loading class org/springframework/boot/ApplicationRunner done
Event: 14.029 loading class org/springframework/boot/CommandLineRunner
Event: 14.029 loading class org/springframework/boot/CommandLineRunner done
Event: 14.032 Thread 0x0000000005174000 Thread exited: 0x0000000005174000
Event: 14.032 Thread 0x0000000018e7c000 Thread added: 0x0000000018e7c000


Dynamic libraries:
0x00007ff784890000 - 0x00007ff7848c7000 	E:\java\bin\java.exe
0x00007ffe89c30000 - 0x00007ffe89e10000 	C:\WINDOWS\SYSTEM32\ntdll.dll
0x00007ffe89980000 - 0x00007ffe89a2e000 	C:\WINDOWS\System32\KERNEL32.DLL
0x00007ffe86ce0000 - 0x00007ffe86f46000 	C:\WINDOWS\System32\KERNELBASE.dll
0x00007ffe892b0000 - 0x00007ffe89351000 	C:\WINDOWS\System32\ADVAPI32.dll
0x00007ffe897e0000 - 0x00007ffe8987d000 	C:\WINDOWS\System32\msvcrt.dll
0x00007ffe88da0000 - 0x00007ffe88dfb000 	C:\WINDOWS\System32\sechost.dll
0x00007ffe89ae0000 - 0x00007ffe89bff000 	C:\WINDOWS\System32\RPCRT4.dll
0x00007ffe88bb0000 - 0x00007ffe88d3f000 	C:\WINDOWS\System32\USER32.dll
0x00007ffe86cc0000 - 0x00007ffe86ce0000 	C:\WINDOWS\System32\win32u.dll
0x00007ffe89880000 - 0x00007ffe898a8000 	C:\WINDOWS\System32\GDI32.dll
0x00007ffe86b20000 - 0x00007ffe86cb3000 	C:\WINDOWS\System32\gdi32full.dll
0x00007ffe860e0000 - 0x00007ffe8617b000 	C:\WINDOWS\System32\msvcp_win.dll
0x00007ffe86f50000 - 0x00007ffe87046000 	C:\WINDOWS\System32\ucrtbase.dll
0x00007ffe7fef0000 - 0x00007ffe80159000 	C:\WINDOWS\WinSxS\amd64_microsoft.windows.common-controls_6595b64144ccf1df_6.0.16299.371_none_15c7d1789365a290\COMCTL32.dll
0x00007ffe89470000 - 0x00007ffe89778000 	C:\WINDOWS\System32\combase.dll
0x00007ffe868d0000 - 0x00007ffe86942000 	C:\WINDOWS\System32\bcryptPrimitives.dll
0x00007ffe89a30000 - 0x00007ffe89a5d000 	C:\WINDOWS\System32\IMM32.DLL
0x000000006dc40000 - 0x000000006dd12000 	E:\java\jre\bin\msvcr100.dll
0x000000006d390000 - 0x000000006dc34000 	E:\java\jre\bin\server\jvm.dll
0x00007ffe88e00000 - 0x00007ffe88e08000 	C:\WINDOWS\System32\PSAPI.DLL
0x00007ffe80fb0000 - 0x00007ffe80fba000 	C:\WINDOWS\SYSTEM32\VERSION.dll
0x00007ffe83f30000 - 0x00007ffe83f53000 	C:\WINDOWS\SYSTEM32\WINMM.dll
0x00007ffe7f3d0000 - 0x00007ffe7f3d9000 	C:\WINDOWS\SYSTEM32\WSOCK32.dll
0x00007ffe89020000 - 0x00007ffe8908c000 	C:\WINDOWS\System32\WS2_32.dll
0x00007ffe83f00000 - 0x00007ffe83f2a000 	C:\WINDOWS\SYSTEM32\WINMMBASE.dll
0x00007ffe86030000 - 0x00007ffe8607a000 	C:\WINDOWS\System32\cfgmgr32.dll
0x000000006d380000 - 0x000000006d38f000 	E:\java\jre\bin\verify.dll
0x000000006d350000 - 0x000000006d379000 	E:\java\jre\bin\java.dll
0x000000006d040000 - 0x000000006d063000 	E:\java\jre\bin\instrument.dll
0x000000006d330000 - 0x000000006d346000 	E:\java\jre\bin\zip.dll
0x00007ffe87550000 - 0x00007ffe88986000 	C:\WINDOWS\System32\SHELL32.dll
0x00007ffe89090000 - 0x00007ffe89136000 	C:\WINDOWS\System32\shcore.dll
0x00007ffe86180000 - 0x00007ffe868c7000 	C:\WINDOWS\System32\windows.storage.dll
0x00007ffe88d40000 - 0x00007ffe88d91000 	C:\WINDOWS\System32\shlwapi.dll
0x00007ffe85fc0000 - 0x00007ffe85fd1000 	C:\WINDOWS\System32\kernel.appcore.dll
0x00007ffe85fe0000 - 0x00007ffe8602c000 	C:\WINDOWS\System32\powrprof.dll
0x00007ffe85f80000 - 0x00007ffe85f9b000 	C:\WINDOWS\System32\profapi.dll
0x00007ffe7d7a0000 - 0x00007ffe7d7ba000 	E:\idea\IntelliJ IDEA Community Edition 2018.2.1\bin\breakgen64.dll
0x000000006d300000 - 0x000000006d31a000 	E:\java\jre\bin\net.dll
0x00007ffe85810000 - 0x00007ffe85876000 	C:\WINDOWS\system32\mswsock.dll
0x000000006d320000 - 0x000000006d32d000 	E:\java\jre\bin\management.dll
0x00007ffe64460000 - 0x00007ffe64476000 	C:\WINDOWS\system32\napinsp.dll
0x00007ffe63e20000 - 0x00007ffe63e3a000 	C:\WINDOWS\system32\pnrpnsp.dll
0x00007ffe810c0000 - 0x00007ffe810d8000 	C:\WINDOWS\system32\NLAapi.dll
0x00007ffe855e0000 - 0x00007ffe85696000 	C:\WINDOWS\SYSTEM32\DNSAPI.dll
0x00007ffe89140000 - 0x00007ffe89148000 	C:\WINDOWS\System32\NSI.dll
0x00007ffe855a0000 - 0x00007ffe855d9000 	C:\WINDOWS\SYSTEM32\IPHLPAPI.DLL
0x00007ffe69f00000 - 0x00007ffe69f0e000 	C:\WINDOWS\System32\winrnr.dll
0x00007ffe60e60000 - 0x00007ffe60e75000 	C:\WINDOWS\System32\wshbth.dll
0x00007ffe7cec0000 - 0x00007ffe7ceca000 	C:\Windows\System32\rasadhlp.dll
0x00007ffe7d1c0000 - 0x00007ffe7d230000 	C:\WINDOWS\System32\fwpuclnt.dll
0x00007ffe85ae0000 - 0x00007ffe85b05000 	C:\WINDOWS\SYSTEM32\bcrypt.dll
0x000000006d2e0000 - 0x000000006d2f1000 	E:\java\jre\bin\nio.dll
0x00007ffe859d0000 - 0x00007ffe859e7000 	C:\WINDOWS\SYSTEM32\CRYPTSP.dll
0x00007ffe85410000 - 0x00007ffe85443000 	C:\WINDOWS\system32\rsaenh.dll
0x00007ffe85eb0000 - 0x00007ffe85ed9000 	C:\WINDOWS\SYSTEM32\USERENV.dll
0x00007ffe859f0000 - 0x00007ffe859fb000 	C:\WINDOWS\SYSTEM32\CRYPTBASE.dll
0x00007ffe81230000 - 0x00007ffe81246000 	C:\WINDOWS\SYSTEM32\dhcpcsvc6.DLL
0x00007ffe81300000 - 0x00007ffe8131a000 	C:\WINDOWS\SYSTEM32\dhcpcsvc.DLL

VM Arguments:
jvm_args: -javaagent:E:\idea\IntelliJ IDEA Community Edition 2018.2.1\lib\idea_rt.jar=55651:E:\idea\IntelliJ IDEA Community Edition 2018.2.1\bin -Dfile.encoding=UTF-8 
java_command: Application
java_class_path (initial): E:\java\jre\lib\charsets.jar;E:\java\jre\lib\deploy.jar;E:\java\jre\lib\ext\access-bridge-64.jar;E:\java\jre\lib\ext\cldrdata.jar;E:\java\jre\lib\ext\dnsns.jar;E:\java\jre\lib\ext\jaccess.jar;E:\java\jre\lib\ext\jfxrt.jar;E:\java\jre\lib\ext\localedata.jar;E:\java\jre\lib\ext\nashorn.jar;E:\java\jre\lib\ext\sunec.jar;E:\java\jre\lib\ext\sunjce_provider.jar;E:\java\jre\lib\ext\sunmscapi.jar;E:\java\jre\lib\ext\sunpkcs11.jar;E:\java\jre\lib\ext\zipfs.jar;E:\java\jre\lib\javaws.jar;E:\java\jre\lib\jce.jar;E:\java\jre\lib\jfr.jar;E:\java\jre\lib\jfxswt.jar;E:\java\jre\lib\jsse.jar;E:\java\jre\lib\management-agent.jar;E:\java\jre\lib\plugin.jar;E:\java\jre\lib\resources.jar;E:\java\jre\lib\rt.jar;C:\Users\Administrator\workspace\muke\AutoTest\Chapter10\target\classes;C:\Users\Administrator\.m2\repository\org\springframework\boot\spring-boot-starter-web\2.0.0.RELEASE\spring-boot-starter-web-2.0.0.RELEASE.jar;C:\Users\Administrator\.m2\repository\org\springframework\boot\spring-boot-starter\2.0.0.RELEASE\spring-boot-starter-2.0.0.RELEASE.jar;C:\Users\Administrator\.m2\repository\org\springframework\boot\spring-boot\2.0.0.RELEASE\spring-boot-2.0.0.RELEASE.jar;C:\Users\Administrator\.m2\repository\org\springframework\boot\spring-boot-autoconfigure\2.0.0.RELEASE\spring-boot-autoconfigure-2.0.0.RELEASE.jar;C:\Users\Administrator\.m2\repository\org\springframework\boot\spring-boot-starter-logging\2.0.0.RELEASE\spring-boot-starter-logging-2.0.0.RELEASE.jar;C:\Users\Administrator\.m2\repository\ch\qos\logback\logback-classic\1.2.3\logback-classic-1.2.3.jar;C:\Users\Administrator\.m2\repository\ch\qos\logback\logback-core\1.2.3\logback-core-1.2.3.jar;C:\Users\Administrator\.m2\repository\org\apache\logging\log4j\log4j-to-slf4j\2.10.0\log4j-to-slf4j-2.10.0.jar;C:\Users\Administrator\.m2\repository\org\apache\logging\log4j\log4j-api\2.10.0\log4j-api-2.10.0.jar;C:\Users\Administrator\.m2\repository\org\slf4j\jul-to-slf4j\1.7.25\jul-to-slf4j-1.7.25.jar;C:\
Launcher Type: SUN_STANDARD

Environment Variables:
JAVA_HOME=E:\java
PATH=C:\WINDOWS\system32;C:\WINDOWS;C:\WINDOWS\System32\Wbem;C:\WINDOWS\System32\WindowsPowerShell\v1.0\;E:\java\bin;E:\java\jre\bin;C:\android-sdk_r24.4.1-windows\android-sdk-windows\tools;C:\android-sdk_r24.4.1-windows\android-sdk-windows\platform-tools;C:\Python27;C:\Python27\Scripts;C:\android-sdk_r24.4.1-windows\android-sdk-windows\build-tools\27.0.2;C:\Program Files (x86)\Appium;E:\Maven\apachemaven_95391\apache-maven-3.3.9\bin;E:\git\Git\cmd;C:\Users\Administrator\AppData\Local\Microsoft\WindowsApps;
USERNAME=Administrator
OS=Windows_NT
PROCESSOR_IDENTIFIER=Intel64 Family 6 Model 58 Stepping 9, GenuineIntel



---------------  S Y S T E M  ---------------

OS: Windows 10.0 , 64 bit Build 16299 (10.0.16299.15)

CPU:total 4 (initial active 4) (2 cores per cpu, 2 threads per core) family 6 model 58 stepping 9, cmov, cx8, fxsr, mmx, sse, sse2, sse3, ssse3, sse4.1, sse4.2, popcnt, avx, aes, clmul, erms, ht, tsc, tscinvbit, tscinv

Memory: 4k page, physical 4056144k(393904k free), swap 7144528k(4440k free)

vm_info: Java HotSpot(TM) 64-Bit Server VM (25.191-b12) for windows-amd64 JRE (1.8.0_191-b12), built on Oct  6 2018 09:29:03 by "java_re" with MS VC++ 10.0 (VS2010)

time: Fri Nov 30 16:46:13 2018
elapsed time: 14 seconds (0d 0h 0m 14s)

